ARM GAS  /tmp/ccnMuesV.s 			page 1


   1              		.cpu cortex-m3
   2              		.eabi_attribute 20, 1
   3              		.eabi_attribute 21, 1
   4              		.eabi_attribute 23, 3
   5              		.eabi_attribute 24, 1
   6              		.eabi_attribute 25, 1
   7              		.eabi_attribute 26, 1
   8              		.eabi_attribute 30, 4
   9              		.eabi_attribute 34, 1
  10              		.eabi_attribute 18, 4
  11              		.file	"blinky.c"
  12              		.text
  13              	.Ltext0:
  14              		.cfi_sections	.debug_frame
  15              		.section	.text.startup.main,"ax",%progbits
  16              		.align	1
  17              		.global	main
  18              		.arch armv7-m
  19              		.syntax unified
  20              		.thumb
  21              		.thumb_func
  22              		.fpu softvfp
  24              	main:
  25              	.LFB0:
  26              		.file 1 "blinky.c"
   1:blinky.c      **** /*
   2:blinky.c      ****  * Copyright 2010 Michael Ossmann
   3:blinky.c      ****  *
   4:blinky.c      ****  * This file is part of Project Ubertooth.
   5:blinky.c      ****  *
   6:blinky.c      ****  * This program is free software; you can redistribute it and/or modify
   7:blinky.c      ****  * it under the terms of the GNU General Public License as published by
   8:blinky.c      ****  * the Free Software Foundation; either version 2, or (at your option)
   9:blinky.c      ****  * any later version.
  10:blinky.c      ****  *
  11:blinky.c      ****  * This program is distributed in the hope that it will be useful,
  12:blinky.c      ****  * but WITHOUT ANY WARRANTY; without even the implied warranty of
  13:blinky.c      ****  * MERCHANTABILITY or FITNESS FOR A PARTICULAR PURPOSE.  See the
  14:blinky.c      ****  * GNU General Public License for more details.
  15:blinky.c      ****  *
  16:blinky.c      ****  * You should have received a copy of the GNU General Public License
  17:blinky.c      ****  * along with this program; see the file COPYING.  If not, write to
  18:blinky.c      ****  * the Free Software Foundation, Inc., 51 Franklin Street,
  19:blinky.c      ****  * Boston, MA 02110-1301, USA.
  20:blinky.c      ****  */
  21:blinky.c      **** 
  22:blinky.c      **** #include "ubertooth.h"
  23:blinky.c      **** 
  24:blinky.c      **** int main()
  25:blinky.c      **** {
  27              		.loc 1 25 1 view -0
  28              		.cfi_startproc
  29              		@ Volatile: function does not return.
  30              		@ args = 0, pretend = 0, frame = 0
  31              		@ frame_needed = 0, uses_anonymous_args = 0
  32 0000 80B5     		push	{r7, lr}
  33              		.cfi_def_cfa_offset 8
ARM GAS  /tmp/ccnMuesV.s 			page 2


  34              		.cfi_offset 7, -8
  35              		.cfi_offset 14, -4
  26:blinky.c      **** 	gpio_init();
  36              		.loc 1 26 2 view .LVU1
  27:blinky.c      **** 
  28:blinky.c      **** 	while (1) {
  29:blinky.c      **** 		USRLED_SET;
  37              		.loc 1 29 3 is_stmt 0 view .LVU2
  38 0002 0227     		movs	r7, #2
  26:blinky.c      **** 	gpio_init();
  39              		.loc 1 26 2 view .LVU3
  40 0004 FFF7FEFF 		bl	gpio_init
  41              	.LVL0:
  42              		.loc 1 29 3 view .LVU4
  43 0008 B846     		mov	r8, r7
  44 000a 094C     		ldr	r4, .L3
  45              	.L2:
  28:blinky.c      **** 		USRLED_SET;
  46              		.loc 1 28 2 is_stmt 1 discriminator 1 view .LVU5
  47              		.loc 1 29 3 discriminator 1 view .LVU6
  30:blinky.c      **** 		TXLED_SET;
  48              		.loc 1 30 3 is_stmt 0 discriminator 1 view .LVU7
  49 000c 4FF48076 		mov	r6, #256
  31:blinky.c      **** 		RXLED_SET;
  50              		.loc 1 31 3 discriminator 1 view .LVU8
  51 0010 1025     		movs	r5, #16
  29:blinky.c      **** 		TXLED_SET;
  52              		.loc 1 29 3 discriminator 1 view .LVU9
  53 0012 C4F80080 		str	r8, [r4]
  30:blinky.c      **** 		TXLED_SET;
  54              		.loc 1 30 3 is_stmt 1 discriminator 1 view .LVU10
  32:blinky.c      **** 		wait(1);
  55              		.loc 1 32 3 is_stmt 0 discriminator 1 view .LVU11
  56 0016 0120     		movs	r0, #1
  30:blinky.c      **** 		RXLED_SET;
  57              		.loc 1 30 3 discriminator 1 view .LVU12
  58 0018 2660     		str	r6, [r4]
  31:blinky.c      **** 		wait(1);
  59              		.loc 1 31 3 is_stmt 1 discriminator 1 view .LVU13
  60 001a 2560     		str	r5, [r4]
  61              		.loc 1 32 3 discriminator 1 view .LVU14
  62 001c FFF7FEFF 		bl	wait
  63              	.LVL1:
  33:blinky.c      **** 		USRLED_CLR;
  64              		.loc 1 33 3 discriminator 1 view .LVU15
  65 0020 044B     		ldr	r3, .L3+4
  34:blinky.c      **** 		TXLED_CLR;
  35:blinky.c      **** 		RXLED_CLR;
  36:blinky.c      **** 		wait(1);
  66              		.loc 1 36 3 is_stmt 0 discriminator 1 view .LVU16
  67 0022 0120     		movs	r0, #1
  33:blinky.c      **** 		USRLED_CLR;
  68              		.loc 1 33 3 discriminator 1 view .LVU17
  69 0024 1F60     		str	r7, [r3]
  34:blinky.c      **** 		TXLED_CLR;
  70              		.loc 1 34 3 is_stmt 1 discriminator 1 view .LVU18
  71 0026 1E60     		str	r6, [r3]
ARM GAS  /tmp/ccnMuesV.s 			page 3


  35:blinky.c      **** 		wait(1);
  72              		.loc 1 35 3 discriminator 1 view .LVU19
  73 0028 1D60     		str	r5, [r3]
  74              		.loc 1 36 3 discriminator 1 view .LVU20
  75 002a FFF7FEFF 		bl	wait
  76              	.LVL2:
  28:blinky.c      **** 		USRLED_SET;
  77              		.loc 1 28 8 discriminator 1 view .LVU21
  78 002e EDE7     		b	.L2
  79              	.L4:
  80              		.align	2
  81              	.L3:
  82 0030 38C00920 		.word	537509944
  83 0034 3CC00920 		.word	537509948
  84              		.cfi_endproc
  85              	.LFE0:
  87              		.text
  88              	.Letext0:
  89              		.file 2 "/usr/lib/gcc/arm-none-eabi/9.2.1/include/stdint.h"
  90              		.file 3 "../common/ubertooth.h"
ARM GAS  /tmp/ccnMuesV.s 			page 4


DEFINED SYMBOLS
                            *ABS*:0000000000000000 blinky.c
     /tmp/ccnMuesV.s:16     .text.startup.main:0000000000000000 $t
     /tmp/ccnMuesV.s:24     .text.startup.main:0000000000000000 main
     /tmp/ccnMuesV.s:82     .text.startup.main:0000000000000030 $d

UNDEFINED SYMBOLS
gpio_init
wait
