ARM GAS  /tmp/ccUJuCn0.s 			page 1


   1              		.cpu cortex-m3
   2              		.eabi_attribute 20, 1
   3              		.eabi_attribute 21, 1
   4              		.eabi_attribute 23, 3
   5              		.eabi_attribute 24, 1
   6              		.eabi_attribute 25, 1
   7              		.eabi_attribute 26, 1
   8              		.eabi_attribute 30, 2
   9              		.eabi_attribute 34, 1
  10              		.eabi_attribute 18, 4
  11              		.file	"hop.c"
  12              		.text
  13              	.Ltext0:
  14              		.cfi_sections	.debug_frame
  15              		.section	.text.hop_init,"ax",%progbits
  16              		.align	1
  17              		.p2align 2,,3
  18              		.global	hop_init
  19              		.arch armv7-m
  20              		.syntax unified
  21              		.thumb
  22              		.thumb_func
  23              		.fpu softvfp
  25              	hop_init:
  26              	.LVL0:
  27              	.LFB14:
  28              		.file 1 "src/btphy/hop.c"
   1:src/btphy/hop.c **** /* Hop functions
   2:src/btphy/hop.c ****  *
   3:src/btphy/hop.c ****  * Copyright 2012 Dominic Spill
   4:src/btphy/hop.c ****  * Copyright 2020 Etienne Helluy-Lafont, Univ. Lille, CNRS.
   5:src/btphy/hop.c ****  *
   6:src/btphy/hop.c ****  * This file is part of Project Ubertooth.
   7:src/btphy/hop.c ****  *
   8:src/btphy/hop.c ****  * This program is free software; you can redistribute it and/or modify
   9:src/btphy/hop.c ****  * it under the terms of the GNU General Public License as published by
  10:src/btphy/hop.c ****  * the Free Software Foundation; either version 2, or (at your option)
  11:src/btphy/hop.c ****  * any later version.
  12:src/btphy/hop.c ****  *
  13:src/btphy/hop.c ****  * This program is distributed in the hope that it will be useful,
  14:src/btphy/hop.c ****  * but WITHOUT ANY WARRANTY; without even the implied warranty of
  15:src/btphy/hop.c ****  * MERCHANTABILITY or FITNESS FOR A PARTICULAR PURPOSE.  See the
  16:src/btphy/hop.c ****  * GNU General Public License for more details.
  17:src/btphy/hop.c ****  *
  18:src/btphy/hop.c ****  * You should have received a copy of the GNU General Public License
  19:src/btphy/hop.c ****  * along with this program; see the file COPYING.  If not, write to
  20:src/btphy/hop.c ****  * the Free Software Foundation, Inc., 51 Franklin Street,
  21:src/btphy/hop.c ****  * Boston, MA 02110-1301, USA.
  22:src/btphy/hop.c ****  */
  23:src/btphy/hop.c **** #include <ubtbr/cfg.h>
  24:src/btphy/hop.c **** #include <ubtbr/debug.h>
  25:src/btphy/hop.c **** #include <ubtbr/hop.h>
  26:src/btphy/hop.c **** #include <ubtbr/btphy.h>
  27:src/btphy/hop.c **** 
  28:src/btphy/hop.c **** hop_state_t hop_state;
  29:src/btphy/hop.c **** 
  30:src/btphy/hop.c **** /* do all of the one time precalculation */
ARM GAS  /tmp/ccUJuCn0.s 			page 2


  31:src/btphy/hop.c **** void hop_init(uint32_t address)
  32:src/btphy/hop.c **** {
  29              		.loc 1 32 1 view -0
  30              		.cfi_startproc
  31              		@ args = 0, pretend = 0, frame = 0
  32              		@ frame_needed = 0, uses_anonymous_args = 0
  33              		@ link register save eliminated.
  34              		.loc 1 32 1 is_stmt 0 view .LVU1
  35 0000 F0B4     		push	{r4, r5, r6, r7}
  36              		.cfi_def_cfa_offset 16
  37              		.cfi_offset 4, -16
  38              		.cfi_offset 5, -12
  39              		.cfi_offset 6, -8
  40              		.cfi_offset 7, -4
  33:src/btphy/hop.c **** 	uint8_t i;
  41              		.loc 1 33 2 is_stmt 1 view .LVU2
  34:src/btphy/hop.c **** 
  35:src/btphy/hop.c **** 	/* populate frequency register bank */
  36:src/btphy/hop.c **** 	for (i = 0; i < NUM_BREDR_CHANNELS; i++)
  42              		.loc 1 36 2 view .LVU3
  43              	.LVL1:
  44              		.loc 1 36 14 view .LVU4
  32:src/btphy/hop.c **** 	uint8_t i;
  45              		.loc 1 32 1 is_stmt 0 view .LVU5
  46 0002 0022     		movs	r2, #0
  47 0004 2C49     		ldr	r1, .L5
  37:src/btphy/hop.c **** 	{
  38:src/btphy/hop.c **** 		hop_state.basic_bank[i] = ((i * 2) % NUM_BREDR_CHANNELS);
  48              		.loc 1 38 38 view .LVU6
  49 0006 2D4E     		ldr	r6, .L5+4
  50 0008 01F14F05 		add	r5, r1, #79
  51              	.LVL2:
  52              	.L2:
  53              		.loc 1 38 3 is_stmt 1 discriminator 3 view .LVU7
  54              		.loc 1 38 38 is_stmt 0 discriminator 3 view .LVU8
  55 000c A6FB0243 		umull	r4, r3, r6, r2
  56 0010 9B09     		lsrs	r3, r3, #6
  57 0012 03EB8304 		add	r4, r3, r3, lsl #2
  58 0016 C3EB0413 		rsb	r3, r3, r4, lsl #4
  59 001a D31A     		subs	r3, r2, r3
  60              		.loc 1 38 27 discriminator 3 view .LVU9
  61 001c 01F8013F 		strb	r3, [r1, #1]!
  62              	.LVL3:
  36:src/btphy/hop.c **** 	{
  63              		.loc 1 36 38 is_stmt 1 discriminator 3 view .LVU10
  36:src/btphy/hop.c **** 	{
  64              		.loc 1 36 14 discriminator 3 view .LVU11
  36:src/btphy/hop.c **** 	{
  65              		.loc 1 36 2 is_stmt 0 discriminator 3 view .LVU12
  66 0020 8D42     		cmp	r5, r1
  67 0022 02F10202 		add	r2, r2, #2
  68 0026 F1D1     		bne	.L2
  39:src/btphy/hop.c **** 	}
  40:src/btphy/hop.c **** 		/* actual frequency is 2402 + bank[i] MHz */
  41:src/btphy/hop.c **** 
  42:src/btphy/hop.c **** 	/* precalculate some of next_hop()'s variables */
  43:src/btphy/hop.c **** 	hop_state.a27_23 = (address >> 23) & 0x1f;
ARM GAS  /tmp/ccUJuCn0.s 			page 3


  69              		.loc 1 43 2 is_stmt 1 view .LVU13
  44:src/btphy/hop.c **** 	hop_state.a22_19 = (address >> 19) & 0x0f; 	// Addr22_19
  45:src/btphy/hop.c **** 	hop_state.C = ((address >> 4) & 0x10) |
  46:src/btphy/hop.c **** 			((address >> 3) & 0x08) |
  47:src/btphy/hop.c **** 			((address >> 2) & 0x04) |
  48:src/btphy/hop.c **** 			((address >> 1) & 0x02) |
  49:src/btphy/hop.c **** 			(address & 0x01);
  50:src/btphy/hop.c **** 	hop_state.a18_10 = (address >> 10) & 0x1ff;
  51:src/btphy/hop.c **** 	hop_state.E =	((address >> 7) & 0x40) +
  52:src/btphy/hop.c **** 			((address >> 6) & 0x20) +
  53:src/btphy/hop.c **** 			((address >> 5) & 0x10) +
  54:src/btphy/hop.c **** 			((address >> 4) & 0x08) +
  55:src/btphy/hop.c **** 			((address >> 3) & 0x04) +
  56:src/btphy/hop.c **** 			((address >> 2) & 0x02) +
  57:src/btphy/hop.c **** 			((address >> 1) & 0x01);
  58:src/btphy/hop.c **** 	hop_state.x = 0;
  70              		.loc 1 58 14 is_stmt 0 view .LVU14
  71 0028 0024     		movs	r4, #0
  59:src/btphy/hop.c **** 	hop_state.afh_enabled = 0;
  60:src/btphy/hop.c **** 	hop_state.bank = hop_state.basic_bank;
  61:src/btphy/hop.c **** 	hop_state.chan_count = NUM_BREDR_CHANNELS;
  72              		.loc 1 61 23 view .LVU15
  73 002a 4F25     		movs	r5, #79
  46:src/btphy/hop.c **** 			((address >> 2) & 0x04) |
  74              		.loc 1 46 20 view .LVU16
  75 002c C0F3C703 		ubfx	r3, r0, #3, #8
  45:src/btphy/hop.c **** 			((address >> 3) & 0x08) |
  76              		.loc 1 45 32 view .LVU17
  77 0030 C0F30716 		ubfx	r6, r0, #4, #8
  78 0034 06F01002 		and	r2, r6, #16
  46:src/btphy/hop.c **** 			((address >> 2) & 0x04) |
  79              		.loc 1 46 20 view .LVU18
  80 0038 03F0080C 		and	ip, r3, #8
  47:src/btphy/hop.c **** 			((address >> 1) & 0x02) |
  81              		.loc 1 47 20 view .LVU19
  82 003c C0F38707 		ubfx	r7, r0, #2, #8
  55:src/btphy/hop.c **** 			((address >> 2) & 0x02) +
  83              		.loc 1 55 20 view .LVU20
  84 0040 03F00401 		and	r1, r3, #4
  85              	.LVL4:
  45:src/btphy/hop.c **** 			((address >> 3) & 0x08) |
  86              		.loc 1 45 40 view .LVU21
  87 0044 42EA0C03 		orr	r3, r2, ip
  49:src/btphy/hop.c **** 	hop_state.a18_10 = (address >> 10) & 0x1ff;
  88              		.loc 1 49 13 view .LVU22
  89 0048 00F00102 		and	r2, r0, #1
  48:src/btphy/hop.c **** 			(address & 0x01);
  90              		.loc 1 48 20 view .LVU23
  91 004c C0F3470C 		ubfx	ip, r0, #1, #8
  48:src/btphy/hop.c **** 			(address & 0x01);
  92              		.loc 1 48 28 view .LVU24
  93 0050 1343     		orrs	r3, r3, r2
  47:src/btphy/hop.c **** 			((address >> 1) & 0x02) |
  94              		.loc 1 47 20 view .LVU25
  95 0052 07F00402 		and	r2, r7, #4
  56:src/btphy/hop.c **** 			((address >> 1) & 0x01);
  96              		.loc 1 56 20 view .LVU26
ARM GAS  /tmp/ccUJuCn0.s 			page 4


  97 0056 07F00207 		and	r7, r7, #2
  56:src/btphy/hop.c **** 			((address >> 1) & 0x01);
  98              		.loc 1 56 28 view .LVU27
  99 005a 3943     		orrs	r1, r1, r7
  48:src/btphy/hop.c **** 			(address & 0x01);
 100              		.loc 1 48 20 view .LVU28
 101 005c 0CF00207 		and	r7, ip, #2
  57:src/btphy/hop.c **** 	hop_state.x = 0;
 102              		.loc 1 57 20 view .LVU29
 103 0060 0CF0010C 		and	ip, ip, #1
  48:src/btphy/hop.c **** 			(address & 0x01);
 104              		.loc 1 48 28 view .LVU30
 105 0064 1343     		orrs	r3, r3, r2
  56:src/btphy/hop.c **** 			((address >> 1) & 0x01);
 106              		.loc 1 56 28 view .LVU31
 107 0066 6144     		add	r1, r1, ip
  51:src/btphy/hop.c **** 			((address >> 6) & 0x20) +
 108              		.loc 1 51 26 view .LVU32
 109 0068 C209     		lsrs	r2, r0, #7
  52:src/btphy/hop.c **** 			((address >> 5) & 0x10) +
 110              		.loc 1 52 14 view .LVU33
 111 006a 4FEA901C 		lsr	ip, r0, #6
  51:src/btphy/hop.c **** 			((address >> 6) & 0x20) +
 112              		.loc 1 51 32 view .LVU34
 113 006e 02F04002 		and	r2, r2, #64
  52:src/btphy/hop.c **** 			((address >> 5) & 0x10) +
 114              		.loc 1 52 20 view .LVU35
 115 0072 0CF0200C 		and	ip, ip, #32
  51:src/btphy/hop.c **** 			((address >> 6) & 0x20) +
 116              		.loc 1 51 40 view .LVU36
 117 0076 42EA0C02 		orr	r2, r2, ip
  56:src/btphy/hop.c **** 			((address >> 1) & 0x01);
 118              		.loc 1 56 28 view .LVU37
 119 007a 0A44     		add	r2, r2, r1
  53:src/btphy/hop.c **** 			((address >> 4) & 0x08) +
 120              		.loc 1 53 14 view .LVU38
 121 007c 4109     		lsrs	r1, r0, #5
  54:src/btphy/hop.c **** 			((address >> 3) & 0x04) +
 122              		.loc 1 54 20 view .LVU39
 123 007e 06F00806 		and	r6, r6, #8
  53:src/btphy/hop.c **** 			((address >> 4) & 0x08) +
 124              		.loc 1 53 20 view .LVU40
 125 0082 01F01001 		and	r1, r1, #16
  56:src/btphy/hop.c **** 			((address >> 1) & 0x01);
 126              		.loc 1 56 28 view .LVU41
 127 0086 3143     		orrs	r1, r1, r6
  48:src/btphy/hop.c **** 			(address & 0x01);
 128              		.loc 1 48 28 view .LVU42
 129 0088 1F43     		orrs	r7, r7, r3
  43:src/btphy/hop.c **** 	hop_state.a22_19 = (address >> 19) & 0x0f; 	// Addr22_19
 130              		.loc 1 43 19 view .LVU43
 131 008a 0D4B     		ldr	r3, .L5+8
  56:src/btphy/hop.c **** 			((address >> 1) & 0x01);
 132              		.loc 1 56 28 view .LVU44
 133 008c 0A44     		add	r2, r2, r1
  43:src/btphy/hop.c **** 	hop_state.a22_19 = (address >> 19) & 0x0f; 	// Addr22_19
 134              		.loc 1 43 37 view .LVU45
ARM GAS  /tmp/ccUJuCn0.s 			page 5


 135 008e C0F3C456 		ubfx	r6, r0, #23, #5
  44:src/btphy/hop.c **** 	hop_state.C = ((address >> 4) & 0x10) |
 136              		.loc 1 44 37 view .LVU46
 137 0092 C0F3C341 		ubfx	r1, r0, #19, #4
  51:src/btphy/hop.c **** 			((address >> 6) & 0x20) +
 138              		.loc 1 51 14 view .LVU47
 139 0096 DA70     		strb	r2, [r3, #3]
  45:src/btphy/hop.c **** 			((address >> 3) & 0x08) |
 140              		.loc 1 45 14 view .LVU48
 141 0098 9F70     		strb	r7, [r3, #2]
  50:src/btphy/hop.c **** 	hop_state.E =	((address >> 7) & 0x40) +
 142              		.loc 1 50 37 view .LVU49
 143 009a C0F38820 		ubfx	r0, r0, #10, #9
 144              	.LVL5:
  60:src/btphy/hop.c **** 	hop_state.chan_count = NUM_BREDR_CHANNELS;
 145              		.loc 1 60 17 view .LVU50
 146 009e DA1D     		adds	r2, r3, #7
  43:src/btphy/hop.c **** 	hop_state.a22_19 = (address >> 19) & 0x0f; 	// Addr22_19
 147              		.loc 1 43 19 view .LVU51
 148 00a0 1E70     		strb	r6, [r3]
  44:src/btphy/hop.c **** 	hop_state.C = ((address >> 4) & 0x10) |
 149              		.loc 1 44 2 is_stmt 1 view .LVU52
  44:src/btphy/hop.c **** 	hop_state.C = ((address >> 4) & 0x10) |
 150              		.loc 1 44 19 is_stmt 0 view .LVU53
 151 00a2 5970     		strb	r1, [r3, #1]
  45:src/btphy/hop.c **** 			((address >> 3) & 0x08) |
 152              		.loc 1 45 2 is_stmt 1 view .LVU54
  50:src/btphy/hop.c **** 	hop_state.E =	((address >> 7) & 0x40) +
 153              		.loc 1 50 2 view .LVU55
 154              		.loc 1 61 23 is_stmt 0 view .LVU56
 155 00a4 83F8AC50 		strb	r5, [r3, #172]
  58:src/btphy/hop.c **** 	hop_state.afh_enabled = 0;
 156              		.loc 1 58 14 view .LVU57
 157 00a8 9C71     		strb	r4, [r3, #6]
  59:src/btphy/hop.c **** 	hop_state.bank = hop_state.basic_bank;
 158              		.loc 1 59 24 view .LVU58
 159 00aa 83F8A640 		strb	r4, [r3, #166]
  50:src/btphy/hop.c **** 	hop_state.E =	((address >> 7) & 0x40) +
 160              		.loc 1 50 19 view .LVU59
 161 00ae 9880     		strh	r0, [r3, #4]	@ movhi
  51:src/btphy/hop.c **** 			((address >> 6) & 0x20) +
 162              		.loc 1 51 2 is_stmt 1 view .LVU60
  58:src/btphy/hop.c **** 	hop_state.afh_enabled = 0;
 163              		.loc 1 58 2 view .LVU61
  59:src/btphy/hop.c **** 	hop_state.bank = hop_state.basic_bank;
 164              		.loc 1 59 2 view .LVU62
  60:src/btphy/hop.c **** 	hop_state.chan_count = NUM_BREDR_CHANNELS;
 165              		.loc 1 60 2 view .LVU63
 166              		.loc 1 61 2 view .LVU64
  60:src/btphy/hop.c **** 	hop_state.chan_count = NUM_BREDR_CHANNELS;
 167              		.loc 1 60 17 is_stmt 0 view .LVU65
 168 00b0 C3F8A820 		str	r2, [r3, #168]
  62:src/btphy/hop.c **** }
 169              		.loc 1 62 1 view .LVU66
 170 00b4 F0BC     		pop	{r4, r5, r6, r7}
 171              		.cfi_restore 7
 172              		.cfi_restore 6
ARM GAS  /tmp/ccUJuCn0.s 			page 6


 173              		.cfi_restore 5
 174              		.cfi_restore 4
 175              		.cfi_def_cfa_offset 0
 176 00b6 7047     		bx	lr
 177              	.L6:
 178              		.align	2
 179              	.L5:
 180 00b8 06000000 		.word	hop_state+6
 181 00bc A97464CF 		.word	-815500119
 182 00c0 00000000 		.word	hop_state
 183              		.cfi_endproc
 184              	.LFE14:
 186              		.section	.text.hop_inquiry,"ax",%progbits
 187              		.align	1
 188              		.p2align 2,,3
 189              		.global	hop_inquiry
 190              		.syntax unified
 191              		.thumb
 192              		.thumb_func
 193              		.fpu softvfp
 195              	hop_inquiry:
 196              	.LVL6:
 197              	.LFB16:
  63:src/btphy/hop.c **** 
  64:src/btphy/hop.c **** /* BT Core v5.1 | Vol 2, Part B, Section 2.6*/
  65:src/btphy/hop.c **** static uint8_t hop_selection_kernel(uint8_t x, uint8_t y1, uint8_t y2,
  66:src/btphy/hop.c **** 			uint8_t a, uint8_t b, uint8_t c,
  67:src/btphy/hop.c **** 			uint16_t d, uint8_t e, uint8_t f)
  68:src/btphy/hop.c **** {
  69:src/btphy/hop.c **** 	/* Extend y1 on 5 bits */
  70:src/btphy/hop.c **** 	y1 = ~(y1-1);
  71:src/btphy/hop.c **** 	return (perm5((a+x)^b, y1^c, d) + e + f + y2);
  72:src/btphy/hop.c **** }
  73:src/btphy/hop.c **** 
  74:src/btphy/hop.c **** uint8_t hop_inquiry(uint32_t clk)
  75:src/btphy/hop.c **** {
 198              		.loc 1 75 1 is_stmt 1 view -0
 199              		.cfi_startproc
 200              		@ args = 0, pretend = 0, frame = 0
 201              		@ frame_needed = 0, uses_anonymous_args = 0
 202              		@ link register save eliminated.
 203              		.loc 1 75 1 is_stmt 0 view .LVU68
 204 0000 30B4     		push	{r4, r5}
 205              		.cfi_def_cfa_offset 8
 206              		.cfi_offset 4, -8
 207              		.cfi_offset 5, -4
  76:src/btphy/hop.c **** 	uint8_t clk1, sel;
 208              		.loc 1 76 2 is_stmt 1 view .LVU69
  77:src/btphy/hop.c **** 
  78:src/btphy/hop.c **** 	clk1 = 1&(clk>>1);
 209              		.loc 1 78 2 view .LVU70
  79:src/btphy/hop.c **** 
  80:src/btphy/hop.c **** 	sel = hop_selection_kernel(
 210              		.loc 1 80 8 is_stmt 0 view .LVU71
 211 0002 1A4D     		ldr	r5, .L8
 212              	.LBB18:
 213              	.LBB19:
ARM GAS  /tmp/ccUJuCn0.s 			page 7


  70:src/btphy/hop.c **** 	return (perm5((a+x)^b, y1^c, d) + e + f + y2);
 214              		.loc 1 70 5 view .LVU72
 215 0004 40F34003 		sbfx	r3, r0, #1, #1
  71:src/btphy/hop.c **** }
 216              		.loc 1 71 10 view .LVU73
 217 0008 A978     		ldrb	r1, [r5, #2]	@ zero_extendqisi2
  71:src/btphy/hop.c **** }
 218              		.loc 1 71 18 view .LVU74
 219 000a 2A78     		ldrb	r2, [r5]	@ zero_extendqisi2
  71:src/btphy/hop.c **** }
 220              		.loc 1 71 10 view .LVU75
 221 000c 5940     		eors	r1, r1, r3
  71:src/btphy/hop.c **** }
 222              		.loc 1 71 18 view .LVU76
 223 000e AB79     		ldrb	r3, [r5, #6]	@ zero_extendqisi2
 224              	.LBB20:
 225              	.LBB21:
 226              		.file 2 "include/ubtbr/hop.h"
   1:include/ubtbr/hop.h **** #ifndef __HOP_H
   2:include/ubtbr/hop.h **** #define __HOP_H
   3:include/ubtbr/hop.h **** #include <stdint.h>
   4:include/ubtbr/hop.h **** #include <ubertooth_interface.h>
   5:include/ubtbr/hop.h **** 
   6:include/ubtbr/hop.h **** typedef struct hop_state_s {
   7:include/ubtbr/hop.h **** 	uint8_t a27_23, a22_19, C, E;
   8:include/ubtbr/hop.h **** 	uint16_t a18_10;
   9:include/ubtbr/hop.h **** 	uint8_t x;
  10:include/ubtbr/hop.h **** 	/* frequency register bank */
  11:include/ubtbr/hop.h **** 	uint8_t basic_bank[NUM_BREDR_CHANNELS];
  12:include/ubtbr/hop.h **** 	uint8_t afh_bank[NUM_BREDR_CHANNELS];
  13:include/ubtbr/hop.h **** 	uint8_t afh_chan_count;
  14:include/ubtbr/hop.h **** 	uint8_t afh_enabled;
  15:include/ubtbr/hop.h **** 	uint8_t *bank;
  16:include/ubtbr/hop.h **** 	uint8_t chan_count;
  17:include/ubtbr/hop.h **** } hop_state_t;
  18:include/ubtbr/hop.h **** 
  19:include/ubtbr/hop.h **** void hop_init(uint32_t address);
  20:include/ubtbr/hop.h **** uint8_t hop_basic(uint32_t clk);
  21:include/ubtbr/hop.h **** uint8_t hop_inquiry(uint32_t clk);
  22:include/ubtbr/hop.h **** uint8_t hop_channel(uint32_t clk);
  23:include/ubtbr/hop.h **** void hop_cfg_afh(uint8_t* buf);
  24:include/ubtbr/hop.h **** 
  25:include/ubtbr/hop.h **** /* FIXME ?*/
  26:include/ubtbr/hop.h **** extern hop_state_t hop_state;
  27:include/ubtbr/hop.h **** 
  28:include/ubtbr/hop.h **** static inline uint8_t perm5(uint8_t z, uint8_t p_high, uint16_t p_low)
  29:include/ubtbr/hop.h **** {
  30:include/ubtbr/hop.h **** 	extern uint8_t perm5_lut[2][4096];
  31:include/ubtbr/hop.h **** 	uint16_t p = (p_low&0x1ff)|((p_high&0x1f)<<9);
 227              		.loc 2 31 21 view .LVU77
 228 0010 AC88     		ldrh	r4, [r5, #4]
 229              	.LBE21:
 230              	.LBE20:
  71:src/btphy/hop.c **** }
 231              		.loc 1 71 18 view .LVU78
 232 0012 1344     		add	r3, r3, r2
 233              	.LBB26:
ARM GAS  /tmp/ccUJuCn0.s 			page 8


 234              	.LBB22:
 235              		.loc 2 31 43 view .LVU79
 236 0014 4902     		lsls	r1, r1, #9
 237              	.LBE22:
 238              	.LBE26:
  71:src/btphy/hop.c **** }
 239              		.loc 1 71 21 view .LVU80
 240 0016 6A78     		ldrb	r2, [r5, #1]	@ zero_extendqisi2
 241              	.LBB27:
 242              	.LBB23:
 243              		.loc 2 31 21 view .LVU81
 244 0018 C4F30804 		ubfx	r4, r4, #0, #9
 245              		.loc 2 31 43 view .LVU82
 246 001c 01F47851 		and	r1, r1, #15872
  32:include/ubtbr/hop.h **** 
  33:include/ubtbr/hop.h **** 	z &= 0x1f;
  34:include/ubtbr/hop.h **** 	z = perm5_lut[0][(((p>>7))<<5)|z];
 247              		.loc 2 34 23 view .LVU83
 248 0020 2143     		orrs	r1, r1, r4
 249              	.LBE23:
 250              	.LBE27:
  71:src/btphy/hop.c **** }
 251              		.loc 1 71 21 view .LVU84
 252 0022 5340     		eors	r3, r3, r2
 253              	.LBB28:
 254              	.LBB24:
 255              		.loc 2 34 32 view .LVU85
 256 0024 03F01F03 		and	r3, r3, #31
 257              		.loc 2 34 4 view .LVU86
 258 0028 114A     		ldr	r2, .L8+4
 259              		.loc 2 34 23 view .LVU87
 260 002a C909     		lsrs	r1, r1, #7
 261              		.loc 2 34 32 view .LVU88
 262 002c 43EA4111 		orr	r1, r3, r1, lsl #5
  35:include/ubtbr/hop.h **** 	z = perm5_lut[1][((0x7f&(p>>0))<<5)|z];
 263              		.loc 2 35 37 view .LVU89
 264 0030 535C     		ldrb	r3, [r2, r1]	@ zero_extendqisi2
 265              		.loc 2 35 33 view .LVU90
 266 0032 6401     		lsls	r4, r4, #5
 267 0034 04F47E64 		and	r4, r4, #4064
 268              		.loc 2 35 37 view .LVU91
 269 0038 1C43     		orrs	r4, r4, r3
 270              		.loc 2 35 4 view .LVU92
 271 003a 1444     		add	r4, r4, r2
 272 003c 04F58054 		add	r4, r4, #4096
 273              	.LBE24:
 274              	.LBE28:
  71:src/btphy/hop.c **** }
 275              		.loc 1 71 42 view .LVU93
 276 0040 EA78     		ldrb	r2, [r5, #3]	@ zero_extendqisi2
 277              	.LBE19:
 278              	.LBE18:
  78:src/btphy/hop.c **** 
 279              		.loc 1 78 7 view .LVU94
 280 0042 C0F34003 		ubfx	r3, r0, #1, #1
 281              	.LVL7:
 282              		.loc 1 80 2 is_stmt 1 view .LVU95
ARM GAS  /tmp/ccUJuCn0.s 			page 9


 283              	.LBB32:
 284              	.LBI18:
  65:src/btphy/hop.c **** 			uint8_t a, uint8_t b, uint8_t c,
 285              		.loc 1 65 16 view .LVU96
 286              	.LBB30:
  70:src/btphy/hop.c **** 	return (perm5((a+x)^b, y1^c, d) + e + f + y2);
 287              		.loc 1 70 2 view .LVU97
  71:src/btphy/hop.c **** }
 288              		.loc 1 71 2 view .LVU98
 289              	.LBB29:
 290              	.LBI20:
  28:include/ubtbr/hop.h **** {
 291              		.loc 2 28 23 view .LVU99
 292              	.LBB25:
  30:include/ubtbr/hop.h **** 	uint16_t p = (p_low&0x1ff)|((p_high&0x1f)<<9);
 293              		.loc 2 30 2 view .LVU100
  31:include/ubtbr/hop.h **** 
 294              		.loc 2 31 2 view .LVU101
  33:include/ubtbr/hop.h **** 	z = perm5_lut[0][(((p>>7))<<5)|z];
 295              		.loc 2 33 2 view .LVU102
  34:include/ubtbr/hop.h **** 	z = perm5_lut[1][((0x7f&(p>>0))<<5)|z];
 296              		.loc 2 34 2 view .LVU103
 297              		.loc 2 35 2 view .LVU104
  36:include/ubtbr/hop.h **** 
  37:include/ubtbr/hop.h **** 	return z;
 298              		.loc 2 37 2 view .LVU105
 299              		.loc 2 37 2 is_stmt 0 view .LVU106
 300              	.LBE25:
 301              	.LBE29:
 302              	.LBE30:
 303              	.LBE32:
  81:src/btphy/hop.c **** 			hop_state.x,		// X = the x
  82:src/btphy/hop.c **** 			clk1,			// Y1 = clk1
  83:src/btphy/hop.c **** 			clk1<<5,		// Y2 = 32*clk1
  84:src/btphy/hop.c **** 			hop_state.a27_23,	// A = A27_23
  85:src/btphy/hop.c **** 			hop_state.a22_19,	// B = A22_19
  86:src/btphy/hop.c **** 			hop_state.C,		// C = A8,6,4,2,0
  87:src/btphy/hop.c **** 			hop_state.a18_10,	// D = A18_10
  88:src/btphy/hop.c **** 			hop_state.E,		// E = A13,11,9,7,5,3,1
  89:src/btphy/hop.c **** 			0) % NUM_BREDR_CHANNELS;
  90:src/btphy/hop.c **** 
  91:src/btphy/hop.c **** 	return hop_state.basic_bank[sel];
 304              		.loc 1 91 2 is_stmt 1 view .LVU107
 305              	.LBB33:
 306              	.LBB31:
  71:src/btphy/hop.c **** }
 307              		.loc 1 71 42 is_stmt 0 view .LVU108
 308 0046 2078     		ldrb	r0, [r4]	@ zero_extendqisi2
 309              	.LVL8:
  71:src/btphy/hop.c **** }
 310              		.loc 1 71 42 view .LVU109
 311 0048 02EB4313 		add	r3, r2, r3, lsl #5
 312              	.LVL9:
  71:src/btphy/hop.c **** }
 313              		.loc 1 71 42 view .LVU110
 314 004c 0344     		add	r3, r3, r0
 315              	.LBE31:
ARM GAS  /tmp/ccUJuCn0.s 			page 10


 316              	.LBE33:
  80:src/btphy/hop.c **** 			hop_state.x,		// X = the x
 317              		.loc 1 80 6 view .LVU111
 318 004e 094A     		ldr	r2, .L8+8
 319 0050 DBB2     		uxtb	r3, r3
 320 0052 A2FB0312 		umull	r1, r2, r2, r3
 321 0056 9209     		lsrs	r2, r2, #6
 322 0058 02EB8201 		add	r1, r2, r2, lsl #2
 323 005c C2EB0112 		rsb	r2, r2, r1, lsl #4
 324 0060 9B1A     		subs	r3, r3, r2
 325              		.loc 1 91 29 view .LVU112
 326 0062 DBB2     		uxtb	r3, r3
 327 0064 2B44     		add	r3, r3, r5
  92:src/btphy/hop.c **** }
 328              		.loc 1 92 1 view .LVU113
 329 0066 D879     		ldrb	r0, [r3, #7]	@ zero_extendqisi2
 330 0068 30BC     		pop	{r4, r5}
 331              		.cfi_restore 5
 332              		.cfi_restore 4
 333              		.cfi_def_cfa_offset 0
 334              	.LVL10:
 335              		.loc 1 92 1 view .LVU114
 336 006a 7047     		bx	lr
 337              	.L9:
 338              		.align	2
 339              	.L8:
 340 006c 00000000 		.word	hop_state
 341 0070 00000000 		.word	perm5_lut
 342 0074 A97464CF 		.word	-815500119
 343              		.cfi_endproc
 344              	.LFE16:
 346              		.section	.rodata.str1.4,"aMS",%progbits,1
 347              		.align	2
 348              	.LC0:
 349 0000 282B6166 		.ascii	"(+afh)\000"
 349      682900
 350 0007 00       		.align	2
 351              	.LC1:
 352 0008 282D6166 		.ascii	"(-afh)\000"
 352      682900
 353              		.section	.text.hop_cfg_afh,"ax",%progbits
 354              		.align	1
 355              		.p2align 2,,3
 356              		.global	hop_cfg_afh
 357              		.syntax unified
 358              		.thumb
 359              		.thumb_func
 360              		.fpu softvfp
 362              	hop_cfg_afh:
 363              	.LVL11:
 364              	.LFB18:
  93:src/btphy/hop.c **** 
  94:src/btphy/hop.c **** static void hop_set_afh_map(uint8_t *afh_map)
  95:src/btphy/hop.c **** {
  96:src/btphy/hop.c **** 	uint8_t chan;
  97:src/btphy/hop.c **** 	unsigned i,count;
  98:src/btphy/hop.c **** 
ARM GAS  /tmp/ccUJuCn0.s 			page 11


  99:src/btphy/hop.c **** 	for (i = 0, count=0; i < NUM_BREDR_CHANNELS; i++) {
 100:src/btphy/hop.c **** 		//chan = (i * 2) % NUM_BREDR_CHANNELS;
 101:src/btphy/hop.c **** 		chan = hop_state.basic_bank[i];
 102:src/btphy/hop.c **** 		if(afh_map[chan/8] & (0x1 << (chan%8)))
 103:src/btphy/hop.c **** 			hop_state.afh_bank[count++] = chan;
 104:src/btphy/hop.c **** 	}
 105:src/btphy/hop.c **** 	hop_state.afh_chan_count = count;
 106:src/btphy/hop.c **** }
 107:src/btphy/hop.c **** 
 108:src/btphy/hop.c **** void hop_cfg_afh(uint8_t* buf)
 109:src/btphy/hop.c **** {
 365              		.loc 1 109 1 is_stmt 1 view -0
 366              		.cfi_startproc
 367              		@ args = 0, pretend = 0, frame = 0
 368              		@ frame_needed = 0, uses_anonymous_args = 0
 369              		.loc 1 109 1 is_stmt 0 view .LVU116
 370 0000 2DE9F843 		push	{r3, r4, r5, r6, r7, r8, r9, lr}
 371              		.cfi_def_cfa_offset 32
 372              		.cfi_offset 3, -32
 373              		.cfi_offset 4, -28
 374              		.cfi_offset 5, -24
 375              		.cfi_offset 6, -20
 376              		.cfi_offset 7, -16
 377              		.cfi_offset 8, -12
 378              		.cfi_offset 9, -8
 379              		.cfi_offset 14, -4
 110:src/btphy/hop.c **** 	uint8_t enabled = buf[0] & 1;
 380              		.loc 1 110 2 is_stmt 1 view .LVU117
 381              		.loc 1 110 10 is_stmt 0 view .LVU118
 382 0004 90F80080 		ldrb	r8, [r0]	@ zero_extendqisi2
 383              	.LVL12:
 111:src/btphy/hop.c **** 	uint8_t *map = buf+1;
 384              		.loc 1 111 2 is_stmt 1 view .LVU119
 109:src/btphy/hop.c **** 	uint8_t enabled = buf[0] & 1;
 385              		.loc 1 109 1 is_stmt 0 view .LVU120
 386 0008 8146     		mov	r9, r0
 387              	.LVL13:
 112:src/btphy/hop.c **** 
 113:src/btphy/hop.c **** 	if (enabled)
 388              		.loc 1 113 2 is_stmt 1 view .LVU121
 389              		.loc 1 113 5 is_stmt 0 view .LVU122
 390 000a 18F00108 		ands	r8, r8, #1
 391              	.LVL14:
 392              		.loc 1 113 5 view .LVU123
 393 000e 23D0     		beq	.L11
 114:src/btphy/hop.c **** 	{
 115:src/btphy/hop.c **** 		cprintf("(+afh)");
 394              		.loc 1 115 3 is_stmt 1 view .LVU124
 395              	.LBB34:
 396              	.LBB35:
  99:src/btphy/hop.c **** 		//chan = (i * 2) % NUM_BREDR_CHANNELS;
 397              		.loc 1 99 19 is_stmt 0 view .LVU125
 398 0010 0024     		movs	r4, #0
 399              	.LBE35:
 400              	.LBE34:
 401              		.loc 1 115 3 view .LVU126
 402 0012 1848     		ldr	r0, .L19
ARM GAS  /tmp/ccUJuCn0.s 			page 12


 403              	.LVL15:
 404              		.loc 1 115 3 view .LVU127
 405 0014 FFF7FEFF 		bl	cprintf
 406              	.LVL16:
 116:src/btphy/hop.c **** 		hop_set_afh_map(map);
 407              		.loc 1 116 3 is_stmt 1 view .LVU128
 408              	.LBB38:
 409              	.LBI34:
  94:src/btphy/hop.c **** {
 410              		.loc 1 94 13 view .LVU129
 411              	.LBB36:
  96:src/btphy/hop.c **** 	unsigned i,count;
 412              		.loc 1 96 2 view .LVU130
  97:src/btphy/hop.c **** 
 413              		.loc 1 97 2 view .LVU131
  99:src/btphy/hop.c **** 		//chan = (i * 2) % NUM_BREDR_CHANNELS;
 414              		.loc 1 99 2 view .LVU132
  99:src/btphy/hop.c **** 		//chan = (i * 2) % NUM_BREDR_CHANNELS;
 415              		.loc 1 99 23 view .LVU133
 416 0018 1749     		ldr	r1, .L19+4
 417 001a 01F14F00 		add	r0, r1, #79
 418 001e 8F1F     		subs	r7, r1, #6
 419              	.LVL17:
 420              	.L13:
 101:src/btphy/hop.c **** 		if(afh_map[chan/8] & (0x1 << (chan%8)))
 421              		.loc 1 101 3 view .LVU134
 103:src/btphy/hop.c **** 	}
 422              		.loc 1 103 4 view .LVU135
 101:src/btphy/hop.c **** 		if(afh_map[chan/8] & (0x1 << (chan%8)))
 423              		.loc 1 101 8 is_stmt 0 view .LVU136
 424 0020 11F8012F 		ldrb	r2, [r1, #1]!	@ zero_extendqisi2
 425              	.LVL18:
 102:src/btphy/hop.c **** 			hop_state.afh_bank[count++] = chan;
 426              		.loc 1 102 3 is_stmt 1 view .LVU137
 103:src/btphy/hop.c **** 	}
 427              		.loc 1 103 32 is_stmt 0 view .LVU138
 428 0024 3E19     		adds	r6, r7, r4
 102:src/btphy/hop.c **** 			hop_state.afh_bank[count++] = chan;
 429              		.loc 1 102 13 view .LVU139
 430 0026 09EBD203 		add	r3, r9, r2, lsr #3
 431 002a 5B78     		ldrb	r3, [r3, #1]	@ zero_extendqisi2
 102:src/btphy/hop.c **** 			hop_state.afh_bank[count++] = chan;
 432              		.loc 1 102 37 view .LVU140
 433 002c 02F00705 		and	r5, r2, #7
 102:src/btphy/hop.c **** 			hop_state.afh_bank[count++] = chan;
 434              		.loc 1 102 6 view .LVU141
 435 0030 2B41     		asrs	r3, r3, r5
 102:src/btphy/hop.c **** 			hop_state.afh_bank[count++] = chan;
 436              		.loc 1 102 5 view .LVU142
 437 0032 DB07     		lsls	r3, r3, #31
 103:src/btphy/hop.c **** 	}
 438              		.loc 1 103 32 view .LVU143
 439 0034 44BF     		itt	mi
 440 0036 86F85620 		strbmi	r2, [r6, #86]
 103:src/btphy/hop.c **** 	}
 441              		.loc 1 103 28 view .LVU144
 442 003a 0134     		addmi	r4, r4, #1
ARM GAS  /tmp/ccUJuCn0.s 			page 13


 443              	.LVL19:
  99:src/btphy/hop.c **** 		//chan = (i * 2) % NUM_BREDR_CHANNELS;
 444              		.loc 1 99 47 is_stmt 1 view .LVU145
  99:src/btphy/hop.c **** 		//chan = (i * 2) % NUM_BREDR_CHANNELS;
 445              		.loc 1 99 23 view .LVU146
  99:src/btphy/hop.c **** 		//chan = (i * 2) % NUM_BREDR_CHANNELS;
 446              		.loc 1 99 2 is_stmt 0 view .LVU147
 447 003c 8842     		cmp	r0, r1
 448 003e EFD1     		bne	.L13
 105:src/btphy/hop.c **** }
 449              		.loc 1 105 2 is_stmt 1 view .LVU148
 105:src/btphy/hop.c **** }
 450              		.loc 1 105 27 is_stmt 0 view .LVU149
 451 0040 E4B2     		uxtb	r4, r4
 452              	.LVL20:
 105:src/btphy/hop.c **** }
 453              		.loc 1 105 27 view .LVU150
 454              	.LBE36:
 455              	.LBE38:
 117:src/btphy/hop.c **** 		hop_state.bank = hop_state.afh_bank;
 456              		.loc 1 117 18 view .LVU151
 457 0042 0E4B     		ldr	r3, .L19+8
 458              	.LBB39:
 459              	.LBB37:
 105:src/btphy/hop.c **** }
 460              		.loc 1 105 27 view .LVU152
 461 0044 87F8A540 		strb	r4, [r7, #165]
 462              	.LVL21:
 105:src/btphy/hop.c **** }
 463              		.loc 1 105 27 view .LVU153
 464              	.LBE37:
 465              	.LBE39:
 466              		.loc 1 117 3 is_stmt 1 view .LVU154
 118:src/btphy/hop.c **** 		hop_state.chan_count = hop_state.afh_chan_count;
 467              		.loc 1 118 24 is_stmt 0 view .LVU155
 468 0048 87F8AC40 		strb	r4, [r7, #172]
 119:src/btphy/hop.c **** 	}
 120:src/btphy/hop.c **** 	else
 121:src/btphy/hop.c **** 	{
 122:src/btphy/hop.c **** 		cprintf("(-afh)");
 123:src/btphy/hop.c **** 		hop_state.bank = hop_state.basic_bank;
 124:src/btphy/hop.c **** 		hop_state.chan_count = NUM_BREDR_CHANNELS;
 125:src/btphy/hop.c **** 	}
 126:src/btphy/hop.c **** 	hop_state.afh_enabled = enabled;
 469              		.loc 1 126 24 view .LVU156
 470 004c 87F8A680 		strb	r8, [r7, #166]
 117:src/btphy/hop.c **** 		hop_state.chan_count = hop_state.afh_chan_count;
 471              		.loc 1 117 18 view .LVU157
 472 0050 C7F8A830 		str	r3, [r7, #168]
 118:src/btphy/hop.c **** 		hop_state.chan_count = hop_state.afh_chan_count;
 473              		.loc 1 118 3 is_stmt 1 view .LVU158
 474              		.loc 1 126 2 view .LVU159
 127:src/btphy/hop.c **** }
 475              		.loc 1 127 1 is_stmt 0 view .LVU160
 476 0054 BDE8F883 		pop	{r3, r4, r5, r6, r7, r8, r9, pc}
 477              	.LVL22:
 478              	.L11:
ARM GAS  /tmp/ccUJuCn0.s 			page 14


 122:src/btphy/hop.c **** 		hop_state.bank = hop_state.basic_bank;
 479              		.loc 1 122 3 is_stmt 1 view .LVU161
 480 0058 0948     		ldr	r0, .L19+12
 481              	.LVL23:
 122:src/btphy/hop.c **** 		hop_state.bank = hop_state.basic_bank;
 482              		.loc 1 122 3 is_stmt 0 view .LVU162
 483 005a FFF7FEFF 		bl	cprintf
 484              	.LVL24:
 123:src/btphy/hop.c **** 		hop_state.chan_count = NUM_BREDR_CHANNELS;
 485              		.loc 1 123 3 is_stmt 1 view .LVU163
 124:src/btphy/hop.c **** 	}
 486              		.loc 1 124 24 is_stmt 0 view .LVU164
 487 005e 4F23     		movs	r3, #79
 123:src/btphy/hop.c **** 		hop_state.chan_count = NUM_BREDR_CHANNELS;
 488              		.loc 1 123 18 view .LVU165
 489 0060 084F     		ldr	r7, .L19+16
 490 0062 FA1D     		adds	r2, r7, #7
 124:src/btphy/hop.c **** 	}
 491              		.loc 1 124 24 view .LVU166
 492 0064 87F8AC30 		strb	r3, [r7, #172]
 126:src/btphy/hop.c **** }
 493              		.loc 1 126 24 view .LVU167
 494 0068 87F8A680 		strb	r8, [r7, #166]
 123:src/btphy/hop.c **** 		hop_state.chan_count = NUM_BREDR_CHANNELS;
 495              		.loc 1 123 18 view .LVU168
 496 006c C7F8A820 		str	r2, [r7, #168]
 124:src/btphy/hop.c **** 	}
 497              		.loc 1 124 3 is_stmt 1 view .LVU169
 126:src/btphy/hop.c **** }
 498              		.loc 1 126 2 view .LVU170
 499              		.loc 1 127 1 is_stmt 0 view .LVU171
 500 0070 BDE8F883 		pop	{r3, r4, r5, r6, r7, r8, r9, pc}
 501              	.LVL25:
 502              	.L20:
 503              		.loc 1 127 1 view .LVU172
 504              		.align	2
 505              	.L19:
 506 0074 00000000 		.word	.LC0
 507 0078 06000000 		.word	hop_state+6
 508 007c 56000000 		.word	hop_state+86
 509 0080 08000000 		.word	.LC1
 510 0084 00000000 		.word	hop_state
 511              		.cfi_endproc
 512              	.LFE18:
 514              		.section	.text.hop_basic,"ax",%progbits
 515              		.align	1
 516              		.p2align 2,,3
 517              		.global	hop_basic
 518              		.syntax unified
 519              		.thumb
 520              		.thumb_func
 521              		.fpu softvfp
 523              	hop_basic:
 524              	.LVL26:
 525              	.LFB19:
 128:src/btphy/hop.c **** 
 129:src/btphy/hop.c **** uint8_t hop_basic(uint32_t clk)
ARM GAS  /tmp/ccUJuCn0.s 			page 15


 130:src/btphy/hop.c **** {
 526              		.loc 1 130 1 is_stmt 1 view -0
 527              		.cfi_startproc
 528              		@ args = 0, pretend = 0, frame = 0
 529              		@ frame_needed = 0, uses_anonymous_args = 0
 530              		.loc 1 130 1 is_stmt 0 view .LVU174
 531 0000 2DE9F041 		push	{r4, r5, r6, r7, r8, lr}
 532              		.cfi_def_cfa_offset 24
 533              		.cfi_offset 4, -24
 534              		.cfi_offset 5, -20
 535              		.cfi_offset 6, -16
 536              		.cfi_offset 7, -12
 537              		.cfi_offset 8, -8
 538              		.cfi_offset 14, -4
 131:src/btphy/hop.c **** 	uint8_t clk1, sel;
 539              		.loc 1 131 2 is_stmt 1 view .LVU175
 132:src/btphy/hop.c **** 
 133:src/btphy/hop.c **** 	// Same-channel mechanism for AFH (FIXME: is this correct ?)
 134:src/btphy/hop.c **** 	if (hop_state.afh_enabled)
 540              		.loc 1 134 2 view .LVU176
 541              		.loc 1 134 15 is_stmt 0 view .LVU177
 542 0004 284D     		ldr	r5, .L24
 543              		.loc 1 134 5 view .LVU178
 544 0006 95F8A630 		ldrb	r3, [r5, #166]	@ zero_extendqisi2
 545 000a 002B     		cmp	r3, #0
 546 000c 48D1     		bne	.L23
 135:src/btphy/hop.c **** 		clk1 = 0;
 136:src/btphy/hop.c **** 	else
 137:src/btphy/hop.c **** 		clk1 = 1&(clk>>1);
 547              		.loc 1 137 3 is_stmt 1 view .LVU179
 548              		.loc 1 137 8 is_stmt 0 view .LVU180
 549 000e C0F34004 		ubfx	r4, r0, #1, #1
 550              	.LVL27:
 551              		.loc 1 137 8 view .LVU181
 552 0012 6342     		rsbs	r3, r4, #0
 553 0014 DBB2     		uxtb	r3, r3
 554 0016 6401     		lsls	r4, r4, #5
 555              	.LVL28:
 556              	.L22:
 138:src/btphy/hop.c **** 
 139:src/btphy/hop.c **** 	sel = hop_selection_kernel(
 557              		.loc 1 139 2 is_stmt 1 view .LVU182
 140:src/btphy/hop.c **** 		0x1f & (clk>>2),			// X = clk6_2
 141:src/btphy/hop.c **** 		clk1,					// Y1 = clk1
 142:src/btphy/hop.c **** 		clk1<<5,				// Y2 = 32*clk1
 143:src/btphy/hop.c **** 		hop_state.a27_23^(0x1f&(clk>>21)),	// A = A27_23 ^ clk25_21
 144:src/btphy/hop.c **** 		hop_state.a22_19,			// B = A22_19
 145:src/btphy/hop.c **** 		hop_state.C^(0x1f&(clk>>16)),		// C = A8,6,4,2,0 ^ clk20_16
 146:src/btphy/hop.c **** 		hop_state.a18_10^(0x1ff&(clk>>7)),	// D = a18_10 ^ clk15_7
 147:src/btphy/hop.c **** 		hop_state.E,				// E = A13,11,9,7,5,3,1
 148:src/btphy/hop.c **** 		((clk>>(7-4))&(0x1fffff<<4))%hop_state.chan_count	// F = 16*clk27_7 % 79
 558              		.loc 1 148 16 is_stmt 0 view .LVU183
 559 0018 244E     		ldr	r6, .L24+4
 560              		.loc 1 148 41 view .LVU184
 561 001a 95F8AC70 		ldrb	r7, [r5, #172]	@ zero_extendqisi2
 562              	.LVL29:
 563              	.LBB40:
ARM GAS  /tmp/ccUJuCn0.s 			page 16


 564              	.LBI40:
  65:src/btphy/hop.c **** 			uint8_t a, uint8_t b, uint8_t c,
 565              		.loc 1 65 16 is_stmt 1 view .LVU185
 566              	.LBB41:
  70:src/btphy/hop.c **** 	return (perm5((a+x)^b, y1^c, d) + e + f + y2);
 567              		.loc 1 70 2 view .LVU186
  71:src/btphy/hop.c **** }
 568              		.loc 1 71 2 view .LVU187
 569              	.LBB42:
 570              	.LBI42:
  28:include/ubtbr/hop.h **** {
 571              		.loc 2 28 23 view .LVU188
 572              	.LBB43:
  30:include/ubtbr/hop.h **** 	uint16_t p = (p_low&0x1ff)|((p_high&0x1f)<<9);
 573              		.loc 2 30 2 view .LVU189
  31:include/ubtbr/hop.h **** 
 574              		.loc 2 31 2 view .LVU190
 575              	.LBE43:
 576              	.LBE42:
 577              	.LBE41:
 578              	.LBE40:
 579              		.loc 1 148 16 is_stmt 0 view .LVU191
 580 001e 06EAD00C 		and	ip, r6, r0, lsr #3
 581              		.loc 1 148 31 view .LVU192
 582 0022 BCFBF7F6 		udiv	r6, ip, r7
 139:src/btphy/hop.c **** 		0x1f & (clk>>2),			// X = clk6_2
 583              		.loc 1 139 8 view .LVU193
 584 0026 AA78     		ldrb	r2, [r5, #2]	@ zero_extendqisi2
 585 0028 A988     		ldrh	r1, [r5, #4]
 145:src/btphy/hop.c **** 		hop_state.a18_10^(0x1ff&(clk>>7)),	// D = a18_10 ^ clk15_7
 586              		.loc 1 145 20 view .LVU194
 587 002a C0F3044E 		ubfx	lr, r0, #16, #5
 139:src/btphy/hop.c **** 		0x1f & (clk>>2),			// X = clk6_2
 588              		.loc 1 139 8 view .LVU195
 589 002e 8EEA020E 		eor	lr, lr, r2
 590 0032 95F80080 		ldrb	r8, [r5]	@ zero_extendqisi2
 146:src/btphy/hop.c **** 		hop_state.E,				// E = A13,11,9,7,5,3,1
 591              		.loc 1 146 26 view .LVU196
 592 0036 C0F3C812 		ubfx	r2, r0, #7, #9
 139:src/btphy/hop.c **** 		0x1f & (clk>>2),			// X = clk6_2
 593              		.loc 1 139 8 view .LVU197
 594 003a 4A40     		eors	r2, r2, r1
 143:src/btphy/hop.c **** 		hop_state.a22_19,			// B = A22_19
 595              		.loc 1 143 25 view .LVU198
 596 003c C0F34451 		ubfx	r1, r0, #21, #5
 597              	.LBB60:
 598              	.LBB56:
 599              	.LBB50:
 600              	.LBB44:
  31:include/ubtbr/hop.h **** 
 601              		.loc 2 31 43 view .LVU199
 602 0040 83EA0E03 		eor	r3, r3, lr
 603              	.LVL30:
  31:include/ubtbr/hop.h **** 
 604              		.loc 2 31 43 view .LVU200
 605              	.LBE44:
 606              	.LBE50:
ARM GAS  /tmp/ccUJuCn0.s 			page 17


 607              	.LBE56:
 608              	.LBE60:
 139:src/btphy/hop.c **** 		0x1f & (clk>>2),			// X = clk6_2
 609              		.loc 1 139 8 view .LVU201
 610 0044 81EA0801 		eor	r1, r1, r8
 611 0048 C0F38400 		ubfx	r0, r0, #2, #5
 612              	.LVL31:
 613              	.LBB61:
 614              	.LBB57:
  71:src/btphy/hop.c **** }
 615              		.loc 1 71 18 view .LVU202
 616 004c 0144     		add	r1, r1, r0
 617              	.LBB51:
 618              	.LBB45:
  31:include/ubtbr/hop.h **** 
 619              		.loc 2 31 43 view .LVU203
 620 004e 5B02     		lsls	r3, r3, #9
 621              	.LBE45:
 622              	.LBE51:
  71:src/btphy/hop.c **** }
 623              		.loc 1 71 21 view .LVU204
 624 0050 6878     		ldrb	r0, [r5, #1]	@ zero_extendqisi2
 625              	.LBB52:
 626              	.LBB46:
  31:include/ubtbr/hop.h **** 
 627              		.loc 2 31 21 view .LVU205
 628 0052 C2F30802 		ubfx	r2, r2, #0, #9
  31:include/ubtbr/hop.h **** 
 629              		.loc 2 31 43 view .LVU206
 630 0056 03F47853 		and	r3, r3, #15872
 631              	.LVL32:
  33:include/ubtbr/hop.h **** 	z = perm5_lut[0][(((p>>7))<<5)|z];
 632              		.loc 2 33 2 is_stmt 1 view .LVU207
  34:include/ubtbr/hop.h **** 	z = perm5_lut[1][((0x7f&(p>>0))<<5)|z];
 633              		.loc 2 34 2 view .LVU208
  34:include/ubtbr/hop.h **** 	z = perm5_lut[1][((0x7f&(p>>0))<<5)|z];
 634              		.loc 2 34 23 is_stmt 0 view .LVU209
 635 005a 1343     		orrs	r3, r3, r2
 636              	.LVL33:
  34:include/ubtbr/hop.h **** 	z = perm5_lut[1][((0x7f&(p>>0))<<5)|z];
 637              		.loc 2 34 23 view .LVU210
 638              	.LBE46:
 639              	.LBE52:
  71:src/btphy/hop.c **** }
 640              		.loc 1 71 21 view .LVU211
 641 005c 4140     		eors	r1, r1, r0
 642              	.LBB53:
 643              	.LBB47:
  34:include/ubtbr/hop.h **** 	z = perm5_lut[1][((0x7f&(p>>0))<<5)|z];
 644              		.loc 2 34 32 view .LVU212
 645 005e 01F01F01 		and	r1, r1, #31
  34:include/ubtbr/hop.h **** 	z = perm5_lut[1][((0x7f&(p>>0))<<5)|z];
 646              		.loc 2 34 23 view .LVU213
 647 0062 DB09     		lsrs	r3, r3, #7
 648              	.LVL34:
  34:include/ubtbr/hop.h **** 	z = perm5_lut[1][((0x7f&(p>>0))<<5)|z];
 649              		.loc 2 34 32 view .LVU214
ARM GAS  /tmp/ccUJuCn0.s 			page 18


 650 0064 41EA4313 		orr	r3, r1, r3, lsl #5
 651              	.LVL35:
  35:include/ubtbr/hop.h **** 
 652              		.loc 2 35 2 is_stmt 1 view .LVU215
  34:include/ubtbr/hop.h **** 	z = perm5_lut[1][((0x7f&(p>>0))<<5)|z];
 653              		.loc 2 34 4 is_stmt 0 view .LVU216
 654 0068 1149     		ldr	r1, .L24+8
  35:include/ubtbr/hop.h **** 
 655              		.loc 2 35 33 view .LVU217
 656 006a 5201     		lsls	r2, r2, #5
  35:include/ubtbr/hop.h **** 
 657              		.loc 2 35 37 view .LVU218
 658 006c CB5C     		ldrb	r3, [r1, r3]	@ zero_extendqisi2
 659              	.LVL36:
  35:include/ubtbr/hop.h **** 
 660              		.loc 2 35 37 view .LVU219
 661              	.LBE47:
 662              	.LBE53:
 663              	.LBE57:
 664              	.LBE61:
 665              		.loc 1 148 31 view .LVU220
 666 006e 07FB16C6 		mls	r6, r7, r6, ip
 667              	.LBB62:
 668              	.LBB58:
 669              	.LBB54:
 670              	.LBB48:
  35:include/ubtbr/hop.h **** 
 671              		.loc 2 35 33 view .LVU221
 672 0072 02F47E62 		and	r2, r2, #4064
  35:include/ubtbr/hop.h **** 
 673              		.loc 2 35 37 view .LVU222
 674 0076 1A43     		orrs	r2, r2, r3
 675              	.LVL37:
 676              		.loc 2 37 2 is_stmt 1 view .LVU223
 677              		.loc 2 37 2 is_stmt 0 view .LVU224
 678              	.LBE48:
 679              	.LBE54:
 680              	.LBE58:
 681              	.LBE62:
 149:src/btphy/hop.c **** 		);
 150:src/btphy/hop.c **** 	return hop_state.bank[sel%hop_state.chan_count];
 682              		.loc 1 150 2 is_stmt 1 view .LVU225
 683              	.LBB63:
 684              	.LBB59:
  71:src/btphy/hop.c **** }
 685              		.loc 1 71 42 is_stmt 0 view .LVU226
 686 0078 95F803C0 		ldrb	ip, [r5, #3]	@ zero_extendqisi2
 687              	.LBB55:
 688              	.LBB49:
  35:include/ubtbr/hop.h **** 
 689              		.loc 2 35 4 view .LVU227
 690 007c 0A44     		add	r2, r2, r1
 691              	.LVL38:
  35:include/ubtbr/hop.h **** 
 692              		.loc 2 35 4 view .LVU228
 693 007e 02F58052 		add	r2, r2, #4096
 694              	.LVL39:
ARM GAS  /tmp/ccUJuCn0.s 			page 19


  35:include/ubtbr/hop.h **** 
 695              		.loc 2 35 4 view .LVU229
 696              	.LBE49:
 697              	.LBE55:
  71:src/btphy/hop.c **** }
 698              		.loc 1 71 42 view .LVU230
 699 0082 1378     		ldrb	r3, [r2]	@ zero_extendqisi2
 700 0084 6644     		add	r6, r6, ip
 701 0086 3444     		add	r4, r4, r6
 702              	.LVL40:
  71:src/btphy/hop.c **** }
 703              		.loc 1 71 42 view .LVU231
 704 0088 1C44     		add	r4, r4, r3
 705              	.LBE59:
 706              	.LBE63:
 707              		.loc 1 150 27 view .LVU232
 708 008a E4B2     		uxtb	r4, r4
 709 008c B4FBF7F3 		udiv	r3, r4, r7
 710 0090 07FB1347 		mls	r7, r7, r3, r4
 711              		.loc 1 150 23 view .LVU233
 712 0094 D5F8A830 		ldr	r3, [r5, #168]
 713              		.loc 1 150 27 view .LVU234
 714 0098 FFB2     		uxtb	r7, r7
 151:src/btphy/hop.c **** }
 715              		.loc 1 151 1 view .LVU235
 716 009a D85D     		ldrb	r0, [r3, r7]	@ zero_extendqisi2
 717 009c BDE8F081 		pop	{r4, r5, r6, r7, r8, pc}
 718              	.LVL41:
 719              	.L23:
 720              		.loc 1 151 1 view .LVU236
 721 00a0 0023     		movs	r3, #0
 722 00a2 1C46     		mov	r4, r3
 723 00a4 B8E7     		b	.L22
 724              	.L25:
 725 00a6 00BF     		.align	2
 726              	.L24:
 727 00a8 00000000 		.word	hop_state
 728 00ac F0FFFF01 		.word	33554416
 729 00b0 00000000 		.word	perm5_lut
 730              		.cfi_endproc
 731              	.LFE19:
 733              		.section	.rodata.str1.4
 734 000f 00       		.align	2
 735              	.LC2:
 736 0010 4449457C 		.ascii	"DIE|Invalid hop mode %d\012\012\000"
 736      496E7661 
 736      6C696420 
 736      686F7020 
 736      6D6F6465 
 737              		.section	.text.hop_channel,"ax",%progbits
 738              		.align	1
 739              		.p2align 2,,3
 740              		.global	hop_channel
 741              		.syntax unified
 742              		.thumb
 743              		.thumb_func
 744              		.fpu softvfp
ARM GAS  /tmp/ccUJuCn0.s 			page 20


 746              	hop_channel:
 747              	.LVL42:
 748              	.LFB20:
 152:src/btphy/hop.c **** 
 153:src/btphy/hop.c **** uint8_t hop_channel(uint32_t clk)
 154:src/btphy/hop.c **** {
 749              		.loc 1 154 1 is_stmt 1 view -0
 750              		.cfi_startproc
 751              		@ args = 0, pretend = 0, frame = 0
 752              		@ frame_needed = 0, uses_anonymous_args = 0
 753              		.loc 1 154 1 is_stmt 0 view .LVU238
 754 0000 38B5     		push	{r3, r4, r5, lr}
 755              		.cfi_def_cfa_offset 16
 756              		.cfi_offset 3, -16
 757              		.cfi_offset 4, -12
 758              		.cfi_offset 5, -8
 759              		.cfi_offset 14, -4
 155:src/btphy/hop.c **** 	switch(btphy.mode)
 760              		.loc 1 155 2 is_stmt 1 view .LVU239
 761              		.loc 1 155 14 is_stmt 0 view .LVU240
 762 0002 214A     		ldr	r2, .L35
 154:src/btphy/hop.c **** 	switch(btphy.mode)
 763              		.loc 1 154 1 view .LVU241
 764 0004 0546     		mov	r5, r0
 765              		.loc 1 155 14 view .LVU242
 766 0006 1178     		ldrb	r1, [r2]	@ zero_extendqisi2
 767              		.loc 1 155 2 view .LVU243
 768 0008 0329     		cmp	r1, #3
 769 000a 33D8     		bhi	.L33
 156:src/btphy/hop.c **** 	{
 157:src/btphy/hop.c **** 	case BT_MODE_INQUIRY:
 158:src/btphy/hop.c **** 	case BT_MODE_PAGING:
 159:src/btphy/hop.c **** 	case BT_MODE_INQUIRY_SCAN:
 160:src/btphy/hop.c **** 	case BT_MODE_PAGE_SCAN:
 161:src/btphy/hop.c **** 		return hop_inquiry(clk);
 770              		.loc 1 161 3 is_stmt 1 view .LVU244
 771              	.LVL43:
 772              	.LBB70:
 773              	.LBI70:
  74:src/btphy/hop.c **** {
 774              		.loc 1 74 9 view .LVU245
 775              	.LBB71:
  76:src/btphy/hop.c **** 
 776              		.loc 1 76 2 view .LVU246
  78:src/btphy/hop.c **** 
 777              		.loc 1 78 2 view .LVU247
  80:src/btphy/hop.c **** 			hop_state.x,		// X = the x
 778              		.loc 1 80 8 is_stmt 0 view .LVU248
 779 000c 1F4C     		ldr	r4, .L35+4
 780              	.LBB72:
 781              	.LBB73:
  70:src/btphy/hop.c **** 	return (perm5((a+x)^b, y1^c, d) + e + f + y2);
 782              		.loc 1 70 5 view .LVU249
 783 000e 40F34003 		sbfx	r3, r0, #1, #1
  71:src/btphy/hop.c **** }
 784              		.loc 1 71 10 view .LVU250
 785 0012 A278     		ldrb	r2, [r4, #2]	@ zero_extendqisi2
ARM GAS  /tmp/ccUJuCn0.s 			page 21


  71:src/btphy/hop.c **** }
 786              		.loc 1 71 18 view .LVU251
 787 0014 2078     		ldrb	r0, [r4]	@ zero_extendqisi2
 788              	.LVL44:
  71:src/btphy/hop.c **** }
 789              		.loc 1 71 10 view .LVU252
 790 0016 5A40     		eors	r2, r2, r3
  71:src/btphy/hop.c **** }
 791              		.loc 1 71 18 view .LVU253
 792 0018 A379     		ldrb	r3, [r4, #6]	@ zero_extendqisi2
 793              	.LBB74:
 794              	.LBB75:
  31:include/ubtbr/hop.h **** 
 795              		.loc 2 31 21 view .LVU254
 796 001a A188     		ldrh	r1, [r4, #4]
 797              	.LBE75:
 798              	.LBE74:
  71:src/btphy/hop.c **** }
 799              		.loc 1 71 18 view .LVU255
 800 001c 0344     		add	r3, r3, r0
 801              	.LBB80:
 802              	.LBB76:
  31:include/ubtbr/hop.h **** 
 803              		.loc 2 31 43 view .LVU256
 804 001e 5202     		lsls	r2, r2, #9
 805              	.LBE76:
 806              	.LBE80:
  71:src/btphy/hop.c **** }
 807              		.loc 1 71 21 view .LVU257
 808 0020 6078     		ldrb	r0, [r4, #1]	@ zero_extendqisi2
 809              	.LBB81:
 810              	.LBB77:
  31:include/ubtbr/hop.h **** 
 811              		.loc 2 31 21 view .LVU258
 812 0022 C1F30801 		ubfx	r1, r1, #0, #9
  31:include/ubtbr/hop.h **** 
 813              		.loc 2 31 43 view .LVU259
 814 0026 02F47852 		and	r2, r2, #15872
  34:include/ubtbr/hop.h **** 	z = perm5_lut[1][((0x7f&(p>>0))<<5)|z];
 815              		.loc 2 34 23 view .LVU260
 816 002a 0A43     		orrs	r2, r2, r1
 817              	.LBE77:
 818              	.LBE81:
  71:src/btphy/hop.c **** }
 819              		.loc 1 71 21 view .LVU261
 820 002c 4340     		eors	r3, r3, r0
 821              	.LBB82:
 822              	.LBB78:
  34:include/ubtbr/hop.h **** 	z = perm5_lut[1][((0x7f&(p>>0))<<5)|z];
 823              		.loc 2 34 32 view .LVU262
 824 002e 03F01F03 		and	r3, r3, #31
  34:include/ubtbr/hop.h **** 	z = perm5_lut[1][((0x7f&(p>>0))<<5)|z];
 825              		.loc 2 34 4 view .LVU263
 826 0032 1748     		ldr	r0, .L35+8
  34:include/ubtbr/hop.h **** 	z = perm5_lut[1][((0x7f&(p>>0))<<5)|z];
 827              		.loc 2 34 23 view .LVU264
 828 0034 D209     		lsrs	r2, r2, #7
ARM GAS  /tmp/ccUJuCn0.s 			page 22


  34:include/ubtbr/hop.h **** 	z = perm5_lut[1][((0x7f&(p>>0))<<5)|z];
 829              		.loc 2 34 32 view .LVU265
 830 0036 43EA4212 		orr	r2, r3, r2, lsl #5
  35:include/ubtbr/hop.h **** 
 831              		.loc 2 35 37 view .LVU266
 832 003a 835C     		ldrb	r3, [r0, r2]	@ zero_extendqisi2
  35:include/ubtbr/hop.h **** 
 833              		.loc 2 35 33 view .LVU267
 834 003c 4901     		lsls	r1, r1, #5
 835 003e 01F47E61 		and	r1, r1, #4064
  35:include/ubtbr/hop.h **** 
 836              		.loc 2 35 37 view .LVU268
 837 0042 1943     		orrs	r1, r1, r3
  35:include/ubtbr/hop.h **** 
 838              		.loc 2 35 4 view .LVU269
 839 0044 0144     		add	r1, r1, r0
 840 0046 01F58051 		add	r1, r1, #4096
 841              	.LBE78:
 842              	.LBE82:
  71:src/btphy/hop.c **** }
 843              		.loc 1 71 42 view .LVU270
 844 004a E378     		ldrb	r3, [r4, #3]	@ zero_extendqisi2
 845 004c 0A78     		ldrb	r2, [r1]	@ zero_extendqisi2
 846              	.LBE73:
 847              	.LBE72:
  78:src/btphy/hop.c **** 
 848              		.loc 1 78 7 view .LVU271
 849 004e C5F34005 		ubfx	r5, r5, #1, #1
 850              	.LVL45:
  80:src/btphy/hop.c **** 			hop_state.x,		// X = the x
 851              		.loc 1 80 2 is_stmt 1 view .LVU272
 852              	.LBB86:
 853              	.LBI72:
  65:src/btphy/hop.c **** 			uint8_t a, uint8_t b, uint8_t c,
 854              		.loc 1 65 16 view .LVU273
 855              	.LBB84:
  70:src/btphy/hop.c **** 	return (perm5((a+x)^b, y1^c, d) + e + f + y2);
 856              		.loc 1 70 2 view .LVU274
  71:src/btphy/hop.c **** }
 857              		.loc 1 71 2 view .LVU275
 858              	.LBB83:
 859              	.LBI74:
  28:include/ubtbr/hop.h **** {
 860              		.loc 2 28 23 view .LVU276
 861              	.LBB79:
  30:include/ubtbr/hop.h **** 	uint16_t p = (p_low&0x1ff)|((p_high&0x1f)<<9);
 862              		.loc 2 30 2 view .LVU277
  31:include/ubtbr/hop.h **** 
 863              		.loc 2 31 2 view .LVU278
  33:include/ubtbr/hop.h **** 	z = perm5_lut[0][(((p>>7))<<5)|z];
 864              		.loc 2 33 2 view .LVU279
  34:include/ubtbr/hop.h **** 	z = perm5_lut[1][((0x7f&(p>>0))<<5)|z];
 865              		.loc 2 34 2 view .LVU280
  35:include/ubtbr/hop.h **** 
 866              		.loc 2 35 2 view .LVU281
 867              		.loc 2 37 2 view .LVU282
 868              		.loc 2 37 2 is_stmt 0 view .LVU283
ARM GAS  /tmp/ccUJuCn0.s 			page 23


 869              	.LBE79:
 870              	.LBE83:
 871              	.LBE84:
 872              	.LBE86:
  91:src/btphy/hop.c **** }
 873              		.loc 1 91 2 is_stmt 1 view .LVU284
 874              	.LBB87:
 875              	.LBB85:
  71:src/btphy/hop.c **** }
 876              		.loc 1 71 42 is_stmt 0 view .LVU285
 877 0052 03EB4513 		add	r3, r3, r5, lsl #5
 878 0056 1344     		add	r3, r3, r2
 879              	.LBE85:
 880              	.LBE87:
  80:src/btphy/hop.c **** 			hop_state.x,		// X = the x
 881              		.loc 1 80 6 view .LVU286
 882 0058 0E4A     		ldr	r2, .L35+12
 883 005a DBB2     		uxtb	r3, r3
 884 005c A2FB0312 		umull	r1, r2, r2, r3
 885              	.LVL46:
  80:src/btphy/hop.c **** 			hop_state.x,		// X = the x
 886              		.loc 1 80 6 view .LVU287
 887 0060 9209     		lsrs	r2, r2, #6
 888 0062 02EB8201 		add	r1, r2, r2, lsl #2
 889 0066 C2EB0112 		rsb	r2, r2, r1, lsl #4
 890 006a 9B1A     		subs	r3, r3, r2
  91:src/btphy/hop.c **** }
 891              		.loc 1 91 29 view .LVU288
 892 006c DBB2     		uxtb	r3, r3
 893 006e 2344     		add	r3, r3, r4
 894 0070 D879     		ldrb	r0, [r3, #7]	@ zero_extendqisi2
 895              	.LVL47:
  91:src/btphy/hop.c **** }
 896              		.loc 1 91 29 view .LVU289
 897              	.LBE71:
 898              	.LBE70:
 162:src/btphy/hop.c **** 	case BT_MODE_MASTER:
 163:src/btphy/hop.c **** 	case BT_MODE_SLAVE:
 164:src/btphy/hop.c **** 		return hop_basic(clk);
 165:src/btphy/hop.c **** 	default:
 166:src/btphy/hop.c **** 		DIE("Invalid hop mode %d\n", btphy.mode);
 167:src/btphy/hop.c **** 	}
 168:src/btphy/hop.c **** }
 899              		.loc 1 168 1 view .LVU290
 900 0072 38BD     		pop	{r3, r4, r5, pc}
 901              	.LVL48:
 902              	.L33:
 155:src/btphy/hop.c **** 	{
 903              		.loc 1 155 2 view .LVU291
 904 0074 0B1F     		subs	r3, r1, #4
 905 0076 012B     		cmp	r3, #1
 906 0078 03D8     		bhi	.L34
 164:src/btphy/hop.c **** 	default:
 907              		.loc 1 164 3 is_stmt 1 view .LVU292
 908              		.loc 1 168 1 is_stmt 0 view .LVU293
 909 007a BDE83840 		pop	{r3, r4, r5, lr}
 910              		.cfi_remember_state
ARM GAS  /tmp/ccUJuCn0.s 			page 24


 911              		.cfi_restore 14
 912              		.cfi_restore 5
 913              		.cfi_restore 4
 914              		.cfi_restore 3
 915              		.cfi_def_cfa_offset 0
 164:src/btphy/hop.c **** 	default:
 916              		.loc 1 164 10 view .LVU294
 917 007e FFF7FEBF 		b	hop_basic
 918              	.LVL49:
 919              	.L34:
 920              		.cfi_restore_state
 166:src/btphy/hop.c **** 	}
 921              		.loc 1 166 3 is_stmt 1 view .LVU295
 922 0082 0548     		ldr	r0, .L35+16
 923              	.LVL50:
 166:src/btphy/hop.c **** 	}
 924              		.loc 1 166 3 is_stmt 0 view .LVU296
 925 0084 FFF7FEFF 		bl	die
 926              	.LVL51:
 927              	.L36:
 928              		.align	2
 929              	.L35:
 930 0088 00000000 		.word	btphy
 931 008c 00000000 		.word	hop_state
 932 0090 00000000 		.word	perm5_lut
 933 0094 A97464CF 		.word	-815500119
 934 0098 10000000 		.word	.LC2
 935              		.cfi_endproc
 936              	.LFE20:
 938              		.comm	hop_state,176,4
 939              		.text
 940              	.Letext0:
 941              		.file 3 "/usr/lib/gcc/arm-none-eabi/9.2.1/include/stdint.h"
 942              		.file 4 "../common/ubertooth.h"
 943              		.file 5 "include/ubtbr/btphy.h"
 944              		.file 6 "include/ubtbr/debug.h"
ARM GAS  /tmp/ccUJuCn0.s 			page 25


DEFINED SYMBOLS
                            *ABS*:0000000000000000 hop.c
     /tmp/ccUJuCn0.s:16     .text.hop_init:0000000000000000 $t
     /tmp/ccUJuCn0.s:25     .text.hop_init:0000000000000000 hop_init
     /tmp/ccUJuCn0.s:180    .text.hop_init:00000000000000b8 $d
                            *COM*:00000000000000b0 hop_state
     /tmp/ccUJuCn0.s:187    .text.hop_inquiry:0000000000000000 $t
     /tmp/ccUJuCn0.s:195    .text.hop_inquiry:0000000000000000 hop_inquiry
     /tmp/ccUJuCn0.s:340    .text.hop_inquiry:000000000000006c $d
     /tmp/ccUJuCn0.s:347    .rodata.str1.4:0000000000000000 $d
     /tmp/ccUJuCn0.s:354    .text.hop_cfg_afh:0000000000000000 $t
     /tmp/ccUJuCn0.s:362    .text.hop_cfg_afh:0000000000000000 hop_cfg_afh
     /tmp/ccUJuCn0.s:506    .text.hop_cfg_afh:0000000000000074 $d
     /tmp/ccUJuCn0.s:515    .text.hop_basic:0000000000000000 $t
     /tmp/ccUJuCn0.s:523    .text.hop_basic:0000000000000000 hop_basic
     /tmp/ccUJuCn0.s:727    .text.hop_basic:00000000000000a8 $d
     /tmp/ccUJuCn0.s:738    .text.hop_channel:0000000000000000 $t
     /tmp/ccUJuCn0.s:746    .text.hop_channel:0000000000000000 hop_channel
     /tmp/ccUJuCn0.s:930    .text.hop_channel:0000000000000088 $d

UNDEFINED SYMBOLS
perm5_lut
cprintf
die
btphy
