ARM GAS  /tmp/ccLkUA3L.s 			page 1


   1              		.cpu cortex-m3
   2              		.eabi_attribute 20, 1
   3              		.eabi_attribute 21, 1
   4              		.eabi_attribute 23, 3
   5              		.eabi_attribute 24, 1
   6              		.eabi_attribute 25, 1
   7              		.eabi_attribute 26, 1
   8              		.eabi_attribute 30, 4
   9              		.eabi_attribute 34, 1
  10              		.eabi_attribute 18, 4
  11              		.file	"debug_uart.c"
  12              		.text
  13              	.Ltext0:
  14              		.cfi_sections	.debug_frame
  15              		.section	.text.debug_uart_init,"ax",%progbits
  16              		.align	1
  17              		.global	debug_uart_init
  18              		.arch armv7-m
  19              		.syntax unified
  20              		.thumb
  21              		.thumb_func
  22              		.fpu softvfp
  24              	debug_uart_init:
  25              	.LVL0:
  26              	.LFB3:
  27              		.file 1 "debug_uart.c"
   1:debug_uart.c  **** #include <stdarg.h>
   2:debug_uart.c  **** #include <stdio.h>
   3:debug_uart.c  **** #include <string.h>
   4:debug_uart.c  **** 
   5:debug_uart.c  **** #include "ubertooth.h"
   6:debug_uart.c  **** #include "tinyprintf.h"
   7:debug_uart.c  **** 
   8:debug_uart.c  **** int debug_dma_active = 0;
   9:debug_uart.c  **** char debug_buffer[256];
  10:debug_uart.c  **** 
  11:debug_uart.c  **** void debug_uart_init(int flow_control) {
  28              		.loc 1 11 40 view -0
  29              		.cfi_startproc
  30              		@ args = 0, pretend = 0, frame = 0
  31              		@ frame_needed = 0, uses_anonymous_args = 0
  32              		@ link register save eliminated.
  33              		.loc 1 11 40 is_stmt 0 view .LVU1
  12:debug_uart.c  **** 	// power on UART1 peripheral
  13:debug_uart.c  **** 	PCONP |= PCONP_PCUART1;
  34              		.loc 1 13 2 is_stmt 1 view .LVU2
  35              		.loc 1 13 8 is_stmt 0 view .LVU3
  36 0000 284A     		ldr	r2, .L8
  14:debug_uart.c  **** 
  15:debug_uart.c  **** 	// 8N1, enable access to divisor latches
  16:debug_uart.c  **** 	U1LCR = 0b10000011;
  17:debug_uart.c  **** 
  18:debug_uart.c  **** 	// divisor: 11, fractional: 3/13. final baud: 115,411
  19:debug_uart.c  **** 	U1DLL = 11;
  37              		.loc 1 19 8 view .LVU4
  38 0002 0B21     		movs	r1, #11
  13:debug_uart.c  **** 
ARM GAS  /tmp/ccLkUA3L.s 			page 2


  39              		.loc 1 13 8 view .LVU5
  40 0004 1368     		ldr	r3, [r2]
  41 0006 43F01003 		orr	r3, r3, #16
  42 000a 1360     		str	r3, [r2]
  16:debug_uart.c  **** 
  43              		.loc 1 16 2 is_stmt 1 view .LVU6
  16:debug_uart.c  **** 
  44              		.loc 1 16 8 is_stmt 0 view .LVU7
  45 000c 8322     		movs	r2, #131
  46 000e 264B     		ldr	r3, .L8+4
  47 0010 1A60     		str	r2, [r3]
  48              		.loc 1 19 2 is_stmt 1 view .LVU8
  49              		.loc 1 19 8 is_stmt 0 view .LVU9
  50 0012 264A     		ldr	r2, .L8+8
  51 0014 0433     		adds	r3, r3, #4
  52 0016 1160     		str	r1, [r2]
  20:debug_uart.c  **** 	U1DLM = 0;
  53              		.loc 1 20 2 is_stmt 1 view .LVU10
  54              		.loc 1 20 8 is_stmt 0 view .LVU11
  55 0018 0021     		movs	r1, #0
  56 001a 5160     		str	r1, [r2, #4]
  21:debug_uart.c  **** 	U1FDR = (3 << 0) | (13 << 4);
  57              		.loc 1 21 2 is_stmt 1 view .LVU12
  58              		.loc 1 21 8 is_stmt 0 view .LVU13
  59 001c D321     		movs	r1, #211
  60 001e 9162     		str	r1, [r2, #40]
  22:debug_uart.c  **** 
  23:debug_uart.c  **** 	// block access to divisor latches
  24:debug_uart.c  **** 	U1LCR &= ~0b10000000;
  61              		.loc 1 24 2 is_stmt 1 view .LVU14
  62              		.loc 1 24 8 is_stmt 0 view .LVU15
  63 0020 53F8042C 		ldr	r2, [r3, #-4]
  64 0024 22F08002 		bic	r2, r2, #128
  65 0028 43F8042C 		str	r2, [r3, #-4]
  25:debug_uart.c  **** 
  26:debug_uart.c  **** 	// enable auto RTS/CTS
  27:debug_uart.c  **** 	if (flow_control)
  66              		.loc 1 27 2 is_stmt 1 view .LVU16
  67              		.loc 1 27 5 is_stmt 0 view .LVU17
  68 002c 0028     		cmp	r0, #0
  69 002e 36D0     		beq	.L2
  28:debug_uart.c  **** 		U1MCR = 0b11000000;
  70              		.loc 1 28 3 is_stmt 1 view .LVU18
  71              		.loc 1 28 9 is_stmt 0 view .LVU19
  72 0030 C022     		movs	r2, #192
  73 0032 1A60     		str	r2, [r3]
  74              	.L3:
  29:debug_uart.c  **** 	else
  30:debug_uart.c  **** 		U1MCR = 0;
  31:debug_uart.c  **** 
  32:debug_uart.c  **** 	// enable FIFO and DMA
  33:debug_uart.c  **** 	U1FCR = 0b1001;
  75              		.loc 1 33 2 is_stmt 1 view .LVU20
  76              		.loc 1 33 8 is_stmt 0 view .LVU21
  77 0034 0922     		movs	r2, #9
  78 0036 1E4B     		ldr	r3, .L8+12
  79 0038 1A60     		str	r2, [r3]
ARM GAS  /tmp/ccLkUA3L.s 			page 3


  34:debug_uart.c  **** 
  35:debug_uart.c  **** 	// set P0.15 as TXD1, with pullup
  36:debug_uart.c  **** 	PINSEL0  = (PINSEL0  & ~(0b11 << 30)) | (0b01 << 30);
  80              		.loc 1 36 2 is_stmt 1 view .LVU22
  81              		.loc 1 36 14 is_stmt 0 view .LVU23
  82 003a 1E4A     		ldr	r2, .L8+16
  83 003c 1368     		ldr	r3, [r2]
  37:debug_uart.c  **** 	PINMODE0 = (PINMODE0 & ~(0b11 << 30)) | (0b00 << 30);
  38:debug_uart.c  **** 
  39:debug_uart.c  **** 	// set P0.16 as RXD1, with pullup
  40:debug_uart.c  **** 	PINSEL1  = (PINSEL1  & ~(0b11 <<  0)) | (0b01 <<  0);
  84              		.loc 1 40 14 view .LVU24
  85 003e 0432     		adds	r2, r2, #4
  36:debug_uart.c  **** 	PINMODE0 = (PINMODE0 & ~(0b11 << 30)) | (0b00 << 30);
  86              		.loc 1 36 23 view .LVU25
  87 0040 23F04043 		bic	r3, r3, #-1073741824
  36:debug_uart.c  **** 	PINMODE0 = (PINMODE0 & ~(0b11 << 30)) | (0b00 << 30);
  88              		.loc 1 36 40 view .LVU26
  89 0044 43F08043 		orr	r3, r3, #1073741824
  36:debug_uart.c  **** 	PINMODE0 = (PINMODE0 & ~(0b11 << 30)) | (0b00 << 30);
  90              		.loc 1 36 11 view .LVU27
  91 0048 42F8043C 		str	r3, [r2, #-4]
  37:debug_uart.c  **** 	PINMODE0 = (PINMODE0 & ~(0b11 << 30)) | (0b00 << 30);
  92              		.loc 1 37 2 is_stmt 1 view .LVU28
  37:debug_uart.c  **** 	PINMODE0 = (PINMODE0 & ~(0b11 << 30)) | (0b00 << 30);
  93              		.loc 1 37 14 is_stmt 0 view .LVU29
  94 004c D36B     		ldr	r3, [r2, #60]
  37:debug_uart.c  **** 	PINMODE0 = (PINMODE0 & ~(0b11 << 30)) | (0b00 << 30);
  95              		.loc 1 37 40 view .LVU30
  96 004e 23F04043 		bic	r3, r3, #-1073741824
  37:debug_uart.c  **** 	PINMODE0 = (PINMODE0 & ~(0b11 << 30)) | (0b00 << 30);
  97              		.loc 1 37 11 view .LVU31
  98 0052 D363     		str	r3, [r2, #60]
  99              		.loc 1 40 2 is_stmt 1 view .LVU32
 100              		.loc 1 40 14 is_stmt 0 view .LVU33
 101 0054 1368     		ldr	r3, [r2]
 102              		.loc 1 40 23 view .LVU34
 103 0056 23F00303 		bic	r3, r3, #3
 104              		.loc 1 40 40 view .LVU35
 105 005a 43F00103 		orr	r3, r3, #1
 106              		.loc 1 40 11 view .LVU36
 107 005e 1360     		str	r3, [r2]
  41:debug_uart.c  **** 	PINMODE1 = (PINMODE1 & ~(0b11 <<  0)) | (0b00 <<  0);
 108              		.loc 1 41 2 is_stmt 1 view .LVU37
 109              		.loc 1 41 14 is_stmt 0 view .LVU38
 110 0060 154B     		ldr	r3, .L8+20
 111 0062 1968     		ldr	r1, [r3]
 112              		.loc 1 41 40 view .LVU39
 113 0064 21F00301 		bic	r1, r1, #3
 114              		.loc 1 41 11 view .LVU40
 115 0068 1960     		str	r1, [r3]
  42:debug_uart.c  **** 
  43:debug_uart.c  **** 	if (flow_control) {
 116              		.loc 1 43 2 is_stmt 1 view .LVU41
 117              		.loc 1 43 5 is_stmt 0 view .LVU42
 118 006a B8B1     		cbz	r0, .L1
  44:debug_uart.c  **** 		// set P0.17 as CTS1, no pullup/down
ARM GAS  /tmp/ccLkUA3L.s 			page 4


  45:debug_uart.c  **** 		PINSEL1  = (PINSEL1  & ~(0b11 <<  2)) | (0b01 <<  2);
 119              		.loc 1 45 3 is_stmt 1 view .LVU43
 120              		.loc 1 45 15 is_stmt 0 view .LVU44
 121 006c 1168     		ldr	r1, [r2]
 122              		.loc 1 45 24 view .LVU45
 123 006e 21F00C01 		bic	r1, r1, #12
 124              		.loc 1 45 41 view .LVU46
 125 0072 41F00401 		orr	r1, r1, #4
 126              		.loc 1 45 12 view .LVU47
 127 0076 1160     		str	r1, [r2]
  46:debug_uart.c  **** 		PINMODE1 = (PINMODE1 & ~(0b11 <<  2)) | (0b10 <<  2);
 128              		.loc 1 46 3 is_stmt 1 view .LVU48
 129              		.loc 1 46 15 is_stmt 0 view .LVU49
 130 0078 1968     		ldr	r1, [r3]
 131              		.loc 1 46 24 view .LVU50
 132 007a 21F00C01 		bic	r1, r1, #12
 133              		.loc 1 46 41 view .LVU51
 134 007e 41F00801 		orr	r1, r1, #8
 135              		.loc 1 46 12 view .LVU52
 136 0082 1960     		str	r1, [r3]
  47:debug_uart.c  **** 
  48:debug_uart.c  **** 		// set P0.22 as RTS1, no pullup/down
  49:debug_uart.c  **** 		PINSEL1  = (PINSEL1  & ~(0b11 << 12)) | (0b01 << 12);
 137              		.loc 1 49 3 is_stmt 1 view .LVU53
 138              		.loc 1 49 15 is_stmt 0 view .LVU54
 139 0084 1168     		ldr	r1, [r2]
 140              		.loc 1 49 24 view .LVU55
 141 0086 21F44051 		bic	r1, r1, #12288
 142              		.loc 1 49 41 view .LVU56
 143 008a 41F48051 		orr	r1, r1, #4096
 144              		.loc 1 49 12 view .LVU57
 145 008e 1160     		str	r1, [r2]
  50:debug_uart.c  **** 		PINMODE1 = (PINMODE1 & ~(0b11 << 12)) | (0b10 << 12);
 146              		.loc 1 50 3 is_stmt 1 view .LVU58
 147              		.loc 1 50 15 is_stmt 0 view .LVU59
 148 0090 1A68     		ldr	r2, [r3]
 149              		.loc 1 50 24 view .LVU60
 150 0092 22F44052 		bic	r2, r2, #12288
 151              		.loc 1 50 41 view .LVU61
 152 0096 42F40052 		orr	r2, r2, #8192
 153              		.loc 1 50 12 view .LVU62
 154 009a 1A60     		str	r2, [r3]
 155              	.L1:
  51:debug_uart.c  **** 	}
  52:debug_uart.c  **** }
 156              		.loc 1 52 1 view .LVU63
 157 009c 7047     		bx	lr
 158              	.L2:
  30:debug_uart.c  **** 
 159              		.loc 1 30 3 is_stmt 1 view .LVU64
  30:debug_uart.c  **** 
 160              		.loc 1 30 9 is_stmt 0 view .LVU65
 161 009e 1860     		str	r0, [r3]
 162 00a0 C8E7     		b	.L3
 163              	.L9:
 164 00a2 00BF     		.align	2
 165              	.L8:
ARM GAS  /tmp/ccLkUA3L.s 			page 5


 166 00a4 C4C00F40 		.word	1074774212
 167 00a8 0C000140 		.word	1073807372
 168 00ac 00000140 		.word	1073807360
 169 00b0 08000140 		.word	1073807368
 170 00b4 00C00240 		.word	1073922048
 171 00b8 44C00240 		.word	1073922116
 172              		.cfi_endproc
 173              	.LFE3:
 175              		.section	.text.debug_write,"ax",%progbits
 176              		.align	1
 177              		.global	debug_write
 178              		.syntax unified
 179              		.thumb
 180              		.thumb_func
 181              		.fpu softvfp
 183              	debug_write:
 184              	.LVL1:
 185              	.LFB4:
  53:debug_uart.c  **** 
  54:debug_uart.c  **** // synchronously write a string to debug UART
  55:debug_uart.c  **** // does not start any DMA
  56:debug_uart.c  **** void debug_write(const char *str) {
 186              		.loc 1 56 35 is_stmt 1 view -0
 187              		.cfi_startproc
 188              		@ args = 0, pretend = 0, frame = 0
 189              		@ frame_needed = 0, uses_anonymous_args = 0
 190              		.loc 1 56 35 is_stmt 0 view .LVU67
 191 0000 10B5     		push	{r4, lr}
 192              		.cfi_def_cfa_offset 8
 193              		.cfi_offset 4, -8
 194              		.cfi_offset 14, -4
  57:debug_uart.c  **** 	unsigned i;
 195              		.loc 1 57 2 is_stmt 1 view .LVU68
  58:debug_uart.c  **** 
  59:debug_uart.c  **** 	for (i = 0; str[i]; ++i) {
 196              		.loc 1 59 2 view .LVU69
 197              	.LVL2:
  60:debug_uart.c  **** 		while ((U1LSR & U1LSR_THRE) == 0)
 198              		.loc 1 60 11 is_stmt 0 view .LVU70
 199 0002 064A     		ldr	r2, .L16
  61:debug_uart.c  **** 			;
  62:debug_uart.c  **** 		U1THR = str[i];
 200              		.loc 1 62 9 view .LVU71
 201 0004 0649     		ldr	r1, .L16+4
 202 0006 0138     		subs	r0, r0, #1
 203              	.LVL3:
 204              	.L11:
  59:debug_uart.c  **** 		while ((U1LSR & U1LSR_THRE) == 0)
 205              		.loc 1 59 14 is_stmt 1 discriminator 1 view .LVU72
  59:debug_uart.c  **** 		while ((U1LSR & U1LSR_THRE) == 0)
 206              		.loc 1 59 17 is_stmt 0 discriminator 1 view .LVU73
 207 0008 10F8013F 		ldrb	r3, [r0, #1]!	@ zero_extendqisi2
 208              	.LVL4:
  59:debug_uart.c  **** 		while ((U1LSR & U1LSR_THRE) == 0)
 209              		.loc 1 59 2 discriminator 1 view .LVU74
 210 000c 03B9     		cbnz	r3, .L12
  63:debug_uart.c  **** 	}
ARM GAS  /tmp/ccLkUA3L.s 			page 6


  64:debug_uart.c  **** }
 211              		.loc 1 64 1 view .LVU75
 212 000e 10BD     		pop	{r4, pc}
 213              	.L12:
  61:debug_uart.c  **** 		U1THR = str[i];
 214              		.loc 1 61 4 is_stmt 1 discriminator 1 view .LVU76
  60:debug_uart.c  **** 			;
 215              		.loc 1 60 9 discriminator 1 view .LVU77
  60:debug_uart.c  **** 			;
 216              		.loc 1 60 11 is_stmt 0 discriminator 1 view .LVU78
 217 0010 1468     		ldr	r4, [r2]
  60:debug_uart.c  **** 			;
 218              		.loc 1 60 9 discriminator 1 view .LVU79
 219 0012 A406     		lsls	r4, r4, #26
 220 0014 FCD5     		bpl	.L12
  62:debug_uart.c  **** 	}
 221              		.loc 1 62 3 is_stmt 1 discriminator 2 view .LVU80
  62:debug_uart.c  **** 	}
 222              		.loc 1 62 9 is_stmt 0 discriminator 2 view .LVU81
 223 0016 0B60     		str	r3, [r1]
  59:debug_uart.c  **** 		while ((U1LSR & U1LSR_THRE) == 0)
 224              		.loc 1 59 22 is_stmt 1 discriminator 2 view .LVU82
 225              	.LVL5:
  59:debug_uart.c  **** 		while ((U1LSR & U1LSR_THRE) == 0)
 226              		.loc 1 59 22 is_stmt 0 discriminator 2 view .LVU83
 227 0018 F6E7     		b	.L11
 228              	.L17:
 229 001a 00BF     		.align	2
 230              	.L16:
 231 001c 14000140 		.word	1073807380
 232 0020 00000140 		.word	1073807360
 233              		.cfi_endproc
 234              	.LFE4:
 236              		.section	.text.debug_printf,"ax",%progbits
 237              		.align	1
 238              		.global	debug_printf
 239              		.syntax unified
 240              		.thumb
 241              		.thumb_func
 242              		.fpu softvfp
 244              	debug_printf:
 245              	.LVL6:
 246              	.LFB6:
  65:debug_uart.c  **** 
  66:debug_uart.c  **** static void debug_send_dma(size_t size) {
  67:debug_uart.c  **** 	DMACC7SrcAddr = (uint32_t)debug_buffer;
  68:debug_uart.c  **** 	DMACC7DestAddr = (uint32_t)&U1THR;
  69:debug_uart.c  **** 	DMACC7LLI = 0;
  70:debug_uart.c  **** 	DMACC7Control =
  71:debug_uart.c  **** 			(size & 0xfff)   | // transfer size
  72:debug_uart.c  **** 			(0b000 << 12)    | // source burst: 1 byte
  73:debug_uart.c  **** 			(0b000 << 15)    | // dest burst: 1 byte
  74:debug_uart.c  **** 			DMACCxControl_SI | // source increment
  75:debug_uart.c  **** 			DMACCxControl_I  ; // terminal count interrupt enable
  76:debug_uart.c  **** 	DMACC7Config =
  77:debug_uart.c  **** 			(10 << 6)         | // UART1 TX
  78:debug_uart.c  **** 			(0b001 << 11)     | // memory to peripheral
ARM GAS  /tmp/ccLkUA3L.s 			page 7


  79:debug_uart.c  **** 			DMACCxConfig_IE   | // allow error interrupts
  80:debug_uart.c  **** 			DMACCxConfig_ITC  ; // allow terminal count interrupts
  81:debug_uart.c  **** 
  82:debug_uart.c  **** 	DMACC7Config |= 1;
  83:debug_uart.c  **** }
  84:debug_uart.c  **** 
  85:debug_uart.c  **** void debug_printf(char *fmt, ...) {
 247              		.loc 1 85 35 is_stmt 1 view -0
 248              		.cfi_startproc
 249              		@ args = 4, pretend = 16, frame = 8
 250              		@ frame_needed = 0, uses_anonymous_args = 1
 251              		.loc 1 85 35 is_stmt 0 view .LVU85
 252 0000 0FB4     		push	{r0, r1, r2, r3}
 253              		.cfi_def_cfa_offset 16
 254              		.cfi_offset 0, -16
 255              		.cfi_offset 1, -12
 256              		.cfi_offset 2, -8
 257              		.cfi_offset 3, -4
 258 0002 37B5     		push	{r0, r1, r2, r4, r5, lr}
 259              		.cfi_def_cfa_offset 40
 260              		.cfi_offset 4, -28
 261              		.cfi_offset 5, -24
 262              		.cfi_offset 14, -20
  86:debug_uart.c  **** 	va_list ap;
 263              		.loc 1 86 2 is_stmt 1 view .LVU86
  87:debug_uart.c  **** 	void *ret;
 264              		.loc 1 87 2 view .LVU87
  88:debug_uart.c  **** 
  89:debug_uart.c  **** 	// TODO warn user?
  90:debug_uart.c  **** 	if (debug_dma_active)
 265              		.loc 1 90 2 view .LVU88
 266              		.loc 1 90 6 is_stmt 0 view .LVU89
 267 0004 134B     		ldr	r3, .L21
 268              		.loc 1 90 5 view .LVU90
 269 0006 1D68     		ldr	r5, [r3]
 270 0008 FDB9     		cbnz	r5, .L18
  91:debug_uart.c  **** 		return;
  92:debug_uart.c  **** 	debug_dma_active = 1;
 271              		.loc 1 92 2 is_stmt 1 view .LVU91
 272              		.loc 1 92 19 is_stmt 0 view .LVU92
 273 000a 0122     		movs	r2, #1
  93:debug_uart.c  **** 
  94:debug_uart.c  **** 	va_start(ap, fmt);
  95:debug_uart.c  **** 	tfp_vsnprintf(debug_buffer, sizeof(debug_buffer) - 1, fmt, ap);
 274              		.loc 1 95 2 view .LVU93
 275 000c 124C     		ldr	r4, .L21+4
  92:debug_uart.c  **** 
 276              		.loc 1 92 19 view .LVU94
 277 000e 1A60     		str	r2, [r3]
  94:debug_uart.c  **** 	tfp_vsnprintf(debug_buffer, sizeof(debug_buffer) - 1, fmt, ap);
 278              		.loc 1 94 2 is_stmt 1 view .LVU95
 279              		.loc 1 95 2 is_stmt 0 view .LVU96
 280 0010 FF21     		movs	r1, #255
  94:debug_uart.c  **** 	tfp_vsnprintf(debug_buffer, sizeof(debug_buffer) - 1, fmt, ap);
 281              		.loc 1 94 2 view .LVU97
 282 0012 07AB     		add	r3, sp, #28
 283              		.loc 1 95 2 view .LVU98
ARM GAS  /tmp/ccLkUA3L.s 			page 8


 284 0014 069A     		ldr	r2, [sp, #24]
 285 0016 2046     		mov	r0, r4
  94:debug_uart.c  **** 	tfp_vsnprintf(debug_buffer, sizeof(debug_buffer) - 1, fmt, ap);
 286              		.loc 1 94 2 view .LVU99
 287 0018 0193     		str	r3, [sp, #4]
 288              		.loc 1 95 2 is_stmt 1 view .LVU100
 289 001a FFF7FEFF 		bl	tfp_vsnprintf
 290              	.LVL7:
  96:debug_uart.c  **** 	va_end(ap);
 291              		.loc 1 96 2 view .LVU101
  97:debug_uart.c  **** 	debug_buffer[sizeof(debug_buffer) - 1] = 0;
 292              		.loc 1 97 2 view .LVU102
  98:debug_uart.c  **** 
  99:debug_uart.c  **** 	size_t len = strlen(debug_buffer);
 293              		.loc 1 99 15 is_stmt 0 view .LVU103
 294 001e 2046     		mov	r0, r4
  97:debug_uart.c  **** 	debug_buffer[sizeof(debug_buffer) - 1] = 0;
 295              		.loc 1 97 41 view .LVU104
 296 0020 84F8FF50 		strb	r5, [r4, #255]
 297              		.loc 1 99 2 is_stmt 1 view .LVU105
 298              		.loc 1 99 15 is_stmt 0 view .LVU106
 299 0024 FFF7FEFF 		bl	strlen
 300              	.LVL8:
 100:debug_uart.c  **** 	debug_send_dma(len);
 301              		.loc 1 100 2 is_stmt 1 view .LVU107
 302              	.LBB4:
 303              	.LBI4:
  66:debug_uart.c  **** 	DMACC7SrcAddr = (uint32_t)debug_buffer;
 304              		.loc 1 66 13 view .LVU108
 305              	.LBB5:
  67:debug_uart.c  **** 	DMACC7DestAddr = (uint32_t)&U1THR;
 306              		.loc 1 67 2 view .LVU109
  67:debug_uart.c  **** 	DMACC7DestAddr = (uint32_t)&U1THR;
 307              		.loc 1 67 16 is_stmt 0 view .LVU110
 308 0028 0C4B     		ldr	r3, .L21+8
  68:debug_uart.c  **** 	DMACC7LLI = 0;
 309              		.loc 1 68 17 view .LVU111
 310 002a 0D4A     		ldr	r2, .L21+12
  67:debug_uart.c  **** 	DMACC7DestAddr = (uint32_t)&U1THR;
 311              		.loc 1 67 16 view .LVU112
 312 002c 1C60     		str	r4, [r3]
  68:debug_uart.c  **** 	DMACC7LLI = 0;
 313              		.loc 1 68 2 is_stmt 1 view .LVU113
  68:debug_uart.c  **** 	DMACC7LLI = 0;
 314              		.loc 1 68 17 is_stmt 0 view .LVU114
 315 002e 5A60     		str	r2, [r3, #4]
  69:debug_uart.c  **** 	DMACC7Control =
 316              		.loc 1 69 2 is_stmt 1 view .LVU115
  76:debug_uart.c  **** 			(10 << 6)         | // UART1 TX
 317              		.loc 1 76 15 is_stmt 0 view .LVU116
 318 0030 4CF68022 		movw	r2, #51840
  72:debug_uart.c  **** 			(0b000 << 15)    | // dest burst: 1 byte
 319              		.loc 1 72 21 view .LVU117
 320 0034 C0F30B00 		ubfx	r0, r0, #0, #12
 321              	.LVL9:
  74:debug_uart.c  **** 			DMACCxControl_I  ; // terminal count interrupt enable
 322              		.loc 1 74 21 view .LVU118
ARM GAS  /tmp/ccLkUA3L.s 			page 9


 323 0038 40F00440 		orr	r0, r0, #-2080374784
  69:debug_uart.c  **** 	DMACC7Control =
 324              		.loc 1 69 12 view .LVU119
 325 003c 9D60     		str	r5, [r3, #8]
  70:debug_uart.c  **** 			(size & 0xfff)   | // transfer size
 326              		.loc 1 70 2 is_stmt 1 view .LVU120
  70:debug_uart.c  **** 			(size & 0xfff)   | // transfer size
 327              		.loc 1 70 16 is_stmt 0 view .LVU121
 328 003e D860     		str	r0, [r3, #12]
  76:debug_uart.c  **** 			(10 << 6)         | // UART1 TX
 329              		.loc 1 76 2 is_stmt 1 view .LVU122
  76:debug_uart.c  **** 			(10 << 6)         | // UART1 TX
 330              		.loc 1 76 15 is_stmt 0 view .LVU123
 331 0040 1A61     		str	r2, [r3, #16]
  82:debug_uart.c  **** }
 332              		.loc 1 82 2 is_stmt 1 view .LVU124
  82:debug_uart.c  **** }
 333              		.loc 1 82 15 is_stmt 0 view .LVU125
 334 0042 1A69     		ldr	r2, [r3, #16]
 335 0044 42F00102 		orr	r2, r2, #1
 336 0048 1A61     		str	r2, [r3, #16]
 337              	.L18:
  82:debug_uart.c  **** }
 338              		.loc 1 82 15 view .LVU126
 339              	.LBE5:
 340              	.LBE4:
 101:debug_uart.c  **** }
 341              		.loc 1 101 1 view .LVU127
 342 004a 03B0     		add	sp, sp, #12
 343              		.cfi_def_cfa_offset 28
 344              		@ sp needed
 345 004c BDE83040 		pop	{r4, r5, lr}
 346              		.cfi_restore 14
 347              		.cfi_restore 5
 348              		.cfi_restore 4
 349              		.cfi_def_cfa_offset 16
 350 0050 04B0     		add	sp, sp, #16
 351              		.cfi_restore 3
 352              		.cfi_restore 2
 353              		.cfi_restore 1
 354              		.cfi_restore 0
 355              		.cfi_def_cfa_offset 0
 356 0052 7047     		bx	lr
 357              	.L22:
 358              		.align	2
 359              	.L21:
 360 0054 00000000 		.word	.LANCHOR0
 361 0058 00000000 		.word	debug_buffer
 362 005c E0410050 		.word	1342194144
 363 0060 00000140 		.word	1073807360
 364              		.cfi_endproc
 365              	.LFE6:
 367              		.comm	debug_buffer,256,1
 368              		.global	debug_dma_active
 369              		.bss
 370              		.align	2
 371              		.set	.LANCHOR0,. + 0
ARM GAS  /tmp/ccLkUA3L.s 			page 10


 374              	debug_dma_active:
 375 0000 00000000 		.space	4
 376              		.text
 377              	.Letext0:
 378              		.file 2 "/usr/lib/gcc/arm-none-eabi/9.2.1/include/stdarg.h"
 379              		.file 3 "/usr/include/newlib/machine/_default_types.h"
 380              		.file 4 "/usr/lib/gcc/arm-none-eabi/9.2.1/include/stddef.h"
 381              		.file 5 "/usr/include/newlib/sys/_types.h"
 382              		.file 6 "/usr/include/newlib/sys/reent.h"
 383              		.file 7 "/usr/include/newlib/sys/lock.h"
 384              		.file 8 "/usr/include/newlib/sys/_stdint.h"
 385              		.file 9 "../common/ubertooth.h"
 386              		.file 10 "tinyprintf.h"
 387              		.file 11 "/usr/include/newlib/string.h"
 388              		.file 12 "<built-in>"
ARM GAS  /tmp/ccLkUA3L.s 			page 11


DEFINED SYMBOLS
                            *ABS*:0000000000000000 debug_uart.c
     /tmp/ccLkUA3L.s:16     .text.debug_uart_init:0000000000000000 $t
     /tmp/ccLkUA3L.s:24     .text.debug_uart_init:0000000000000000 debug_uart_init
     /tmp/ccLkUA3L.s:166    .text.debug_uart_init:00000000000000a4 $d
     /tmp/ccLkUA3L.s:176    .text.debug_write:0000000000000000 $t
     /tmp/ccLkUA3L.s:183    .text.debug_write:0000000000000000 debug_write
     /tmp/ccLkUA3L.s:231    .text.debug_write:000000000000001c $d
     /tmp/ccLkUA3L.s:237    .text.debug_printf:0000000000000000 $t
     /tmp/ccLkUA3L.s:244    .text.debug_printf:0000000000000000 debug_printf
     /tmp/ccLkUA3L.s:360    .text.debug_printf:0000000000000054 $d
                            *COM*:0000000000000100 debug_buffer
     /tmp/ccLkUA3L.s:374    .bss:0000000000000000 debug_dma_active
     /tmp/ccLkUA3L.s:370    .bss:0000000000000000 $d

UNDEFINED SYMBOLS
tfp_vsnprintf
strlen
