ARM GAS  /tmp/ccpjd61u.s 			page 1


   1              		.cpu cortex-m3
   2              		.eabi_attribute 20, 1
   3              		.eabi_attribute 21, 1
   4              		.eabi_attribute 23, 3
   5              		.eabi_attribute 24, 1
   6              		.eabi_attribute 25, 1
   7              		.eabi_attribute 26, 1
   8              		.eabi_attribute 30, 2
   9              		.eabi_attribute 34, 1
  10              		.eabi_attribute 18, 4
  11              		.file	"perm5.c"
  12              		.text
  13              	.Ltext0:
  14              		.cfi_sections	.debug_frame
  15              		.global	perm5_lut
  16              		.section	.rodata
  17              		.align	2
  20              	perm5_lut:
  21 0000 00010203 		.ascii	"\000\001\002\003\004\005\006\007\010\011\012\013\014"
  21      04050607 
  21      08090A0B 
  21      0C
  22 000d 0D0E0F10 		.ascii	"\015\016\017\020\021\022\023\024\025\026\027\030\031"
  22      11121314 
  22      15161718 
  22      19
  23 001a 1A1B1C1D 		.ascii	"\032\033\034\035\036\037\000\001\002\003\004\005\006"
  23      1E1F0001 
  23      02030405 
  23      06
  24 0027 07101112 		.ascii	"\007\020\021\022\023\024\025\026\027\010\011\012\013"
  24      13141516 
  24      1708090A 
  24      0B
  25 0034 0C0D0E0F 		.ascii	"\014\015\016\017\030\031\032\033\034\035\036\037\000"
  25      18191A1B 
  25      1C1D1E1F 
  25      00
  26 0041 01101104 		.ascii	"\001\020\021\004\005\024\025\010\011\030\031\014\015"
  26      05141508 
  26      0918190C 
  26      0D
  27 004e 1C1D0203 		.ascii	"\034\035\002\003\022\023\006\007\026\027\012\013\032"
  27      12130607 
  27      16170A0B 
  27      1A
  28 005b 1B0E0F1E 		.ascii	"\033\016\017\036\037\000\001\010\011\004\005\014\015"
  28      1F000108 
  28      0904050C 
  28      0D
  29 0068 10111819 		.ascii	"\020\021\030\031\024\025\034\035\002\003\012\013\006"
  29      14151C1D 
  29      02030A0B 
  29      06
  30 0075 070E0F12 		.ascii	"\007\016\017\022\023\032\033\026\027\036\037\000\010"
  30      131A1B16 
  30      171E1F00 
ARM GAS  /tmp/ccpjd61u.s 			page 2


  30      08
  31 0082 020A040C 		.ascii	"\002\012\004\014\006\016\001\011\003\013\005\015\007"
  31      060E0109 
  31      030B050D 
  31      07
  32 008f 0F101812 		.ascii	"\017\020\030\022\032\024\034\026\036\021\031\023\033"
  32      1A141C16 
  32      1E111913 
  32      1B
  33 009c 151D171F 		.ascii	"\025\035\027\037\000\020\002\022\004\024\006\026\001"
  33      00100212 
  33      04140616 
  33      01
  34 00a9 11031305 		.ascii	"\021\003\023\005\025\007\027\010\030\012\032\014\034"
  34      15071708 
  34      180A1A0C 
  34      1C
  35 00b6 0E1E0919 		.ascii	"\016\036\011\031\013\033\015\035\017\037\000\010\020"
  35      0B1B0D1D 
  35      0F1F0008 
  35      10
  36 00c3 18040C14 		.ascii	"\030\004\014\024\034\001\011\021\031\005\015\025\035"
  36      1C010911 
  36      19050D15 
  36      1D
  37 00d0 020A121A 		.ascii	"\002\012\022\032\006\016\026\036\003\013\023\033\007"
  37      060E161E 
  37      030B131B 
  37      07
  38 00dd 0F171F00 		.ascii	"\017\027\037\000\020\010\030\004\024\014\034\001\021"
  38      10081804 
  38      140C1C01 
  38      11
  39 00ea 09190515 		.ascii	"\011\031\005\025\015\035\002\022\012\032\006\026\016"
  39      0D1D0212 
  39      0A1A0616 
  39      0E
  40 00f7 1E03130B 		.ascii	"\036\003\023\013\033\007\027\017\037\000\001\002\003"
  40      1B07170F 
  40      1F000102 
  40      03
  41 0104 10111213 		.ascii	"\020\021\022\023\010\011\012\013\030\031\032\033\004"
  41      08090A0B 
  41      18191A1B 
  41      04
  42 0111 05060714 		.ascii	"\005\006\007\024\025\026\027\014\015\016\017\034\035"
  42      1516170C 
  42      0D0E0F1C 
  42      1D
  43 011e 1E1F0001 		.ascii	"\036\037\000\001\002\003\010\011\012\013\020\021\022"
  43      02030809 
  43      0A0B1011 
  43      12
  44 012b 1318191A 		.ascii	"\023\030\031\032\033\004\005\006\007\014\015\016\017"
  44      1B040506 
  44      070C0D0E 
  44      0F
ARM GAS  /tmp/ccpjd61u.s 			page 3


  45 0138 14151617 		.ascii	"\024\025\026\027\034\035\036\037\000\001\020\021\002"
  45      1C1D1E1F 
  45      00011011 
  45      02
  46 0145 03121308 		.ascii	"\003\022\023\010\011\030\031\012\013\032\033\004\005"
  46      0918190A 
  46      0B1A1B04 
  46      05
  47 0152 14150607 		.ascii	"\024\025\006\007\026\027\014\015\034\035\016\017\036"
  47      16170C0D 
  47      1C1D0E0F 
  47      1E
  48 015f 1F000108 		.ascii	"\037\000\001\010\011\002\003\012\013\020\021\030\031"
  48      0902030A 
  48      0B101118 
  48      19
  49 016c 12131A1B 		.ascii	"\022\023\032\033\004\005\014\015\006\007\016\017\024"
  49      04050C0D 
  49      06070E0F 
  49      14
  50 0179 151C1D16 		.ascii	"\025\034\035\026\027\036\037\000\010\002\012\020\030"
  50      171E1F00 
  50      08020A10 
  50      18
  51 0186 121A0109 		.ascii	"\022\032\001\011\003\013\021\031\023\033\004\014\006"
  51      030B1119 
  51      131B040C 
  51      06
  52 0193 0E141C16 		.ascii	"\016\024\034\026\036\005\015\007\017\025\035\027\037"
  52      1E050D07 
  52      0F151D17 
  52      1F
  53 01a0 00100212 		.ascii	"\000\020\002\022\010\030\012\032\001\021\003\023\011"
  53      08180A1A 
  53      01110313 
  53      09
  54 01ad 190B1B04 		.ascii	"\031\013\033\004\024\006\026\014\034\016\036\005\025"
  54      1406160C 
  54      1C0E1E05 
  54      15
  55 01ba 07170D1D 		.ascii	"\007\027\015\035\017\037\000\010\020\030\002\012\022"
  55      0F1F0008 
  55      1018020A 
  55      12
  56 01c7 1A010911 		.ascii	"\032\001\011\021\031\003\013\023\033\004\014\024\034"
  56      19030B13 
  56      1B040C14 
  56      1C
  57 01d4 060E161E 		.ascii	"\006\016\026\036\005\015\025\035\007\017\027\037\000"
  57      050D151D 
  57      070F171F 
  57      00
  58 01e1 10081802 		.ascii	"\020\010\030\002\022\012\032\001\021\011\031\003\023"
  58      120A1A01 
  58      11091903 
  58      13
  59 01ee 0B1B0414 		.ascii	"\013\033\004\024\014\034\006\026\016\036\005\025\015"
ARM GAS  /tmp/ccpjd61u.s 			page 4


  59      0C1C0616 
  59      0E1E0515 
  59      0D
  60 01fb 1D07170F 		.ascii	"\035\007\027\017\037\000\001\010\011\004\005\014\015"
  60      1F000108 
  60      0904050C 
  60      0D
  61 0208 02030A0B 		.ascii	"\002\003\012\013\006\007\016\017\020\021\030\031\024"
  61      06070E0F 
  61      10111819 
  61      14
  62 0215 151C1D12 		.ascii	"\025\034\035\022\023\032\033\026\027\036\037\000\001"
  62      131A1B16 
  62      171E1F00 
  62      01
  63 0222 10110405 		.ascii	"\020\021\004\005\024\025\002\003\022\023\006\007\026"
  63      14150203 
  63      12130607 
  63      16
  64 022f 17080918 		.ascii	"\027\010\011\030\031\014\015\034\035\012\013\032\033"
  64      190C0D1C 
  64      1D0A0B1A 
  64      1B
  65 023c 0E0F1E1F 		.ascii	"\016\017\036\037\000\001\010\011\004\005\014\015\020"
  65      00010809 
  65      04050C0D 
  65      10
  66 0249 11181914 		.ascii	"\021\030\031\024\025\034\035\002\003\012\013\006\007"
  66      151C1D02 
  66      030A0B06 
  66      07
  67 0256 0E0F1213 		.ascii	"\016\017\022\023\032\033\026\027\036\037\000\001\020"
  67      1A1B1617 
  67      1E1F0001 
  67      10
  68 0263 11040514 		.ascii	"\021\004\005\024\025\010\011\030\031\014\015\034\035"
  68      15080918 
  68      190C0D1C 
  68      1D
  69 0270 02031213 		.ascii	"\002\003\022\023\006\007\026\027\012\013\032\033\016"
  69      06071617 
  69      0A0B1A1B 
  69      0E
  70 027d 0F1E1F00 		.ascii	"\017\036\037\000\010\001\011\004\014\005\015\002\012"
  70      08010904 
  70      0C050D02 
  70      0A
  71 028a 030B060E 		.ascii	"\003\013\006\016\007\017\020\030\021\031\024\034\025"
  71      070F1018 
  71      1119141C 
  71      15
  72 0297 1D121A13 		.ascii	"\035\022\032\023\033\026\036\027\037\000\020\001\021"
  72      1B161E17 
  72      1F001001 
  72      11
  73 02a4 04140515 		.ascii	"\004\024\005\025\002\022\003\023\006\026\007\027\010"
  73      02120313 
ARM GAS  /tmp/ccpjd61u.s 			page 5


  73      06160717 
  73      08
  74 02b1 1809190C 		.ascii	"\030\011\031\014\034\015\035\012\032\013\033\016\036"
  74      1C0D1D0A 
  74      1A0B1B0E 
  74      1E
  75 02be 0F1F0008 		.ascii	"\017\037\000\010\001\011\004\014\005\015\020\030\021"
  75      0109040C 
  75      050D1018 
  75      11
  76 02cb 19141C15 		.ascii	"\031\024\034\025\035\002\012\003\013\006\016\007\017"
  76      1D020A03 
  76      0B060E07 
  76      0F
  77 02d8 121A131B 		.ascii	"\022\032\023\033\026\036\027\037\000\020\001\021\004"
  77      161E171F 
  77      00100111 
  77      04
  78 02e5 14051508 		.ascii	"\024\005\025\010\030\011\031\014\034\015\035\002\022"
  78      1809190C 
  78      1C0D1D02 
  78      12
  79 02f2 03130616 		.ascii	"\003\023\006\026\007\027\012\032\013\033\016\036\017"
  79      07170A1A 
  79      0B1B0E1E 
  79      0F
  80 02ff 1F000108 		.ascii	"\037\000\001\010\011\020\021\030\031\002\003\012\013"
  80      09101118 
  80      1902030A 
  80      0B
  81 030c 12131A1B 		.ascii	"\022\023\032\033\004\005\014\015\024\025\034\035\006"
  81      04050C0D 
  81      14151C1D 
  81      06
  82 0319 070E0F16 		.ascii	"\007\016\017\026\027\036\037\000\001\020\021\010\011"
  82      171E1F00 
  82      01101108 
  82      09
  83 0326 18190203 		.ascii	"\030\031\002\003\022\023\012\013\032\033\004\005\024"
  83      12130A0B 
  83      1A1B0405 
  83      14
  84 0333 150C0D1C 		.ascii	"\025\014\015\034\035\006\007\026\027\016\017\036\037"
  84      1D060716 
  84      170E0F1E 
  84      1F
  85 0340 00010809 		.ascii	"\000\001\010\011\002\003\012\013\020\021\030\031\022"
  85      02030A0B 
  85      10111819 
  85      12
  86 034d 131A1B04 		.ascii	"\023\032\033\004\005\014\015\006\007\016\017\024\025"
  86      050C0D06 
  86      070E0F14 
  86      15
  87 035a 1C1D1617 		.ascii	"\034\035\026\027\036\037\000\001\020\021\002\003\022"
  87      1E1F0001 
  87      10110203 
ARM GAS  /tmp/ccpjd61u.s 			page 6


  87      12
  88 0367 13080918 		.ascii	"\023\010\011\030\031\012\013\032\033\004\005\024\025"
  88      190A0B1A 
  88      1B040514 
  88      15
  89 0374 06071617 		.ascii	"\006\007\026\027\014\015\034\035\016\017\036\037\000"
  89      0C0D1C1D 
  89      0E0F1E1F 
  89      00
  90 0381 08010910 		.ascii	"\010\001\011\020\030\021\031\002\012\003\013\022\032"
  90      18111902 
  90      0A030B12 
  90      1A
  91 038e 131B040C 		.ascii	"\023\033\004\014\005\015\024\034\025\035\006\016\007"
  91      050D141C 
  91      151D060E 
  91      07
  92 039b 0F161E17 		.ascii	"\017\026\036\027\037\000\020\001\021\010\030\011\031"
  92      1F001001 
  92      11081809 
  92      19
  93 03a8 02120313 		.ascii	"\002\022\003\023\012\032\013\033\004\024\005\025\014"
  93      0A1A0B1B 
  93      04140515 
  93      0C
  94 03b5 1C0D1D06 		.ascii	"\034\015\035\006\026\007\027\016\036\017\037\000\010"
  94      1607170E 
  94      1E0F1F00 
  94      08
  95 03c2 0109020A 		.ascii	"\001\011\002\012\003\013\020\030\021\031\022\032\023"
  95      030B1018 
  95      1119121A 
  95      13
  96 03cf 1B040C05 		.ascii	"\033\004\014\005\015\006\016\007\017\024\034\025\035"
  96      0D060E07 
  96      0F141C15 
  96      1D
  97 03dc 161E171F 		.ascii	"\026\036\027\037\000\020\001\021\002\022\003\023\010"
  97      00100111 
  97      02120313 
  97      08
  98 03e9 1809190A 		.ascii	"\030\011\031\012\032\013\033\004\024\005\025\006\026"
  98      1A0B1B04 
  98      14051506 
  98      16
  99 03f6 07170C1C 		.ascii	"\007\027\014\034\015\035\016\036\017\037\000\010\002"
  99      0D1D0E1E 
  99      0F1F0008 
  99      02
 100 0403 0A040C06 		.ascii	"\012\004\014\006\016\001\011\003\013\005\015\007\017"
 100      0E010903 
 100      0B050D07 
 100      0F
 101 0410 1018121A 		.ascii	"\020\030\022\032\024\034\026\036\021\031\023\033\025"
 101      141C161E 
 101      1119131B 
 101      15
ARM GAS  /tmp/ccpjd61u.s 			page 7


 102 041d 1D171F00 		.ascii	"\035\027\037\000\020\002\022\004\024\006\026\001\021"
 102      10021204 
 102      14061601 
 102      11
 103 042a 03130515 		.ascii	"\003\023\005\025\007\027\010\030\012\032\014\034\016"
 103      07170818 
 103      0A1A0C1C 
 103      0E
 104 0437 1E09190B 		.ascii	"\036\011\031\013\033\015\035\017\037\000\010\020\030"
 104      1B0D1D0F 
 104      1F000810 
 104      18
 105 0444 040C141C 		.ascii	"\004\014\024\034\001\011\021\031\005\015\025\035\002"
 105      01091119 
 105      050D151D 
 105      02
 106 0451 0A121A06 		.ascii	"\012\022\032\006\016\026\036\003\013\023\033\007\017"
 106      0E161E03 
 106      0B131B07 
 106      0F
 107 045e 171F0010 		.ascii	"\027\037\000\020\010\030\004\024\014\034\001\021\011"
 107      08180414 
 107      0C1C0111 
 107      09
 108 046b 1905150D 		.ascii	"\031\005\025\015\035\002\022\012\032\006\026\016\036"
 108      1D02120A 
 108      1A06160E 
 108      1E
 109 0478 03130B1B 		.ascii	"\003\023\013\033\007\027\017\037\000\001\002\003\004"
 109      07170F1F 
 109      00010203 
 109      04
 110 0485 05060708 		.ascii	"\005\006\007\010\011\012\013\014\015\016\017\020\021"
 110      090A0B0C 
 110      0D0E0F10 
 110      11
 111 0492 12131415 		.ascii	"\022\023\024\025\026\027\030\031\032\033\034\035\036"
 111      16171819 
 111      1A1B1C1D 
 111      1E
 112 049f 1F000102 		.ascii	"\037\000\001\002\003\004\005\006\007\020\021\022\023"
 112      03040506 
 112      07101112 
 112      13
 113 04ac 14151617 		.ascii	"\024\025\026\027\010\011\012\013\014\015\016\017\030"
 113      08090A0B 
 113      0C0D0E0F 
 113      18
 114 04b9 191A1B1C 		.ascii	"\031\032\033\034\035\036\037\000\001\020\021\004\005"
 114      1D1E1F00 
 114      01101104 
 114      05
 115 04c6 14150809 		.ascii	"\024\025\010\011\030\031\014\015\034\035\002\003\022"
 115      18190C0D 
 115      1C1D0203 
 115      12
 116 04d3 13060716 		.ascii	"\023\006\007\026\027\012\013\032\033\016\017\036\037"
ARM GAS  /tmp/ccpjd61u.s 			page 8


 116      170A0B1A 
 116      1B0E0F1E 
 116      1F
 117 04e0 00010809 		.ascii	"\000\001\010\011\004\005\014\015\020\021\030\031\024"
 117      04050C0D 
 117      10111819 
 117      14
 118 04ed 151C1D02 		.ascii	"\025\034\035\002\003\012\013\006\007\016\017\022\023"
 118      030A0B06 
 118      070E0F12 
 118      13
 119 04fa 1A1B1617 		.ascii	"\032\033\026\027\036\037\000\010\002\012\020\030\022"
 119      1E1F0008 
 119      020A1018 
 119      12
 120 0507 1A010903 		.ascii	"\032\001\011\003\013\021\031\023\033\004\014\006\016"
 120      0B111913 
 120      1B040C06 
 120      0E
 121 0514 141C161E 		.ascii	"\024\034\026\036\005\015\007\017\025\035\027\037\000"
 121      050D070F 
 121      151D171F 
 121      00
 122 0521 10021208 		.ascii	"\020\002\022\010\030\012\032\001\021\003\023\011\031"
 122      180A1A01 
 122      11031309 
 122      19
 123 052e 0B1B0414 		.ascii	"\013\033\004\024\006\026\014\034\016\036\005\025\007"
 123      06160C1C 
 123      0E1E0515 
 123      07
 124 053b 170D1D0F 		.ascii	"\027\015\035\017\037\000\010\020\030\002\012\022\032"
 124      1F000810 
 124      18020A12 
 124      1A
 125 0548 01091119 		.ascii	"\001\011\021\031\003\013\023\033\004\014\024\034\006"
 125      030B131B 
 125      040C141C 
 125      06
 126 0555 0E161E05 		.ascii	"\016\026\036\005\015\025\035\007\017\027\037\000\020"
 126      0D151D07 
 126      0F171F00 
 126      10
 127 0562 08180212 		.ascii	"\010\030\002\022\012\032\001\021\011\031\003\023\013"
 127      0A1A0111 
 127      09190313 
 127      0B
 128 056f 1B04140C 		.ascii	"\033\004\024\014\034\006\026\016\036\005\025\015\035"
 128      1C06160E 
 128      1E05150D 
 128      1D
 129 057c 07170F1F 		.ascii	"\007\027\017\037\000\001\002\003\020\021\022\023\010"
 129      00010203 
 129      10111213 
 129      08
 130 0589 090A0B18 		.ascii	"\011\012\013\030\031\032\033\004\005\006\007\024\025"
 130      191A1B04 
ARM GAS  /tmp/ccpjd61u.s 			page 9


 130      05060714 
 130      15
 131 0596 16170C0D 		.ascii	"\026\027\014\015\016\017\034\035\036\037\000\001\002"
 131      0E0F1C1D 
 131      1E1F0001 
 131      02
 132 05a3 0308090A 		.ascii	"\003\010\011\012\013\020\021\022\023\030\031\032\033"
 132      0B101112 
 132      1318191A 
 132      1B
 133 05b0 04050607 		.ascii	"\004\005\006\007\014\015\016\017\024\025\026\027\034"
 133      0C0D0E0F 
 133      14151617 
 133      1C
 134 05bd 1D1E1F00 		.ascii	"\035\036\037\000\001\020\021\002\003\022\023\010\011"
 134      01101102 
 134      03121308 
 134      09
 135 05ca 18190A0B 		.ascii	"\030\031\012\013\032\033\004\005\024\025\006\007\026"
 135      1A1B0405 
 135      14150607 
 135      16
 136 05d7 170C0D1C 		.ascii	"\027\014\015\034\035\016\017\036\037\000\001\010\011"
 136      1D0E0F1E 
 136      1F000108 
 136      09
 137 05e4 02030A0B 		.ascii	"\002\003\012\013\020\021\030\031\022\023\032\033\004"
 137      10111819 
 137      12131A1B 
 137      04
 138 05f1 050C0D06 		.ascii	"\005\014\015\006\007\016\017\024\025\034\035\026\027"
 138      070E0F14 
 138      151C1D16 
 138      17
 139 05fe 1E1F0002 		.ascii	"\036\037\000\002\010\012\004\006\014\016\001\003\011"
 139      080A0406 
 139      0C0E0103 
 139      09
 140 060b 0B05070D 		.ascii	"\013\005\007\015\017\020\022\030\032\024\026\034\036"
 140      0F101218 
 140      1A14161C 
 140      1E
 141 0618 1113191B 		.ascii	"\021\023\031\033\025\027\035\037\000\002\020\022\004"
 141      15171D1F 
 141      00021012 
 141      04
 142 0625 06141601 		.ascii	"\006\024\026\001\003\021\023\005\007\025\027\010\012"
 142      03111305 
 142      07151708 
 142      0A
 143 0632 181A0C0E 		.ascii	"\030\032\014\016\034\036\011\013\031\033\015\017\035"
 143      1C1E090B 
 143      191B0D0F 
 143      1D
 144 063f 1F001008 		.ascii	"\037\000\020\010\030\004\024\014\034\001\021\011\031"
 144      1804140C 
 144      1C011109 
ARM GAS  /tmp/ccpjd61u.s 			page 10


 144      19
 145 064c 05150D1D 		.ascii	"\005\025\015\035\002\022\012\032\006\026\016\036\003"
 145      02120A1A 
 145      06160E1E 
 145      03
 146 0659 130B1B07 		.ascii	"\023\013\033\007\027\017\037\000\010\020\030\004\014"
 146      170F1F00 
 146      08101804 
 146      0C
 147 0666 141C0109 		.ascii	"\024\034\001\011\021\031\005\015\025\035\002\012\022"
 147      1119050D 
 147      151D020A 
 147      12
 148 0673 1A060E16 		.ascii	"\032\006\016\026\036\003\013\023\033\007\017\027\037"
 148      1E030B13 
 148      1B070F17 
 148      1F
 149 0680 00020103 		.ascii	"\000\002\001\003\004\006\005\007\010\012\011\013\014"
 149      04060507 
 149      080A090B 
 149      0C
 150 068d 0E0D0F10 		.ascii	"\016\015\017\020\022\021\023\024\026\025\027\030\032"
 150      12111314 
 150      16151718 
 150      1A
 151 069a 191B1C1E 		.ascii	"\031\033\034\036\035\037\000\002\001\003\004\006\005"
 151      1D1F0002 
 151      01030406 
 151      05
 152 06a7 07101211 		.ascii	"\007\020\022\021\023\024\026\025\027\010\012\011\013"
 152      13141615 
 152      17080A09 
 152      0B
 153 06b4 0C0E0D0F 		.ascii	"\014\016\015\017\030\032\031\033\034\036\035\037\000"
 153      181A191B 
 153      1C1E1D1F 
 153      00
 154 06c1 10011104 		.ascii	"\020\001\021\004\024\005\025\010\030\011\031\014\034"
 154      14051508 
 154      1809190C 
 154      1C
 155 06ce 0D1D0212 		.ascii	"\015\035\002\022\003\023\006\026\007\027\012\032\013"
 155      03130616 
 155      07170A1A 
 155      0B
 156 06db 1B0E1E0F 		.ascii	"\033\016\036\017\037\000\010\001\011\004\014\005\015"
 156      1F000801 
 156      09040C05 
 156      0D
 157 06e8 10181119 		.ascii	"\020\030\021\031\024\034\025\035\002\012\003\013\006"
 157      141C151D 
 157      020A030B 
 157      06
 158 06f5 0E070F12 		.ascii	"\016\007\017\022\032\023\033\026\036\027\037\000\002"
 158      1A131B16 
 158      1E171F00 
 158      02
ARM GAS  /tmp/ccpjd61u.s 			page 11


 159 0702 080A1012 		.ascii	"\010\012\020\022\030\032\001\003\011\013\021\023\031"
 159      181A0103 
 159      090B1113 
 159      19
 160 070f 1B04060C 		.ascii	"\033\004\006\014\016\024\026\034\036\005\007\015\017"
 160      0E14161C 
 160      1E05070D 
 160      0F
 161 071c 15171D1F 		.ascii	"\025\027\035\037\000\002\020\022\010\012\030\032\001"
 161      00021012 
 161      080A181A 
 161      01
 162 0729 03111309 		.ascii	"\003\021\023\011\013\031\033\004\006\024\026\014\016"
 162      0B191B04 
 162      0614160C 
 162      0E
 163 0736 1C1E0507 		.ascii	"\034\036\005\007\025\027\015\017\035\037\000\020\010"
 163      15170D0F 
 163      1D1F0010 
 163      08
 164 0743 1802120A 		.ascii	"\030\002\022\012\032\001\021\011\031\003\023\013\033"
 164      1A011109 
 164      1903130B 
 164      1B
 165 0750 04140C1C 		.ascii	"\004\024\014\034\006\026\016\036\005\025\015\035\007"
 165      06160E1E 
 165      05150D1D 
 165      07
 166 075d 170F1F00 		.ascii	"\027\017\037\000\010\020\030\002\012\022\032\001\011"
 166      08101802 
 166      0A121A01 
 166      09
 167 076a 1119030B 		.ascii	"\021\031\003\013\023\033\004\014\024\034\006\016\026"
 167      131B040C 
 167      141C060E 
 167      16
 168 0777 1E050D15 		.ascii	"\036\005\015\025\035\007\017\027\037\000\002\001\003"
 168      1D070F17 
 168      1F000201 
 168      03
 169 0784 10121113 		.ascii	"\020\022\021\023\010\012\011\013\030\032\031\033\004"
 169      080A090B 
 169      181A191B 
 169      04
 170 0791 06050714 		.ascii	"\006\005\007\024\026\025\027\014\016\015\017\034\036"
 170      1615170C 
 170      0E0D0F1C 
 170      1E
 171 079e 1D1F0002 		.ascii	"\035\037\000\002\001\003\010\012\011\013\020\022\021"
 171      0103080A 
 171      090B1012 
 171      11
 172 07ab 13181A19 		.ascii	"\023\030\032\031\033\004\006\005\007\014\016\015\017"
 172      1B040605 
 172      070C0E0D 
 172      0F
 173 07b8 14161517 		.ascii	"\024\026\025\027\034\036\035\037\000\020\001\021\002"
ARM GAS  /tmp/ccpjd61u.s 			page 12


 173      1C1E1D1F 
 173      00100111 
 173      02
 174 07c5 12031308 		.ascii	"\022\003\023\010\030\011\031\012\032\013\033"
 174      1809190A 
 174      1A0B1B
 175 07d0 04140515 		.ascii	"\004\024\005\025\006\026\007\027\014\034\015\035\016"
 175      06160717 
 175      0C1C0D1D 
 175      0E
 176 07dd 1E0F1F00 		.ascii	"\036\017\037\000\010\001\011\002\012\003\013\020\030"
 176      08010902 
 176      0A030B10 
 176      18
 177 07ea 1119121A 		.ascii	"\021\031\022\032\023\033\004\014\005\015\006\016\007"
 177      131B040C 
 177      050D060E 
 177      07
 178 07f7 0F141C15 		.ascii	"\017\024\034\025\035\026\036\027\037\000\001\004\005"
 178      1D161E17 
 178      1F000104 
 178      05
 179 0804 02030607 		.ascii	"\002\003\006\007\010\011\014\015\012\013\016\017\020"
 179      08090C0D 
 179      0A0B0E0F 
 179      10
 180 0811 11141512 		.ascii	"\021\024\025\022\023\026\027\030\031\034\035\032\033"
 180      13161718 
 180      191C1D1A 
 180      1B
 181 081e 1E1F0001 		.ascii	"\036\037\000\001\004\005\002\003\006\007\020\021\024"
 181      04050203 
 181      06071011 
 181      14
 182 082b 15121316 		.ascii	"\025\022\023\026\027\010\011\014\015\012\013\016\017"
 182      1708090C 
 182      0D0A0B0E 
 182      0F
 183 0838 18191C1D 		.ascii	"\030\031\034\035\032\033\036\037\000\001\004\005\020"
 183      1A1B1E1F 
 183      00010405 
 183      10
 184 0845 11141508 		.ascii	"\021\024\025\010\011\014\015\030\031\034\035\002\003"
 184      090C0D18 
 184      191C1D02 
 184      03
 185 0852 06071213 		.ascii	"\006\007\022\023\026\027\012\013\016\017\032\033\036"
 185      16170A0B 
 185      0E0F1A1B 
 185      1E
 186 085f 1F000104 		.ascii	"\037\000\001\004\005\010\011\014\015\020\021\024\025"
 186      0508090C 
 186      0D101114 
 186      15
 187 086c 18191C1D 		.ascii	"\030\031\034\035\002\003\006\007\012\013\016\017\022"
 187      02030607 
 187      0A0B0E0F 
ARM GAS  /tmp/ccpjd61u.s 			page 13


 187      12
 188 0879 1316171A 		.ascii	"\023\026\027\032\033\036\037\000\010\004\014\002\012"
 188      1B1E1F00 
 188      08040C02 
 188      0A
 189 0886 060E0109 		.ascii	"\006\016\001\011\005\015\003\013\007\017\020\030\024"
 189      050D030B 
 189      070F1018 
 189      14
 190 0893 1C121A16 		.ascii	"\034\022\032\026\036\021\031\025\035\023\033\027\037"
 190      1E111915 
 190      1D131B17 
 190      1F
 191 08a0 00100414 		.ascii	"\000\020\004\024\002\022\006\026\001\021\005\025\003"
 191      02120616 
 191      01110515 
 191      03
 192 08ad 13071708 		.ascii	"\023\007\027\010\030\014\034\012\032\016\036\011\031"
 192      180C1C0A 
 192      1A0E1E09 
 192      19
 193 08ba 0D1D0B1B 		.ascii	"\015\035\013\033\017\037\000\010\004\014\020\030\024"
 193      0F1F0008 
 193      040C1018 
 193      14
 194 08c7 1C010905 		.ascii	"\034\001\011\005\015\021\031\025\035\002\012\006\016"
 194      0D111915 
 194      1D020A06 
 194      0E
 195 08d4 121A161E 		.ascii	"\022\032\026\036\003\013\007\017\023\033\027\037\000"
 195      030B070F 
 195      131B171F 
 195      00
 196 08e1 10041408 		.ascii	"\020\004\024\010\030\014\034\001\021\005\025\011\031"
 196      180C1C01 
 196      11051509 
 196      19
 197 08ee 0D1D0212 		.ascii	"\015\035\002\022\006\026\012\032\016\036\003\023\007"
 197      06160A1A 
 197      0E1E0313 
 197      07
 198 08fb 170B1B0F 		.ascii	"\027\013\033\017\037\000\001\020\021\002\003\022\023"
 198      1F000110 
 198      11020312 
 198      13
 199 0908 08091819 		.ascii	"\010\011\030\031\012\013\032\033\004\005\024\025\006"
 199      0A0B1A1B 
 199      04051415 
 199      06
 200 0915 0716170C 		.ascii	"\007\026\027\014\015\034\035\016\017\036\037\000\001"
 200      0D1C1D0E 
 200      0F1E1F00 
 200      01
 201 0922 08090203 		.ascii	"\010\011\002\003\012\013\020\021\030\031\022\023\032"
 201      0A0B1011 
 201      18191213 
 201      1A
ARM GAS  /tmp/ccpjd61u.s 			page 14


 202 092f 1B04050C 		.ascii	"\033\004\005\014\015\006\007\016\017\024\025\034\035"
 202      0D06070E 
 202      0F14151C 
 202      1D
 203 093c 16171E1F 		.ascii	"\026\027\036\037\000\001\002\003\020\021\022\023\010"
 203      00010203 
 203      10111213 
 203      08
 204 0949 090A0B18 		.ascii	"\011\012\013\030\031\032\033\004\005\006\007\024\025"
 204      191A1B04 
 204      05060714 
 204      15
 205 0956 16170C0D 		.ascii	"\026\027\014\015\016\017\034\035\036\037\000\001\002"
 205      0E0F1C1D 
 205      1E1F0001 
 205      02
 206 0963 0308090A 		.ascii	"\003\010\011\012\013\020\021\022\023\030\031\032\033"
 206      0B101112 
 206      1318191A 
 206      1B
 207 0970 04050607 		.ascii	"\004\005\006\007\014\015\016\017\024\025\026\027\034"
 207      0C0D0E0F 
 207      14151617 
 207      1C
 208 097d 1D1E1F00 		.ascii	"\035\036\037\000\010\020\030\002\012\022\032\001\011"
 208      08101802 
 208      0A121A01 
 208      09
 209 098a 1119030B 		.ascii	"\021\031\003\013\023\033\004\014\024\034\006\016\026"
 209      131B040C 
 209      141C060E 
 209      16
 210 0997 1E050D15 		.ascii	"\036\005\015\025\035\007\017\027\037\000\020\010\030"
 210      1D070F17 
 210      1F001008 
 210      18
 211 09a4 02120A1A 		.ascii	"\002\022\012\032\001\021\011\031\003\023\013\033\004"
 211      01110919 
 211      03130B1B 
 211      04
 212 09b1 140C1C06 		.ascii	"\024\014\034\006\026\016\036\005\025\015\035\007\027"
 212      160E1E05 
 212      150D1D07 
 212      17
 213 09be 0F1F0008 		.ascii	"\017\037\000\010\002\012\020\030\022\032\001\011\003"
 213      020A1018 
 213      121A0109 
 213      03
 214 09cb 0B111913 		.ascii	"\013\021\031\023\033\004\014\006\016\024\034\026\036"
 214      1B040C06 
 214      0E141C16 
 214      1E
 215 09d8 050D070F 		.ascii	"\005\015\007\017\025\035\027\037\000\020\002\022\010"
 215      151D171F 
 215      00100212 
 215      08
 216 09e5 180A1A01 		.ascii	"\030\012\032\001\021\003\023\011\031\013\033\004\024"
ARM GAS  /tmp/ccpjd61u.s 			page 15


 216      11031309 
 216      190B1B04 
 216      14
 217 09f2 06160C1C 		.ascii	"\006\026\014\034\016\036\005\025\007\027\015\035\017"
 217      0E1E0515 
 217      07170D1D 
 217      0F
 218 09ff 1F000104 		.ascii	"\037\000\001\004\005\010\011\014\015\002\003\006\007"
 218      0508090C 
 218      0D020306 
 218      07
 219 0a0c 0A0B0E0F 		.ascii	"\012\013\016\017\020\021\024\025\030\031\034\035\022"
 219      10111415 
 219      18191C1D 
 219      12
 220 0a19 1316171A 		.ascii	"\023\026\027\032\033\036\037\000\001\004\005\020\021"
 220      1B1E1F00 
 220      01040510 
 220      11
 221 0a26 14150203 		.ascii	"\024\025\002\003\006\007\022\023\026\027\010\011\014"
 221      06071213 
 221      16170809 
 221      0C
 222 0a33 0D18191C 		.ascii	"\015\030\031\034\035\012\013\016\017\032\033\036\037"
 222      1D0A0B0E 
 222      0F1A1B1E 
 222      1F
 223 0a40 00010405 		.ascii	"\000\001\004\005\010\011\014\015\020\021\024\025\030"
 223      08090C0D 
 223      10111415 
 223      18
 224 0a4d 191C1D02 		.ascii	"\031\034\035\002\003\006\007\012\013\016\017\022\023"
 224      0306070A 
 224      0B0E0F12 
 224      13
 225 0a5a 16171A1B 		.ascii	"\026\027\032\033\036\037\000\001\004\005\020\021\024"
 225      1E1F0001 
 225      04051011 
 225      14
 226 0a67 1508090C 		.ascii	"\025\010\011\014\015\030\031\034\035\002\003\006\007"
 226      0D18191C 
 226      1D020306 
 226      07
 227 0a74 12131617 		.ascii	"\022\023\026\027\012\013\016\017\032\033\036\037\000"
 227      0A0B0E0F 
 227      1A1B1E1F 
 227      00
 228 0a81 08040C01 		.ascii	"\010\004\014\001\011\005\015\002\012\006\016\003\013"
 228      09050D02 
 228      0A060E03 
 228      0B
 229 0a8e 070F1018 		.ascii	"\007\017\020\030\024\034\021\031\025\035\022\032\026"
 229      141C1119 
 229      151D121A 
 229      16
 230 0a9b 1E131B17 		.ascii	"\036\023\033\027\037\000\020\004\024\001\021\005\025"
 230      1F001004 
ARM GAS  /tmp/ccpjd61u.s 			page 16


 230      14011105 
 230      15
 231 0aa8 02120616 		.ascii	"\002\022\006\026\003\023\007\027\010\030\014\034\011"
 231      03130717 
 231      08180C1C 
 231      09
 232 0ab5 190D1D0A 		.ascii	"\031\015\035\012\032\016\036\013\033\017\037\000\010"
 232      1A0E1E0B 
 232      1B0F1F00 
 232      08
 233 0ac2 040C0109 		.ascii	"\004\014\001\011\005\015\020\030\024\034\021\031\025"
 233      050D1018 
 233      141C1119 
 233      15
 234 0acf 1D020A06 		.ascii	"\035\002\012\006\016\003\013\007\017\022\032\026\036"
 234      0E030B07 
 234      0F121A16 
 234      1E
 235 0adc 131B171F 		.ascii	"\023\033\027\037\000\020\004\024\001\021\005\025\010"
 235      00100414 
 235      01110515 
 235      08
 236 0ae9 180C1C09 		.ascii	"\030\014\034\011\031\015\035\002\022\006\026\003\023"
 236      190D1D02 
 236      12061603 
 236      13
 237 0af6 07170A1A 		.ascii	"\007\027\012\032\016\036\013\033\017\037\000\001\020"
 237      0E1E0B1B 
 237      0F1F0001 
 237      10
 238 0b03 11080918 		.ascii	"\021\010\011\030\031\002\003\022\023\012\013\032\033"
 238      19020312 
 238      130A0B1A 
 238      1B
 239 0b10 04051415 		.ascii	"\004\005\024\025\014\015\034\035\006\007\026\027\016"
 239      0C0D1C1D 
 239      06071617 
 239      0E
 240 0b1d 0F1E1F00 		.ascii	"\017\036\037\000\001\010\011\020\021\030\031\002\003"
 240      01080910 
 240      11181902 
 240      03
 241 0b2a 0A0B1213 		.ascii	"\012\013\022\023\032\033\004\005\014\015\024\025\034"
 241      1A1B0405 
 241      0C0D1415 
 241      1C
 242 0b37 1D06070E 		.ascii	"\035\006\007\016\017\026\027\036\037\000\001\002\003"
 242      0F16171E 
 242      1F000102 
 242      03
 243 0b44 08090A0B 		.ascii	"\010\011\012\013\020\021\022\023\030\031\032\033\004"
 243      10111213 
 243      18191A1B 
 243      04
 244 0b51 0506070C 		.ascii	"\005\006\007\014\015\016\017\024\025\026\027\034\035"
 244      0D0E0F14 
 244      1516171C 
ARM GAS  /tmp/ccpjd61u.s 			page 17


 244      1D
 245 0b5e 1E1F0001 		.ascii	"\036\037\000\001\002\003\020\021\022\023\010\011\012"
 245      02031011 
 245      12130809 
 245      0A
 246 0b6b 0B18191A 		.ascii	"\013\030\031\032\033\004\005\006\007\024\025\026\027"
 246      1B040506 
 246      07141516 
 246      17
 247 0b78 0C0D0E0F 		.ascii	"\014\015\016\017\034\035\036\037\000\010\020\030\001"
 247      1C1D1E1F 
 247      00081018 
 247      01
 248 0b85 09111902 		.ascii	"\011\021\031\002\012\022\032\003\013\023\033\004\014"
 248      0A121A03 
 248      0B131B04 
 248      0C
 249 0b92 141C050D 		.ascii	"\024\034\005\015\025\035\006\016\026\036\007\017\027"
 249      151D060E 
 249      161E070F 
 249      17
 250 0b9f 1F001008 		.ascii	"\037\000\020\010\030\001\021\011\031\002\022\012\032"
 250      18011109 
 250      1902120A 
 250      1A
 251 0bac 03130B1B 		.ascii	"\003\023\013\033\004\024\014\034\005\025\015\035\006"
 251      04140C1C 
 251      05150D1D 
 251      06
 252 0bb9 160E1E07 		.ascii	"\026\016\036\007\027\017\037\000\010\002\012\001\011"
 252      170F1F00 
 252      08020A01 
 252      09
 253 0bc6 030B1018 		.ascii	"\003\013\020\030\022\032\021\031\023\033\004\014\006"
 253      121A1119 
 253      131B040C 
 253      06
 254 0bd3 0E050D07 		.ascii	"\016\005\015\007\017\024\034\026\036\025\035\027\037"
 254      0F141C16 
 254      1E151D17 
 254      1F
 255 0be0 00100212 		.ascii	"\000\020\002\022\001\021\003\023\010\030\012\032\011"
 255      01110313 
 255      08180A1A 
 255      09
 256 0bed 190B1B04 		.ascii	"\031\013\033\004\024\006\026\005\025\007\027\014\034"
 256      14061605 
 256      1507170C 
 256      1C
 257 0bfa 0E1E0D1D 		.ascii	"\016\036\015\035\017\037\000\010\004\014\002\012\006"
 257      0F1F0008 
 257      040C020A 
 257      06
 258 0c07 0E010905 		.ascii	"\016\001\011\005\015\003\013\007\017\020\030\024\034"
 258      0D030B07 
 258      0F101814 
 258      1C
ARM GAS  /tmp/ccpjd61u.s 			page 18


 259 0c14 121A161E 		.ascii	"\022\032\026\036\021\031\025\035\023\033\027\037\000"
 259      1119151D 
 259      131B171F 
 259      00
 260 0c21 10041402 		.ascii	"\020\004\024\002\022\006\026\001\021\005\025\003\023"
 260      12061601 
 260      11051503 
 260      13
 261 0c2e 07170818 		.ascii	"\007\027\010\030\014\034\012\032\016\036\011\031\015"
 261      0C1C0A1A 
 261      0E1E0919 
 261      0D
 262 0c3b 1D0B1B0F 		.ascii	"\035\013\033\017\037\000\010\004\014\020\030\024\034"
 262      1F000804 
 262      0C101814 
 262      1C
 263 0c48 0109050D 		.ascii	"\001\011\005\015\021\031\025\035\002\012\006\016\022"
 263      1119151D 
 263      020A060E 
 263      12
 264 0c55 1A161E03 		.ascii	"\032\026\036\003\013\007\017\023\033\027\037\000\020"
 264      0B070F13 
 264      1B171F00 
 264      10
 265 0c62 04140818 		.ascii	"\004\024\010\030\014\034\001\021\005\025\011\031\015"
 265      0C1C0111 
 265      05150919 
 265      0D
 266 0c6f 1D021206 		.ascii	"\035\002\022\006\026\012\032\016\036\003\023\007\027"
 266      160A1A0E 
 266      1E031307 
 266      17
 267 0c7c 0B1B0F1F 		.ascii	"\013\033\017\037\000\001\004\005\002\003\006\007\010"
 267      00010405 
 267      02030607 
 267      08
 268 0c89 090C0D0A 		.ascii	"\011\014\015\012\013\016\017\020\021\024\025\022\023"
 268      0B0E0F10 
 268      11141512 
 268      13
 269 0c96 16171819 		.ascii	"\026\027\030\031\034\035\032\033\036\037\000\001\004"
 269      1C1D1A1B 
 269      1E1F0001 
 269      04
 270 0ca3 05020306 		.ascii	"\005\002\003\006\007\020\021\024\025\022\023\026\027"
 270      07101114 
 270      15121316 
 270      17
 271 0cb0 08090C0D 		.ascii	"\010\011\014\015\012\013\016\017\030\031\034\035\032"
 271      0A0B0E0F 
 271      18191C1D 
 271      1A
 272 0cbd 1B1E1F00 		.ascii	"\033\036\037\000\001\004\005\020\021\024\025\010\011"
 272      01040510 
 272      11141508 
 272      09
 273 0cca 0C0D1819 		.ascii	"\014\015\030\031\034\035\002\003\006\007\022\023\026"
ARM GAS  /tmp/ccpjd61u.s 			page 19


 273      1C1D0203 
 273      06071213 
 273      16
 274 0cd7 170A0B0E 		.ascii	"\027\012\013\016\017\032\033\036\037\000\001\004\005"
 274      0F1A1B1E 
 274      1F000104 
 274      05
 275 0ce4 08090C0D 		.ascii	"\010\011\014\015\020\021\024\025\030\031\034\035\002"
 275      10111415 
 275      18191C1D 
 275      02
 276 0cf1 0306070A 		.ascii	"\003\006\007\012\013\016\017\022\023\026\027\032\033"
 276      0B0E0F12 
 276      1316171A 
 276      1B
 277 0cfe 1E1F0008 		.ascii	"\036\037\000\010\020\030\002\012\022\032\001\011\021"
 277      1018020A 
 277      121A0109 
 277      11
 278 0d0b 19030B13 		.ascii	"\031\003\013\023\033\004\014\024\034\006\016\026\036"
 278      1B040C14 
 278      1C060E16 
 278      1E
 279 0d18 050D151D 		.ascii	"\005\015\025\035\007\017\027\037\000\020\010\030\002"
 279      070F171F 
 279      00100818 
 279      02
 280 0d25 120A1A01 		.ascii	"\022\012\032\001\021\011\031\003\023\013\033\004\024"
 280      11091903 
 280      130B1B04 
 280      14
 281 0d32 0C1C0616 		.ascii	"\014\034\006\026\016\036\005\025\015\035\007\027\017"
 281      0E1E0515 
 281      0D1D0717 
 281      0F
 282 0d3f 1F000802 		.ascii	"\037\000\010\002\012\020\030\022\032\001\011\003\013"
 282      0A101812 
 282      1A010903 
 282      0B
 283 0d4c 1119131B 		.ascii	"\021\031\023\033\004\014\006\016\024\034\026\036\005"
 283      040C060E 
 283      141C161E 
 283      05
 284 0d59 0D070F15 		.ascii	"\015\007\017\025\035\027\037\000\020\002\022\010\030"
 284      1D171F00 
 284      10021208 
 284      18
 285 0d66 0A1A0111 		.ascii	"\012\032\001\021\003\023\011\031\013\033\004\024\006"
 285      03130919 
 285      0B1B0414 
 285      06
 286 0d73 160C1C0E 		.ascii	"\026\014\034\016\036\005\025\007\027\015\035\017\037"
 286      1E051507 
 286      170D1D0F 
 286      1F
 287 0d80 00011011 		.ascii	"\000\001\020\021\002\003\022\023\010\011\030\031\012"
 287      02031213 
ARM GAS  /tmp/ccpjd61u.s 			page 20


 287      08091819 
 287      0A
 288 0d8d 0B1A1B04 		.ascii	"\013\032\033\004\005\024\025\006\007\026\027\014\015"
 288      05141506 
 288      0716170C 
 288      0D
 289 0d9a 1C1D0E0F 		.ascii	"\034\035\016\017\036\037\000\001\010\011\002\003\012"
 289      1E1F0001 
 289      08090203 
 289      0A
 290 0da7 0B101118 		.ascii	"\013\020\021\030\031\022\023\032\033\004\005\014\015"
 290      1912131A 
 290      1B04050C 
 290      0D
 291 0db4 06070E0F 		.ascii	"\006\007\016\017\024\025\034\035\026\027\036\037\000"
 291      14151C1D 
 291      16171E1F 
 291      00
 292 0dc1 01020310 		.ascii	"\001\002\003\020\021\022\023\010\011\012\013\030\031"
 292      11121308 
 292      090A0B18 
 292      19
 293 0dce 1A1B0405 		.ascii	"\032\033\004\005\006\007\024\025\026\027\014\015\016"
 293      06071415 
 293      16170C0D 
 293      0E
 294 0ddb 0F1C1D1E 		.ascii	"\017\034\035\036\037\000\001\002\003\010\011\012\013"
 294      1F000102 
 294      0308090A 
 294      0B
 295 0de8 10111213 		.ascii	"\020\021\022\023\030\031\032\033\004\005\006\007\014"
 295      18191A1B 
 295      04050607 
 295      0C
 296 0df5 0D0E0F14 		.ascii	"\015\016\017\024\025\026\027\034\035\036\037\000\002"
 296      1516171C 
 296      1D1E1F00 
 296      02
 297 0e02 0406080A 		.ascii	"\004\006\010\012\014\016\001\003\005\007\011\013\015"
 297      0C0E0103 
 297      0507090B 
 297      0D
 298 0e0f 0F101214 		.ascii	"\017\020\022\024\026\030\032\034\036\021\023\025\027"
 298      16181A1C 
 298      1E111315 
 298      17
 299 0e1c 191B1D1F 		.ascii	"\031\033\035\037\000\002\004\006\020\022\024\026\001"
 299      00020406 
 299      10121416 
 299      01
 300 0e29 03050711 		.ascii	"\003\005\007\021\023\025\027\010\012\014\016\030\032"
 300      13151708 
 300      0A0C0E18 
 300      1A
 301 0e36 1C1E090B 		.ascii	"\034\036\011\013\015\017\031\033\035\037\000\020\004"
 301      0D0F191B 
 301      1D1F0010 
ARM GAS  /tmp/ccpjd61u.s 			page 21


 301      04
 302 0e43 1408180C 		.ascii	"\024\010\030\014\034\001\021\005\025\011\031\015\035"
 302      1C011105 
 302      1509190D 
 302      1D
 303 0e50 02120616 		.ascii	"\002\022\006\026\012\032\016\036\003\023\007\027\013"
 303      0A1A0E1E 
 303      03130717 
 303      0B
 304 0e5d 1B0F1F00 		.ascii	"\033\017\037\000\010\004\014\020\030\024\034\001\011"
 304      08040C10 
 304      18141C01 
 304      09
 305 0e6a 050D1119 		.ascii	"\005\015\021\031\025\035\002\012\006\016\022\032\026"
 305      151D020A 
 305      060E121A 
 305      16
 306 0e77 1E030B07 		.ascii	"\036\003\013\007\017\023\033\027\037\000\002\004\006"
 306      0F131B17 
 306      1F000204 
 306      06
 307 0e84 01030507 		.ascii	"\001\003\005\007\010\012\014\016\011\013\015\017\020"
 307      080A0C0E 
 307      090B0D0F 
 307      10
 308 0e91 12141611 		.ascii	"\022\024\026\021\023\025\027\030\032\034\036\031\033"
 308      13151718 
 308      1A1C1E19 
 308      1B
 309 0e9e 1D1F0002 		.ascii	"\035\037\000\002\004\006\001\003\005\007\020\022\024"
 309      04060103 
 309      05071012 
 309      14
 310 0eab 16111315 		.ascii	"\026\021\023\025\027\010\012\014\016\011\013\015\017"
 310      17080A0C 
 310      0E090B0D 
 310      0F
 311 0eb8 181A1C1E 		.ascii	"\030\032\034\036\031\033\035\037\000\020\004\024\001"
 311      191B1D1F 
 311      00100414 
 311      01
 312 0ec5 11051508 		.ascii	"\021\005\025\010\030\014\034\011\031\015\035\002\022"
 312      180C1C09 
 312      190D1D02 
 312      12
 313 0ed2 06160313 		.ascii	"\006\026\003\023\007\027\012\032\016\036\013\033\017"
 313      07170A1A 
 313      0E1E0B1B 
 313      0F
 314 0edf 1F000804 		.ascii	"\037\000\010\004\014\001\011\005\015\020\030\024\034"
 314      0C010905 
 314      0D101814 
 314      1C
 315 0eec 1119151D 		.ascii	"\021\031\025\035\002\012\006\016\003\013\007\017\022"
 315      020A060E 
 315      030B070F 
 315      12
ARM GAS  /tmp/ccpjd61u.s 			page 22


 316 0ef9 1A161E13 		.ascii	"\032\026\036\023\033\027\037\000\002\020\022\010\012"
 316      1B171F00 
 316      02101208 
 316      0A
 317 0f06 181A0103 		.ascii	"\030\032\001\003\021\023\011\013\031\033\004\006\024"
 317      1113090B 
 317      191B0406 
 317      14
 318 0f13 160C0E1C 		.ascii	"\026\014\016\034\036\005\007\025\027\015\017\035\037"
 318      1E050715 
 318      170D0F1D 
 318      1F
 319 0f20 0002080A 		.ascii	"\000\002\010\012\020\022\030\032\001\003\011\013\021"
 319      1012181A 
 319      0103090B 
 319      11
 320 0f2d 13191B04 		.ascii	"\023\031\033\004\006\014\016\024\026\034\036\005\007"
 320      060C0E14 
 320      161C1E05 
 320      07
 321 0f3a 0D0F1517 		.ascii	"\015\017\025\027\035\037\000\020\002\022\010\030\012"
 321      1D1F0010 
 321      02120818 
 321      0A
 322 0f47 1A011103 		.ascii	"\032\001\021\003\023\011\031\013\033\004\024\006\026"
 322      1309190B 
 322      1B041406 
 322      16
 323 0f54 0C1C0E1E 		.ascii	"\014\034\016\036\005\025\007\027\015\035\017\037\000"
 323      05150717 
 323      0D1D0F1F 
 323      00
 324 0f61 08020A10 		.ascii	"\010\002\012\020\030\022\032\001\011\003\013\021\031"
 324      18121A01 
 324      09030B11 
 324      19
 325 0f6e 131B040C 		.ascii	"\023\033\004\014\006\016\024\034\026\036\005\015\007"
 325      060E141C 
 325      161E050D 
 325      07
 326 0f7b 0F151D17 		.ascii	"\017\025\035\027\037\000\002\020\022\001\003\021\023"
 326      1F000210 
 326      12010311 
 326      13
 327 0f88 080A181A 		.ascii	"\010\012\030\032\011\013\031\033\004\006\024\026\005"
 327      090B191B 
 327      04061416 
 327      05
 328 0f95 0715170C 		.ascii	"\007\025\027\014\016\034\036\015\017\035\037"
 328      0E1C1E0D 
 328      0F1D1F
 329 0fa0 0002080A 		.ascii	"\000\002\010\012\001\003\011\013\020\022\030\032\021"
 329      0103090B 
 329      1012181A 
 329      11
 330 0fad 13191B04 		.ascii	"\023\031\033\004\006\014\016\005\007\015\017\024\026"
 330      060C0E05 
ARM GAS  /tmp/ccpjd61u.s 			page 23


 330      070D0F14 
 330      16
 331 0fba 1C1E1517 		.ascii	"\034\036\025\027\035\037\000\020\002\022\001\021\003"
 331      1D1F0010 
 331      02120111 
 331      03
 332 0fc7 1308180A 		.ascii	"\023\010\030\012\032\011\031\013\033\004\024\006\026"
 332      1A09190B 
 332      1B041406 
 332      16
 333 0fd4 05150717 		.ascii	"\005\025\007\027\014\034\016\036\015\035\017\037\000"
 333      0C1C0E1E 
 333      0D1D0F1F 
 333      00
 334 0fe1 08020A01 		.ascii	"\010\002\012\001\011\003\013\020\030\022\032\021\031"
 334      09030B10 
 334      18121A11 
 334      19
 335 0fee 131B040C 		.ascii	"\023\033\004\014\006\016\005\015\007\017\024\034\026"
 335      060E050D 
 335      070F141C 
 335      16
 336 0ffb 1E151D17 		.ascii	"\036\025\035\027\037"
 336      1F
 337 1000 00010203 		.ascii	"\000\001\002\003\004\005\006\007\010\011\012\013\014"
 337      04050607 
 337      08090A0B 
 337      0C
 338 100d 0D0E0F10 		.ascii	"\015\016\017\020\021\022\023\024\025\026\027\030\031"
 338      11121314 
 338      15161718 
 338      19
 339 101a 1A1B1C1D 		.ascii	"\032\033\034\035\036\037\000\002\001\003\004\006\005"
 339      1E1F0002 
 339      01030406 
 339      05
 340 1027 07080A09 		.ascii	"\007\010\012\011\013\014\016\015\017\020\022\021\023"
 340      0B0C0E0D 
 340      0F101211 
 340      13
 341 1034 14161517 		.ascii	"\024\026\025\027\030\032\031\033\034\036\035\037\000"
 341      181A191B 
 341      1C1E1D1F 
 341      00
 342 1041 01020308 		.ascii	"\001\002\003\010\011\012\013\004\005\006\007\014\015"
 342      090A0B04 
 342      0506070C 
 342      0D
 343 104e 0E0F1011 		.ascii	"\016\017\020\021\022\023\030\031\032\033\024\025\026"
 343      12131819 
 343      1A1B1415 
 343      16
 344 105b 171C1D1E 		.ascii	"\027\034\035\036\037\000\002\001\003\010\012\011\013"
 344      1F000201 
 344      03080A09 
 344      0B
 345 1068 04060507 		.ascii	"\004\006\005\007\014\016\015\017\020\022\021\023\030"
ARM GAS  /tmp/ccpjd61u.s 			page 24


 345      0C0E0D0F 
 345      10121113 
 345      18
 346 1075 1A191B14 		.ascii	"\032\031\033\024\026\025\027\034\036\035\037\000\001"
 346      1615171C 
 346      1E1D1F00 
 346      01
 347 1082 04050203 		.ascii	"\004\005\002\003\006\007\010\011\014\015\012\013\016"
 347      06070809 
 347      0C0D0A0B 
 347      0E
 348 108f 0F101114 		.ascii	"\017\020\021\024\025\022\023\026\027\030\031\034\035"
 348      15121316 
 348      1718191C 
 348      1D
 349 109c 1A1B1E1F 		.ascii	"\032\033\036\037\000\002\004\006\001\003\005\007\010"
 349      00020406 
 349      01030507 
 349      08
 350 10a9 0A0C0E09 		.ascii	"\012\014\016\011\013\015\017\020\022\024\026\021\023"
 350      0B0D0F10 
 350      12141611 
 350      13
 351 10b6 1517181A 		.ascii	"\025\027\030\032\034\036\031\033\035\037\000\001\010"
 351      1C1E191B 
 351      1D1F0001 
 351      08
 352 10c3 0902030A 		.ascii	"\011\002\003\012\013\004\005\014\015\006\007\016\017"
 352      0B04050C 
 352      0D06070E 
 352      0F
 353 10d0 10111819 		.ascii	"\020\021\030\031\022\023\032\033\024\025\034\035\026"
 353      12131A1B 
 353      14151C1D 
 353      16
 354 10dd 171E1F00 		.ascii	"\027\036\037\000\002\010\012\001\003\011\013\004\006"
 354      02080A01 
 354      03090B04 
 354      06
 355 10ea 0C0E0507 		.ascii	"\014\016\005\007\015\017\020\022\030\032\021\023\031"
 355      0D0F1012 
 355      181A1113 
 355      19
 356 10f7 1B14161C 		.ascii	"\033\024\026\034\036\025\027\035\037\000\001\002\003"
 356      1E15171D 
 356      1F000102 
 356      03
 357 1104 04050607 		.ascii	"\004\005\006\007\020\021\022\023\024\025\026\027\010"
 357      10111213 
 357      14151617 
 357      08
 358 1111 090A0B0C 		.ascii	"\011\012\013\014\015\016\017\030\031\032\033\034\035"
 358      0D0E0F18 
 358      191A1B1C 
 358      1D
 359 111e 1E1F0002 		.ascii	"\036\037\000\002\001\003\004\006\005\007\020\022\021"
 359      01030406 
ARM GAS  /tmp/ccpjd61u.s 			page 25


 359      05071012 
 359      11
 360 112b 13141615 		.ascii	"\023\024\026\025\027\010\012\011\013\014\016\015\017"
 360      17080A09 
 360      0B0C0E0D 
 360      0F
 361 1138 181A191B 		.ascii	"\030\032\031\033\034\036\035\037\000\001\002\003\010"
 361      1C1E1D1F 
 361      00010203 
 361      08
 362 1145 090A0B10 		.ascii	"\011\012\013\020\021\022\023\030\031\032\033\004\005"
 362      11121318 
 362      191A1B04 
 362      05
 363 1152 06070C0D 		.ascii	"\006\007\014\015\016\017\024\025\026\027\034\035\036"
 363      0E0F1415 
 363      16171C1D 
 363      1E
 364 115f 1F000201 		.ascii	"\037\000\002\001\003\010\012\011\013\020\022\021\023"
 364      03080A09 
 364      0B101211 
 364      13
 365 116c 181A191B 		.ascii	"\030\032\031\033\004\006\005\007\014\016\015\017\024"
 365      04060507 
 365      0C0E0D0F 
 365      14
 366 1179 1615171C 		.ascii	"\026\025\027\034\036\035\037\000\001\004\005\002\003"
 366      1E1D1F00 
 366      01040502 
 366      03
 367 1186 06071011 		.ascii	"\006\007\020\021\024\025\022\023\026\027\010\011\014"
 367      14151213 
 367      16170809 
 367      0C
 368 1193 0D0A0B0E 		.ascii	"\015\012\013\016\017\030\031\034\035\032\033\036\037"
 368      0F18191C 
 368      1D1A1B1E 
 368      1F
 369 11a0 00020406 		.ascii	"\000\002\004\006\001\003\005\007\020\022\024\026\021"
 369      01030507 
 369      10121416 
 369      11
 370 11ad 13151708 		.ascii	"\023\025\027\010\012\014\016\011\013\015\017\030\032"
 370      0A0C0E09 
 370      0B0D0F18 
 370      1A
 371 11ba 1C1E191B 		.ascii	"\034\036\031\033\035\037\000\001\010\011\002\003\012"
 371      1D1F0001 
 371      08090203 
 371      0A
 372 11c7 0B101118 		.ascii	"\013\020\021\030\031\022\023\032\033\004\005\014\015"
 372      1912131A 
 372      1B04050C 
 372      0D
 373 11d4 06070E0F 		.ascii	"\006\007\016\017\024\025\034\035\026\027\036\037\000"
 373      14151C1D 
 373      16171E1F 
ARM GAS  /tmp/ccpjd61u.s 			page 26


 373      00
 374 11e1 02080A01 		.ascii	"\002\010\012\001\003\011\013\020\022\030\032\021\023"
 374      03090B10 
 374      12181A11 
 374      13
 375 11ee 191B0406 		.ascii	"\031\033\004\006\014\016\005\007\015\017\024\026\034"
 375      0C0E0507 
 375      0D0F1416 
 375      1C
 376 11fb 1E15171D 		.ascii	"\036\025\027\035\037\000\020\002\022\004\024\006\026"
 376      1F001002 
 376      12041406 
 376      16
 377 1208 08180A1A 		.ascii	"\010\030\012\032\014\034\016\036\001\021\003\023\005"
 377      0C1C0E1E 
 377      01110313 
 377      05
 378 1215 15071709 		.ascii	"\025\007\027\011\031\013\033\015\035\017\037\000\020"
 378      190B1B0D 
 378      1D0F1F00 
 378      10
 379 1222 01110414 		.ascii	"\001\021\004\024\005\025\010\030\011\031\014\034\015"
 379      05150818 
 379      09190C1C 
 379      0D
 380 122f 1D021203 		.ascii	"\035\002\022\003\023\006\026\007\027\012\032\013\033"
 380      13061607 
 380      170A1A0B 
 380      1B
 381 123c 0E1E0F1F 		.ascii	"\016\036\017\037\000\020\002\022\010\030\012\032\004"
 381      00100212 
 381      08180A1A 
 381      04
 382 1249 1406160C 		.ascii	"\024\006\026\014\034\016\036\001\021\003\023\011\031"
 382      1C0E1E01 
 382      11031309 
 382      19
 383 1256 0B1B0515 		.ascii	"\013\033\005\025\007\027\015\035\017\037\000\020\001"
 383      07170D1D 
 383      0F1F0010 
 383      01
 384 1263 11081809 		.ascii	"\021\010\030\011\031\004\024\005\025\014\034\015\035"
 384      19041405 
 384      150C1C0D 
 384      1D
 385 1270 02120313 		.ascii	"\002\022\003\023\012\032\013\033\006\026\007\027\016"
 385      0A1A0B1B 
 385      06160717 
 385      0E
 386 127d 1E0F1F00 		.ascii	"\036\017\037\000\020\004\024\002\022\006\026\010\030"
 386      10041402 
 386      12061608 
 386      18
 387 128a 0C1C0A1A 		.ascii	"\014\034\012\032\016\036\001\021\005\025\003\023\007"
 387      0E1E0111 
 387      05150313 
 387      07
ARM GAS  /tmp/ccpjd61u.s 			page 27


 388 1297 1709190D 		.ascii	"\027\011\031\015\035\013\033\017\037\000\020\004\024"
 388      1D0B1B0F 
 388      1F001004 
 388      14
 389 12a4 01110515 		.ascii	"\001\021\005\025\010\030\014\034\011\031\015\035\002"
 389      08180C1C 
 389      09190D1D 
 389      02
 390 12b1 12061603 		.ascii	"\022\006\026\003\023\007\027\012\032\016\036\013\033"
 390      1307170A 
 390      1A0E1E0B 
 390      1B
 391 12be 0F1F0010 		.ascii	"\017\037\000\020\010\030\002\022\012\032\004\024\014"
 391      08180212 
 391      0A1A0414 
 391      0C
 392 12cb 1C06160E 		.ascii	"\034\006\026\016\036\001\021\011\031\003\023\013\033"
 392      1E011109 
 392      1903130B 
 392      1B
 393 12d8 05150D1D 		.ascii	"\005\025\015\035\007\027\017\037\000\020\010\030\001"
 393      07170F1F 
 393      00100818 
 393      01
 394 12e5 11091904 		.ascii	"\021\011\031\004\024\014\034\005\025\015\035\002\022"
 394      140C1C05 
 394      150D1D02 
 394      12
 395 12f2 0A1A0313 		.ascii	"\012\032\003\023\013\033\006\026\016\036\007\027\017"
 395      0B1B0616 
 395      0E1E0717 
 395      0F
 396 12ff 1F000802 		.ascii	"\037\000\010\002\012\004\014\006\016\020\030\022\032"
 396      0A040C06 
 396      0E101812 
 396      1A
 397 130c 141C161E 		.ascii	"\024\034\026\036\001\011\003\013\005\015\007\017\021"
 397      0109030B 
 397      050D070F 
 397      11
 398 1319 19131B15 		.ascii	"\031\023\033\025\035\027\037\000\010\001\011\004\014"
 398      1D171F00 
 398      08010904 
 398      0C
 399 1326 050D1018 		.ascii	"\005\015\020\030\021\031\024\034\025\035\002\012\003"
 399      1119141C 
 399      151D020A 
 399      03
 400 1333 0B060E07 		.ascii	"\013\006\016\007\017\022\032\023\033\026\036\027\037"
 400      0F121A13 
 400      1B161E17 
 400      1F
 401 1340 00040206 		.ascii	"\000\004\002\006\010\014\012\016\020\024\022\026\030"
 401      080C0A0E 
 401      10141216 
 401      18
 402 134d 1C1A1E01 		.ascii	"\034\032\036\001\005\003\007\011\015\013\017\021\025"
ARM GAS  /tmp/ccpjd61u.s 			page 28


 402      05030709 
 402      0D0B0F11 
 402      15
 403 135a 1317191D 		.ascii	"\023\027\031\035\033\037\000\004\001\005\010\014\011"
 403      1B1F0004 
 403      0105080C 
 403      09
 404 1367 0D101411 		.ascii	"\015\020\024\021\025\030\034\031\035\002\006\003\007"
 404      15181C19 
 404      1D020603 
 404      07
 405 1374 0A0E0B0F 		.ascii	"\012\016\013\017\022\026\023\027\032\036\033\037\000"
 405      12161317 
 405      1A1E1B1F 
 405      00
 406 1381 08040C02 		.ascii	"\010\004\014\002\012\006\016\020\030\024\034\022\032"
 406      0A060E10 
 406      18141C12 
 406      1A
 407 138e 161E0109 		.ascii	"\026\036\001\011\005\015\003\013\007\017\021\031\025"
 407      050D030B 
 407      070F1119 
 407      15
 408 139b 1D131B17 		.ascii	"\035\023\033\027\037\000\010\004\014\001\011\005\015"
 408      1F000804 
 408      0C010905 
 408      0D
 409 13a8 1018141C 		.ascii	"\020\030\024\034\021\031\025\035\002\012\006\016\003"
 409      1119151D 
 409      020A060E 
 409      03
 410 13b5 0B070F12 		.ascii	"\013\007\017\022\032\026\036\023\033\027\037\000\004"
 410      1A161E13 
 410      1B171F00 
 410      04
 411 13c2 080C0206 		.ascii	"\010\014\002\006\012\016\020\024\030\034\022\026\032"
 411      0A0E1014 
 411      181C1216 
 411      1A
 412 13cf 1E010509 		.ascii	"\036\001\005\011\015\003\007\013\017\021\025\031\035"
 412      0D03070B 
 412      0F111519 
 412      1D
 413 13dc 13171B1F 		.ascii	"\023\027\033\037\000\004\010\014\001\005\011\015\020"
 413      0004080C 
 413      0105090D 
 413      10
 414 13e9 14181C11 		.ascii	"\024\030\034\021\025\031\035\002\006\012\016\003\007"
 414      15191D02 
 414      060A0E03 
 414      07
 415 13f6 0B0F1216 		.ascii	"\013\017\022\026\032\036\023\027\033\037\000\001\010"
 415      1A1E1317 
 415      1B1F0001 
 415      08
 416 1403 0904050C 		.ascii	"\011\004\005\014\015\002\003\012\013\006\007\016\017"
 416      0D02030A 
ARM GAS  /tmp/ccpjd61u.s 			page 29


 416      0B06070E 
 416      0F
 417 1410 10111819 		.ascii	"\020\021\030\031\024\025\034\035\022\023\032\033\026"
 417      14151C1D 
 417      12131A1B 
 417      16
 418 141d 171E1F00 		.ascii	"\027\036\037\000\002\010\012\004\006\014\016\001\003"
 418      02080A04 
 418      060C0E01 
 418      03
 419 142a 090B0507 		.ascii	"\011\013\005\007\015\017\020\022\030\032\024\026\034"
 419      0D0F1012 
 419      181A1416 
 419      1C
 420 1437 1E111319 		.ascii	"\036\021\023\031\033\025\027\035\037\000\001\004\005"
 420      1B15171D 
 420      1F000104 
 420      05
 421 1444 08090C0D 		.ascii	"\010\011\014\015\002\003\006\007\012\013\016\017\020"
 421      02030607 
 421      0A0B0E0F 
 421      10
 422 1451 11141518 		.ascii	"\021\024\025\030\031\034\035\022\023\026\027\032\033"
 422      191C1D12 
 422      1316171A 
 422      1B
 423 145e 1E1F0002 		.ascii	"\036\037\000\002\004\006\010\012\014\016\001\003\005"
 423      0406080A 
 423      0C0E0103 
 423      05
 424 146b 07090B0D 		.ascii	"\007\011\013\015\017\020\022\024\026\030\032\034\036"
 424      0F101214 
 424      16181A1C 
 424      1E
 425 1478 11131517 		.ascii	"\021\023\025\027\031\033\035\037\000\001\010\011\002"
 425      191B1D1F 
 425      00010809 
 425      02
 426 1485 030A0B04 		.ascii	"\003\012\013\004\005\014\015\006\007\016\017\020\021"
 426      050C0D06 
 426      070E0F10 
 426      11
 427 1492 18191213 		.ascii	"\030\031\022\023\032\033\024\025\034\035\026\027\036"
 427      1A1B1415 
 427      1C1D1617 
 427      1E
 428 149f 1F000208 		.ascii	"\037\000\002\010\012\001\003\011\013\004\006\014\016"
 428      0A010309 
 428      0B04060C 
 428      0E
 429 14ac 05070D0F 		.ascii	"\005\007\015\017\020\022\030\032\021\023\031\033\024"
 429      1012181A 
 429      1113191B 
 429      14
 430 14b9 161C1E15 		.ascii	"\026\034\036\025\027\035\037\000\001\004\005\002\003"
 430      171D1F00 
 430      01040502 
ARM GAS  /tmp/ccpjd61u.s 			page 30


 430      03
 431 14c6 06070809 		.ascii	"\006\007\010\011\014\015\012\013\016\017\020\021\024"
 431      0C0D0A0B 
 431      0E0F1011 
 431      14
 432 14d3 15121316 		.ascii	"\025\022\023\026\027\030\031\034\035\032\033\036\037"
 432      1718191C 
 432      1D1A1B1E 
 432      1F
 433 14e0 00020406 		.ascii	"\000\002\004\006\001\003\005\007\010\012\014\016\011"
 433      01030507 
 433      080A0C0E 
 433      09
 434 14ed 0B0D0F10 		.ascii	"\013\015\017\020\022\024\026\021\023\025\027\030\032"
 434      12141611 
 434      13151718 
 434      1A
 435 14fa 1C1E191B 		.ascii	"\034\036\031\033\035\037\000\001\020\021\004\005\024"
 435      1D1F0001 
 435      10110405 
 435      14
 436 1507 15020312 		.ascii	"\025\002\003\022\023\006\007\026\027\010\011\030\031"
 436      13060716 
 436      17080918 
 436      19
 437 1514 0C0D1C1D 		.ascii	"\014\015\034\035\012\013\032\033\016\017\036\037\000"
 437      0A0B1A1B 
 437      0E0F1E1F 
 437      00
 438 1521 02101204 		.ascii	"\002\020\022\004\006\024\026\001\003\021\023\005\007"
 438      06141601 
 438      03111305 
 438      07
 439 152e 1517080A 		.ascii	"\025\027\010\012\030\032\014\016\034\036\011\013\031"
 439      181A0C0E 
 439      1C1E090B 
 439      19
 440 153b 1B0D0F1D 		.ascii	"\033\015\017\035\037\000\001\020\021\010\011\030\031"
 440      1F000110 
 440      11080918 
 440      19
 441 1548 02031213 		.ascii	"\002\003\022\023\012\013\032\033\004\005\024\025\014"
 441      0A0B1A1B 
 441      04051415 
 441      0C
 442 1555 0D1C1D06 		.ascii	"\015\034\035\006\007\026\027\016\017\036\037\000\002"
 442      0716170E 
 442      0F1E1F00 
 442      02
 443 1562 1012080A 		.ascii	"\020\022\010\012\030\032\001\003\021\023\011\013\031"
 443      181A0103 
 443      1113090B 
 443      19
 444 156f 1B040614 		.ascii	"\033\004\006\024\026\014\016\034\036\005\007\025\027"
 444      160C0E1C 
 444      1E050715 
 444      17
ARM GAS  /tmp/ccpjd61u.s 			page 31


 445 157c 0D0F1D1F 		.ascii	"\015\017\035\037\000\001\020\021\002\003\022\023\004"
 445      00011011 
 445      02031213 
 445      04
 446 1589 05141506 		.ascii	"\005\024\025\006\007\026\027\010\011\030\031\012\013"
 446      07161708 
 446      0918190A 
 446      0B
 447 1596 1A1B0C0D 		.ascii	"\032\033\014\015\034\035\016\017\036\037\000\002\020"
 447      1C1D0E0F 
 447      1E1F0002 
 447      10
 448 15a3 12010311 		.ascii	"\022\001\003\021\023\004\006\024\026\005\007\025\027"
 448      13040614 
 448      16050715 
 448      17
 449 15b0 080A181A 		.ascii	"\010\012\030\032\011\013\031\033\014\016\034\036\015"
 449      090B191B 
 449      0C0E1C1E 
 449      0D
 450 15bd 0F1D1F00 		.ascii	"\017\035\037\000\001\020\021\002\003\022\023\010\011"
 450      01101102 
 450      03121308 
 450      09
 451 15ca 18190A0B 		.ascii	"\030\031\012\013\032\033\004\005\024\025\006\007\026"
 451      1A1B0405 
 451      14150607 
 451      16
 452 15d7 170C0D1C 		.ascii	"\027\014\015\034\035\016\017\036\037\000\002\020\022"
 452      1D0E0F1E 
 452      1F000210 
 452      12
 453 15e4 01031113 		.ascii	"\001\003\021\023\010\012\030\032\011\013\031\033\004"
 453      080A181A 
 453      090B191B 
 453      04
 454 15f1 06141605 		.ascii	"\006\024\026\005\007\025\027\014\016\034\036\015\017"
 454      0715170C 
 454      0E1C1E0D 
 454      0F
 455 15fe 1D1F0010 		.ascii	"\035\037\000\020\010\030\004\024\014\034\002\022\012"
 455      08180414 
 455      0C1C0212 
 455      0A
 456 160b 1A06160E 		.ascii	"\032\006\026\016\036\001\021\011\031\005\025\015\035"
 456      1E011109 
 456      1905150D 
 456      1D
 457 1618 03130B1B 		.ascii	"\003\023\013\033\007\027\017\037\000\020\010\030\004"
 457      07170F1F 
 457      00100818 
 457      04
 458 1625 140C1C01 		.ascii	"\024\014\034\001\021\011\031\005\025\015\035\002\022"
 458      11091905 
 458      150D1D02 
 458      12
 459 1632 0A1A0616 		.ascii	"\012\032\006\026\016\036\003\023\013\033\007\027\017"
ARM GAS  /tmp/ccpjd61u.s 			page 32


 459      0E1E0313 
 459      0B1B0717 
 459      0F
 460 163f 1F001004 		.ascii	"\037\000\020\004\024\010\030\014\034\002\022\006\026"
 460      1408180C 
 460      1C021206 
 460      16
 461 164c 0A1A0E1E 		.ascii	"\012\032\016\036\001\021\005\025\011\031\015\035\003"
 461      01110515 
 461      09190D1D 
 461      03
 462 1659 1307170B 		.ascii	"\023\007\027\013\033\017\037\000\020\004\024\010\030"
 462      1B0F1F00 
 462      10041408 
 462      18
 463 1666 0C1C0111 		.ascii	"\014\034\001\021\005\025\011\031\015\035\002\022\006"
 463      05150919 
 463      0D1D0212 
 463      06
 464 1673 160A1A0E 		.ascii	"\026\012\032\016\036\003\023\007\027\013\033\017\037"
 464      1E031307 
 464      170B1B0F 
 464      1F
 465 1680 00100818 		.ascii	"\000\020\010\030\002\022\012\032\004\024\014\034\006"
 465      02120A1A 
 465      04140C1C 
 465      06
 466 168d 160E1E01 		.ascii	"\026\016\036\001\021\011\031\003\023\013\033\005\025"
 466      11091903 
 466      130B1B05 
 466      15
 467 169a 0D1D0717 		.ascii	"\015\035\007\027\017\037\000\020\010\030\001\021\011"
 467      0F1F0010 
 467      08180111 
 467      09
 468 16a7 1904140C 		.ascii	"\031\004\024\014\034\005\025\015\035\002\022\012\032"
 468      1C05150D 
 468      1D02120A 
 468      1A
 469 16b4 03130B1B 		.ascii	"\003\023\013\033\006\026\016\036\007\027\017\037\000"
 469      06160E1E 
 469      07170F1F 
 469      00
 470 16c1 10041402 		.ascii	"\020\004\024\002\022\006\026\010\030\014\034\012\032"
 470      12061608 
 470      180C1C0A 
 470      1A
 471 16ce 0E1E0111 		.ascii	"\016\036\001\021\005\025\003\023\007\027\011\031\015"
 471      05150313 
 471      07170919 
 471      0D
 472 16db 1D0B1B0F 		.ascii	"\035\013\033\017\037\000\020\004\024\001\021\005\025"
 472      1F001004 
 472      14011105 
 472      15
 473 16e8 08180C1C 		.ascii	"\010\030\014\034\011\031\015\035\002\022\006\026\003"
 473      09190D1D 
ARM GAS  /tmp/ccpjd61u.s 			page 33


 473      02120616 
 473      03
 474 16f5 1307170A 		.ascii	"\023\007\027\012\032\016\036\013\033\017\037\000\010"
 474      1A0E1E0B 
 474      1B0F1F00 
 474      08
 475 1702 1018040C 		.ascii	"\020\030\004\014\024\034\002\012\022\032\006\016\026"
 475      141C020A 
 475      121A060E 
 475      16
 476 170f 1E010911 		.ascii	"\036\001\011\021\031\005\015\025\035\003\013\023\033"
 476      19050D15 
 476      1D030B13 
 476      1B
 477 171c 070F171F 		.ascii	"\007\017\027\037\000\010\020\030\004\014\024\034\001"
 477      00081018 
 477      040C141C 
 477      01
 478 1729 09111905 		.ascii	"\011\021\031\005\015\025\035\002\012\022\032\006\016"
 478      0D151D02 
 478      0A121A06 
 478      0E
 479 1736 161E030B 		.ascii	"\026\036\003\013\023\033\007\017\027\037\000\004\020"
 479      131B070F 
 479      171F0004 
 479      10
 480 1743 14080C18 		.ascii	"\024\010\014\030\034\002\006\022\026\012\016\032\036"
 480      1C020612 
 480      160A0E1A 
 480      1E
 481 1750 01051115 		.ascii	"\001\005\021\025\011\015\031\035\003\007\023\027\013"
 481      090D191D 
 481      03071317 
 481      0B
 482 175d 0F1B1F00 		.ascii	"\017\033\037\000\004\020\024\010\014\030\034\001\005"
 482      04101408 
 482      0C181C01 
 482      05
 483 176a 1115090D 		.ascii	"\021\025\011\015\031\035\002\006\022\026\012\016\032"
 483      191D0206 
 483      12160A0E 
 483      1A
 484 1777 1E030713 		.ascii	"\036\003\007\023\027\013\017\033\037\000\010\020\030"
 484      170B0F1B 
 484      1F000810 
 484      18
 485 1784 020A121A 		.ascii	"\002\012\022\032\004\014\024\034\006\016\026\036\001"
 485      040C141C 
 485      060E161E 
 485      01
 486 1791 09111903 		.ascii	"\011\021\031\003\013\023\033\005\015\025\035\007\017"
 486      0B131B05 
 486      0D151D07 
 486      0F
 487 179e 171F0008 		.ascii	"\027\037\000\010\020\030\001\011\021\031\004\014\024"
 487      10180109 
 487      1119040C 
ARM GAS  /tmp/ccpjd61u.s 			page 34


 487      14
 488 17ab 1C050D15 		.ascii	"\034\005\015\025\035\002\012\022\032\003\013\023\033"
 488      1D020A12 
 488      1A030B13 
 488      1B
 489 17b8 060E161E 		.ascii	"\006\016\026\036\007\017\027\037\000\004\020\024\002"
 489      070F171F 
 489      00041014 
 489      02
 490 17c5 06121608 		.ascii	"\006\022\026\010\014\030\034\012\016\032\036"
 490      0C181C0A 
 490      0E1A1E
 491 17d0 01051115 		.ascii	"\001\005\021\025\003\007\023\027\011\015\031\035\013"
 491      03071317 
 491      090D191D 
 491      0B
 492 17dd 0F1B1F00 		.ascii	"\017\033\037\000\004\020\024\001\005\021\025\010\014"
 492      04101401 
 492      05111508 
 492      0C
 493 17ea 181C090D 		.ascii	"\030\034\011\015\031\035\002\006\022\026\003\007\023"
 493      191D0206 
 493      12160307 
 493      13
 494 17f7 170A0E1A 		.ascii	"\027\012\016\032\036\013\017\033\037\000\004\002\006"
 494      1E0B0F1B 
 494      1F000402 
 494      06
 495 1804 01050307 		.ascii	"\001\005\003\007\010\014\012\016\011\015\013\017\020"
 495      080C0A0E 
 495      090D0B0F 
 495      10
 496 1811 14121611 		.ascii	"\024\022\026\021\025\023\027\030\034\032\036\031\035"
 496      15131718 
 496      1C1A1E19 
 496      1D
 497 181e 1B1F0004 		.ascii	"\033\037\000\004\001\005\002\006\003\007\010\014\011"
 497      01050206 
 497      0307080C 
 497      09
 498 182b 0D0A0E0B 		.ascii	"\015\012\016\013\017\020\024\021\025\022\026\023\027"
 498      0F101411 
 498      15121613 
 498      17
 499 1838 181C191D 		.ascii	"\030\034\031\035\032\036\033\037\000\010\002\012\001"
 499      1A1E1B1F 
 499      0008020A 
 499      01
 500 1845 09030B04 		.ascii	"\011\003\013\004\014\006\016\005\015\007\017\020\030"
 500      0C060E05 
 500      0D070F10 
 500      18
 501 1852 121A1119 		.ascii	"\022\032\021\031\023\033\024\034\026\036\025\035\027"
 501      131B141C 
 501      161E151D 
 501      17
 502 185f 1F000801 		.ascii	"\037\000\010\001\011\002\012\003\013\004\014\005\015"
ARM GAS  /tmp/ccpjd61u.s 			page 35


 502      09020A03 
 502      0B040C05 
 502      0D
 503 186c 060E070F 		.ascii	"\006\016\007\017\020\030\021\031\022\032\023\033\024"
 503      10181119 
 503      121A131B 
 503      14
 504 1879 1C151D16 		.ascii	"\034\025\035\026\036\027\037\000\002\004\006\001\003"
 504      1E171F00 
 504      02040601 
 504      03
 505 1886 0507080A 		.ascii	"\005\007\010\012\014\016\011\013\015\017\020\022\024"
 505      0C0E090B 
 505      0D0F1012 
 505      14
 506 1893 16111315 		.ascii	"\026\021\023\025\027\030\032\034\036\031\033\035\037"
 506      17181A1C 
 506      1E191B1D 
 506      1F
 507 18a0 00010405 		.ascii	"\000\001\004\005\002\003\006\007\010\011\014\015\012"
 507      02030607 
 507      08090C0D 
 507      0A
 508 18ad 0B0E0F10 		.ascii	"\013\016\017\020\021\024\025\022\023\026\027\030\031"
 508      11141512 
 508      13161718 
 508      19
 509 18ba 1C1D1A1B 		.ascii	"\034\035\032\033\036\037\000\002\010\012\001\003\011"
 509      1E1F0002 
 509      080A0103 
 509      09
 510 18c7 0B04060C 		.ascii	"\013\004\006\014\016\005\007\015\017\020\022\030\032"
 510      0E05070D 
 510      0F101218 
 510      1A
 511 18d4 1113191B 		.ascii	"\021\023\031\033\024\026\034\036\025\027\035\037\000"
 511      14161C1E 
 511      15171D1F 
 511      00
 512 18e1 01080902 		.ascii	"\001\010\011\002\003\012\013\004\005\014\015\006\007"
 512      030A0B04 
 512      050C0D06 
 512      07
 513 18ee 0E0F1011 		.ascii	"\016\017\020\021\030\031\022\023\032\033\024\025\034"
 513      18191213 
 513      1A1B1415 
 513      1C
 514 18fb 1D16171E 		.ascii	"\035\026\027\036\037\000\004\002\006\001\005\003\007"
 514      1F000402 
 514      06010503 
 514      07
 515 1908 10141216 		.ascii	"\020\024\022\026\021\025\023\027\010\014\012\016\011"
 515      11151317 
 515      080C0A0E 
 515      09
 516 1915 0D0B0F18 		.ascii	"\015\013\017\030\034\032\036\031\035\033\037\000\004"
 516      1C1A1E19 
ARM GAS  /tmp/ccpjd61u.s 			page 36


 516      1D1B1F00 
 516      04
 517 1922 01050206 		.ascii	"\001\005\002\006\003\007\020\024\021\025\022\026\023"
 517      03071014 
 517      11151216 
 517      13
 518 192f 17080C09 		.ascii	"\027\010\014\011\015\012\016\013\017\030\034\031\035"
 518      0D0A0E0B 
 518      0F181C19 
 518      1D
 519 193c 1A1E1B1F 		.ascii	"\032\036\033\037\000\010\002\012\001\011\003\013\020"
 519      0008020A 
 519      0109030B 
 519      10
 520 1949 18121A11 		.ascii	"\030\022\032\021\031\023\033\004\014\006\016\005\015"
 520      19131B04 
 520      0C060E05 
 520      0D
 521 1956 070F141C 		.ascii	"\007\017\024\034\026\036\025\035\027\037\000\010\001"
 521      161E151D 
 521      171F0008 
 521      01
 522 1963 09020A03 		.ascii	"\011\002\012\003\013\020\030\021\031\022\032\023\033"
 522      0B101811 
 522      19121A13 
 522      1B
 523 1970 040C050D 		.ascii	"\004\014\005\015\006\016\007\017\024\034\025\035\026"
 523      060E070F 
 523      141C151D 
 523      16
 524 197d 1E171F00 		.ascii	"\036\027\037\000\002\004\006\001\003\005\007\020\022"
 524      02040601 
 524      03050710 
 524      12
 525 198a 14161113 		.ascii	"\024\026\021\023\025\027\010\012\014\016\011\013\015"
 525      1517080A 
 525      0C0E090B 
 525      0D
 526 1997 0F181A1C 		.ascii	"\017\030\032\034\036\031\033\035\037\000\001\004\005"
 526      1E191B1D 
 526      1F000104 
 526      05
 527 19a4 02030607 		.ascii	"\002\003\006\007\020\021\024\025\022\023\026\027\010"
 527      10111415 
 527      12131617 
 527      08
 528 19b1 090C0D0A 		.ascii	"\011\014\015\012\013\016\017\030\031\034\035\032\033"
 528      0B0E0F18 
 528      191C1D1A 
 528      1B
 529 19be 1E1F0002 		.ascii	"\036\037\000\002\010\012\001\003\011\013\020\022\030"
 529      080A0103 
 529      090B1012 
 529      18
 530 19cb 1A111319 		.ascii	"\032\021\023\031\033\004\006\014\016\005\007\015\017"
 530      1B04060C 
 530      0E05070D 
ARM GAS  /tmp/ccpjd61u.s 			page 37


 530      0F
 531 19d8 14161C1E 		.ascii	"\024\026\034\036\025\027\035\037\000\001\010\011\002"
 531      15171D1F 
 531      00010809 
 531      02
 532 19e5 030A0B10 		.ascii	"\003\012\013\020\021\030\031\022\023\032\033\004\005"
 532      11181912 
 532      131A1B04 
 532      05
 533 19f2 0C0D0607 		.ascii	"\014\015\006\007\016\017\024\025\034\035\026\027\036"
 533      0E0F1415 
 533      1C1D1617 
 533      1E
 534 19ff 1F000402 		.ascii	"\037\000\004\002\006\020\024\022\026\010\014\012\016"
 534      06101412 
 534      16080C0A 
 534      0E
 535 1a0c 181C1A1E 		.ascii	"\030\034\032\036\001\005\003\007\021\025\023\027\011"
 535      01050307 
 535      11151317 
 535      09
 536 1a19 0D0B0F19 		.ascii	"\015\013\017\031\035\033\037\000\004\001\005\020\024"
 536      1D1B1F00 
 536      04010510 
 536      14
 537 1a26 1115080C 		.ascii	"\021\025\010\014\011\015\030\034\031\035\002\006\003"
 537      090D181C 
 537      191D0206 
 537      03
 538 1a33 07121613 		.ascii	"\007\022\026\023\027\012\016\013\017\032\036\033\037"
 538      170A0E0B 
 538      0F1A1E1B 
 538      1F
 539 1a40 0008020A 		.ascii	"\000\010\002\012\020\030\022\032\004\014\006\016\024"
 539      1018121A 
 539      040C060E 
 539      14
 540 1a4d 1C161E01 		.ascii	"\034\026\036\001\011\003\013\021\031\023\033\005\015"
 540      09030B11 
 540      19131B05 
 540      0D
 541 1a5a 070F151D 		.ascii	"\007\017\025\035\027\037\000\010\001\011\020\030\021"
 541      171F0008 
 541      01091018 
 541      11
 542 1a67 19040C05 		.ascii	"\031\004\014\005\015\024\034\025\035\002\012\003\013"
 542      0D141C15 
 542      1D020A03 
 542      0B
 543 1a74 121A131B 		.ascii	"\022\032\023\033\006\016\007\017\026\036\027\037\000"
 543      060E070F 
 543      161E171F 
 543      00
 544 1a81 02040610 		.ascii	"\002\004\006\020\022\024\026\010\012\014\016\030\032"
 544      12141608 
 544      0A0C0E18 
 544      1A
ARM GAS  /tmp/ccpjd61u.s 			page 38


 545 1a8e 1C1E0103 		.ascii	"\034\036\001\003\005\007\021\023\025\027\011\013\015"
 545      05071113 
 545      1517090B 
 545      0D
 546 1a9b 0F191B1D 		.ascii	"\017\031\033\035\037\000\001\004\005\020\021\024\025"
 546      1F000104 
 546      05101114 
 546      15
 547 1aa8 08090C0D 		.ascii	"\010\011\014\015\030\031\034\035\002\003\006\007\022"
 547      18191C1D 
 547      02030607 
 547      12
 548 1ab5 1316170A 		.ascii	"\023\026\027\012\013\016\017\032\033\036\037\000\002"
 548      0B0E0F1A 
 548      1B1E1F00 
 548      02
 549 1ac2 080A1012 		.ascii	"\010\012\020\022\030\032\004\006\014\016\024\026\034"
 549      181A0406 
 549      0C0E1416 
 549      1C
 550 1acf 1E010309 		.ascii	"\036\001\003\011\013\021\023\031\033\005\007\015\017"
 550      0B111319 
 550      1B05070D 
 550      0F
 551 1adc 15171D1F 		.ascii	"\025\027\035\037\000\001\010\011\020\021\030\031\004"
 551      00010809 
 551      10111819 
 551      04
 552 1ae9 050C0D14 		.ascii	"\005\014\015\024\025\034\035\002\003\012\013\022\023"
 552      151C1D02 
 552      030A0B12 
 552      13
 553 1af6 1A1B0607 		.ascii	"\032\033\006\007\016\017\026\027\036\037\000\004\002"
 553      0E0F1617 
 553      1E1F0004 
 553      02
 554 1b03 06080C0A 		.ascii	"\006\010\014\012\016\020\024\022\026\030\034\032\036"
 554      0E101412 
 554      16181C1A 
 554      1E
 555 1b10 01050307 		.ascii	"\001\005\003\007\011\015\013\017\021\025\023\027\031"
 555      090D0B0F 
 555      11151317 
 555      19
 556 1b1d 1D1B1F00 		.ascii	"\035\033\037\000\004\001\005\010\014\011\015\020\024"
 556      04010508 
 556      0C090D10 
 556      14
 557 1b2a 1115181C 		.ascii	"\021\025\030\034\031\035\002\006\003\007\012\016\013"
 557      191D0206 
 557      03070A0E 
 557      0B
 558 1b37 0F121613 		.ascii	"\017\022\026\023\027\032\036\033\037\000\010\002\012"
 558      171A1E1B 
 558      1F000802 
 558      0A
 559 1b44 040C060E 		.ascii	"\004\014\006\016\020\030\022\032\024\034\026\036\001"
ARM GAS  /tmp/ccpjd61u.s 			page 39


 559      1018121A 
 559      141C161E 
 559      01
 560 1b51 09030B05 		.ascii	"\011\003\013\005\015\007\017\021\031\023\033\025\035"
 560      0D070F11 
 560      19131B15 
 560      1D
 561 1b5e 171F0008 		.ascii	"\027\037\000\010\001\011\004\014\005\015\020\030\021"
 561      0109040C 
 561      050D1018 
 561      11
 562 1b6b 19141C15 		.ascii	"\031\024\034\025\035\002\012\003\013\006\016\007\017"
 562      1D020A03 
 562      0B060E07 
 562      0F
 563 1b78 121A131B 		.ascii	"\022\032\023\033\026\036\027\037\000\002\004\006\010"
 563      161E171F 
 563      00020406 
 563      08
 564 1b85 0A0C0E10 		.ascii	"\012\014\016\020\022\024\026\030\032\034\036\001\003"
 564      12141618 
 564      1A1C1E01 
 564      03
 565 1b92 0507090B 		.ascii	"\005\007\011\013\015\017\021\023\025\027\031\033\035"
 565      0D0F1113 
 565      1517191B 
 565      1D
 566 1b9f 1F000104 		.ascii	"\037\000\001\004\005\010\011\014\015\020\021\024\025"
 566      0508090C 
 566      0D101114 
 566      15
 567 1bac 18191C1D 		.ascii	"\030\031\034\035\002\003\006\007\012\013\016\017\022"
 567      02030607 
 567      0A0B0E0F 
 567      12
 568 1bb9 1316171A 		.ascii	"\023\026\027\032\033\036\037\000\002\010\012\004\006"
 568      1B1E1F00 
 568      02080A04 
 568      06
 569 1bc6 0C0E1012 		.ascii	"\014\016\020\022\030\032\024\026\034\036\001\003\011"
 569      181A1416 
 569      1C1E0103 
 569      09
 570 1bd3 0B05070D 		.ascii	"\013\005\007\015\017\021\023\031\033\025\027\035\037"
 570      0F111319 
 570      1B15171D 
 570      1F
 571 1be0 00010809 		.ascii	"\000\001\010\011\004\005\014\015\020\021\030\031\024"
 571      04050C0D 
 571      10111819 
 571      14
 572 1bed 151C1D02 		.ascii	"\025\034\035\002\003\012\013\006\007\016\017\022\023"
 572      030A0B06 
 572      070E0F12 
 572      13
 573 1bfa 1A1B1617 		.ascii	"\032\033\026\027\036\037\000\004\010\014\001\005\011"
 573      1E1F0004 
ARM GAS  /tmp/ccpjd61u.s 			page 40


 573      080C0105 
 573      09
 574 1c07 0D02060A 		.ascii	"\015\002\006\012\016\003\007\013\017\020\024\030\034"
 574      0E03070B 
 574      0F101418 
 574      1C
 575 1c14 1115191D 		.ascii	"\021\025\031\035\022\026\032\036\023\027\033\037\000"
 575      12161A1E 
 575      13171B1F 
 575      00
 576 1c21 04080C02 		.ascii	"\004\010\014\002\006\012\016\001\005\011\015\003\007"
 576      060A0E01 
 576      05090D03 
 576      07
 577 1c2e 0B0F1014 		.ascii	"\013\017\020\024\030\034\022\026\032\036\021\025\031"
 577      181C1216 
 577      1A1E1115 
 577      19
 578 1c3b 1D13171B 		.ascii	"\035\023\027\033\037\000\010\004\014\001\011\005\015"
 578      1F000804 
 578      0C010905 
 578      0D
 579 1c48 020A060E 		.ascii	"\002\012\006\016\003\013\007\017\020\030\024\034\021"
 579      030B070F 
 579      1018141C 
 579      11
 580 1c55 19151D12 		.ascii	"\031\025\035\022\032\026\036\023\033\027\037\000\010"
 580      1A161E13 
 580      1B171F00 
 580      08
 581 1c62 040C020A 		.ascii	"\004\014\002\012\006\016\001\011\005\015\003\013\007"
 581      060E0109 
 581      050D030B 
 581      07
 582 1c6f 0F101814 		.ascii	"\017\020\030\024\034\022\032\026\036\021\031\025\035"
 582      1C121A16 
 582      1E111915 
 582      1D
 583 1c7c 131B171F 		.ascii	"\023\033\027\037\000\002\010\012\001\003\011\013\004"
 583      0002080A 
 583      0103090B 
 583      04
 584 1c89 060C0E05 		.ascii	"\006\014\016\005\007\015\017\020\022\030\032\021\023"
 584      070D0F10 
 584      12181A11 
 584      13
 585 1c96 191B1416 		.ascii	"\031\033\024\026\034\036\025\027\035\037\000\001\010"
 585      1C1E1517 
 585      1D1F0001 
 585      08
 586 1ca3 0902030A 		.ascii	"\011\002\003\012\013\004\005\014\015\006\007\016\017"
 586      0B04050C 
 586      0D06070E 
 586      0F
 587 1cb0 10111819 		.ascii	"\020\021\030\031\022\023\032\033\024\025\034\035\026"
 587      12131A1B 
 587      14151C1D 
ARM GAS  /tmp/ccpjd61u.s 			page 41


 587      16
 588 1cbd 171E1F00 		.ascii	"\027\036\037\000\002\004\006\001\003\005\007\010\012"
 588      02040601 
 588      03050708 
 588      0A
 589 1cca 0C0E090B 		.ascii	"\014\016\011\013\015\017\020\022\024\026\021\023\025"
 589      0D0F1012 
 589      14161113 
 589      15
 590 1cd7 17181A1C 		.ascii	"\027\030\032\034\036\031\033\035\037\000\001\004\005"
 590      1E191B1D 
 590      1F000104 
 590      05
 591 1ce4 02030607 		.ascii	"\002\003\006\007\010\011\014\015\012\013\016\017\020"
 591      08090C0D 
 591      0A0B0E0F 
 591      10
 592 1cf1 11141512 		.ascii	"\021\024\025\022\023\026\027\030\031\034\035\032\033"
 592      13161718 
 592      191C1D1A 
 592      1B
 593 1cfe 1E1F0004 		.ascii	"\036\037\000\004\020\024\001\005\021\025\002\006\022"
 593      10140105 
 593      11150206 
 593      12
 594 1d0b 16030713 		.ascii	"\026\003\007\023\027\010\014\030\034\011\015\031\035"
 594      17080C18 
 594      1C090D19 
 594      1D
 595 1d18 0A0E1A1E 		.ascii	"\012\016\032\036\013\017\033\037\000\004\020\024\002"
 595      0B0F1B1F 
 595      00041014 
 595      02
 596 1d25 06121601 		.ascii	"\006\022\026\001\005\021\025\003\007\023\027\010\014"
 596      05111503 
 596      07131708 
 596      0C
 597 1d32 181C0A0E 		.ascii	"\030\034\012\016\032\036\011\015\031\035\013\017\033"
 597      1A1E090D 
 597      191D0B0F 
 597      1B
 598 1d3f 1F000810 		.ascii	"\037\000\010\020\030\001\011\021\031\002\012\022\032"
 598      18010911 
 598      19020A12 
 598      1A
 599 1d4c 030B131B 		.ascii	"\003\013\023\033\004\014\024\034\005\015\025\035\006"
 599      040C141C 
 599      050D151D 
 599      06
 600 1d59 0E161E07 		.ascii	"\016\026\036\007\017\027\037\000\010\020\030\002\012"
 600      0F171F00 
 600      08101802 
 600      0A
 601 1d66 121A0109 		.ascii	"\022\032\001\011\021\031\003\013\023\033\004\014\024"
 601      1119030B 
 601      131B040C 
 601      14
ARM GAS  /tmp/ccpjd61u.s 			page 42


 602 1d73 1C060E16 		.ascii	"\034\006\016\026\036\005\015\025\035\007\017\027\037"
 602      1E050D15 
 602      1D070F17 
 602      1F
 603 1d80 00021012 		.ascii	"\000\002\020\022\001\003\021\023\004\006\024\026\005"
 603      01031113 
 603      04061416 
 603      05
 604 1d8d 07151708 		.ascii	"\007\025\027\010\012\030\032\011\013\031\033\014\016"
 604      0A181A09 
 604      0B191B0C 
 604      0E
 605 1d9a 1C1E0D0F 		.ascii	"\034\036\015\017\035\037\000\001\020\021\002\003\022"
 605      1D1F0001 
 605      10110203 
 605      12
 606 1da7 13040514 		.ascii	"\023\004\005\024\025\006\007\026\027\010\011\030\031"
 606      15060716 
 606      17080918 
 606      19
 607 1db4 0A0B1A1B 		.ascii	"\012\013\032\033\014\015\034\035\016\017\036\037\000"
 607      0C0D1C1D 
 607      0E0F1E1F 
 607      00
 608 1dc1 02101201 		.ascii	"\002\020\022\001\003\021\023\010\012\030\032\011\013"
 608      03111308 
 608      0A181A09 
 608      0B
 609 1dce 191B0406 		.ascii	"\031\033\004\006\024\026\005\007\025\027\014\016\034"
 609      14160507 
 609      15170C0E 
 609      1C
 610 1ddb 1E0D0F1D 		.ascii	"\036\015\017\035\037\000\001\020\021\002\003\022\023"
 610      1F000110 
 610      11020312 
 610      13
 611 1de8 08091819 		.ascii	"\010\011\030\031\012\013\032\033\004\005\024\025\006"
 611      0A0B1A1B 
 611      04051415 
 611      06
 612 1df5 0716170C 		.ascii	"\007\026\027\014\015\034\035\016\017\036\037\000\004"
 612      0D1C1D0E 
 612      0F1E1F00 
 612      04
 613 1e02 080C1014 		.ascii	"\010\014\020\024\030\034\002\006\012\016\022\026\032"
 613      181C0206 
 613      0A0E1216 
 613      1A
 614 1e0f 1E010509 		.ascii	"\036\001\005\011\015\021\025\031\035\003\007\013\017"
 614      0D111519 
 614      1D03070B 
 614      0F
 615 1e1c 13171B1F 		.ascii	"\023\027\033\037\000\004\010\014\020\024\030\034\001"
 615      0004080C 
 615      1014181C 
 615      01
 616 1e29 05090D11 		.ascii	"\005\011\015\021\025\031\035\002\006\012\016\022\026"
ARM GAS  /tmp/ccpjd61u.s 			page 43


 616      15191D02 
 616      060A0E12 
 616      16
 617 1e36 1A1E0307 		.ascii	"\032\036\003\007\013\017\023\027\033\037\000\010\004"
 617      0B0F1317 
 617      1B1F0008 
 617      04
 618 1e43 0C101814 		.ascii	"\014\020\030\024\034\002\012\006\016\022\032\026\036"
 618      1C020A06 
 618      0E121A16 
 618      1E
 619 1e50 0109050D 		.ascii	"\001\011\005\015\021\031\025\035\003\013\007\017\023"
 619      1119151D 
 619      030B070F 
 619      13
 620 1e5d 1B171F00 		.ascii	"\033\027\037\000\010\004\014\020\030\024\034\001\011"
 620      08040C10 
 620      18141C01 
 620      09
 621 1e6a 050D1119 		.ascii	"\005\015\021\031\025\035\002\012\006\016\022\032\026"
 621      151D020A 
 621      060E121A 
 621      16
 622 1e77 1E030B07 		.ascii	"\036\003\013\007\017\023\033\027\037\000\002\010\012"
 622      0F131B17 
 622      1F000208 
 622      0A
 623 1e84 1012181A 		.ascii	"\020\022\030\032\004\006\014\016\024\026\034\036\001"
 623      04060C0E 
 623      14161C1E 
 623      01
 624 1e91 03090B11 		.ascii	"\003\011\013\021\023\031\033\005\007\015\017\025\027"
 624      13191B05 
 624      070D0F15 
 624      17
 625 1e9e 1D1F0001 		.ascii	"\035\037\000\001\010\011\020\021\030\031\004\005\014"
 625      08091011 
 625      18190405 
 625      0C
 626 1eab 0D14151C 		.ascii	"\015\024\025\034\035\002\003\012\013\022\023\032\033"
 626      1D02030A 
 626      0B12131A 
 626      1B
 627 1eb8 06070E0F 		.ascii	"\006\007\016\017\026\027\036\037\000\002\004\006\020"
 627      16171E1F 
 627      00020406 
 627      10
 628 1ec5 12141608 		.ascii	"\022\024\026\010\012\014\016\030\032\034\036\001\003"
 628      0A0C0E18 
 628      1A1C1E01 
 628      03
 629 1ed2 05071113 		.ascii	"\005\007\021\023\025\027\011\013\015\017\031\033\035"
 629      1517090B 
 629      0D0F191B 
 629      1D
 630 1edf 1F000104 		.ascii	"\037\000\001\004\005\020\021\024\025\010\011\014\015"
 630      05101114 
ARM GAS  /tmp/ccpjd61u.s 			page 44


 630      1508090C 
 630      0D
 631 1eec 18191C1D 		.ascii	"\030\031\034\035\002\003\006\007\022\023\026\027\012"
 631      02030607 
 631      12131617 
 631      0A
 632 1ef9 0B0E0F1A 		.ascii	"\013\016\017\032\033\036\037\000\004\020\024\010\014"
 632      1B1E1F00 
 632      04101408 
 632      0C
 633 1f06 181C0206 		.ascii	"\030\034\002\006\022\026\012\016\032\036\001\005\021"
 633      12160A0E 
 633      1A1E0105 
 633      11
 634 1f13 15090D19 		.ascii	"\025\011\015\031\035\003\007\023\027\013\017\033\037"
 634      1D030713 
 634      170B0F1B 
 634      1F
 635 1f20 00041014 		.ascii	"\000\004\020\024\010\014\030\034\001\005\021\025\011"
 635      080C181C 
 635      01051115 
 635      09
 636 1f2d 0D191D02 		.ascii	"\015\031\035\002\006\022\026\012\016\032\036\003\007"
 636      0612160A 
 636      0E1A1E03 
 636      07
 637 1f3a 13170B0F 		.ascii	"\023\027\013\017\033\037\000\010\020\030\004\014\024"
 637      1B1F0008 
 637      1018040C 
 637      14
 638 1f47 1C020A12 		.ascii	"\034\002\012\022\032\006\016\026\036\001\011\021\031"
 638      1A060E16 
 638      1E010911 
 638      19
 639 1f54 050D151D 		.ascii	"\005\015\025\035\003\013\023\033\007\017\027\037\000"
 639      030B131B 
 639      070F171F 
 639      00
 640 1f61 08101804 		.ascii	"\010\020\030\004\014\024\034\001\011\021\031\005\015"
 640      0C141C01 
 640      09111905 
 640      0D
 641 1f6e 151D020A 		.ascii	"\025\035\002\012\022\032\006\016\026\036\003\013\023"
 641      121A060E 
 641      161E030B 
 641      13
 642 1f7b 1B070F17 		.ascii	"\033\007\017\027\037\000\002\020\022\010\012\030\032"
 642      1F000210 
 642      12080A18 
 642      1A
 643 1f88 04061416 		.ascii	"\004\006\024\026\014\016\034\036\001\003\021\023\011"
 643      0C0E1C1E 
 643      01031113 
 643      09
 644 1f95 0B191B05 		.ascii	"\013\031\033\005\007\025\027\015\017\035\037"
 644      0715170D 
 644      0F1D1F
ARM GAS  /tmp/ccpjd61u.s 			page 45


 645 1fa0 00011011 		.ascii	"\000\001\020\021\010\011\030\031\004\005\024\025\014"
 645      08091819 
 645      04051415 
 645      0C
 646 1fad 0D1C1D02 		.ascii	"\015\034\035\002\003\022\023\012\013\032\033\006\007"
 646      0312130A 
 646      0B1A1B06 
 646      07
 647 1fba 16170E0F 		.ascii	"\026\027\016\017\036\037\000\002\020\022\004\006\024"
 647      1E1F0002 
 647      10120406 
 647      14
 648 1fc7 16080A18 		.ascii	"\026\010\012\030\032\014\016\034\036\001\003\021\023"
 648      1A0C0E1C 
 648      1E010311 
 648      13
 649 1fd4 05071517 		.ascii	"\005\007\025\027\011\013\031\033\015\017\035\037\000"
 649      090B191B 
 649      0D0F1D1F 
 649      00
 650 1fe1 01101104 		.ascii	"\001\020\021\004\005\024\025\010\011\030\031\014\015"
 650      05141508 
 650      0918190C 
 650      0D
 651 1fee 1C1D0203 		.ascii	"\034\035\002\003\022\023\006\007\026\027\012\013\032"
 651      12130607 
 651      16170A0B 
 651      1A
 652 1ffb 1B0E0F1E 		.ascii	"\033\016\017\036\037"
 652      1F
 653              		.text
 654              	.Letext0:
 655              		.file 1 "/usr/lib/gcc/arm-none-eabi/9.2.1/include/stdint.h"
 656              		.file 2 "src/codec/perm5.c"
ARM GAS  /tmp/ccpjd61u.s 			page 46


DEFINED SYMBOLS
                            *ABS*:0000000000000000 perm5.c
     /tmp/ccpjd61u.s:20     .rodata:0000000000000000 perm5_lut
     /tmp/ccpjd61u.s:17     .rodata:0000000000000000 $d

NO UNDEFINED SYMBOLS
